stress-ng: info:  [9523] setting to a 1 min, 0 secs run per stressor
stress-ng: info:  [9523] dispatching hogs: 8 cpu, 2 vm
stress-ng: warn:  [9523] WARNING! using HPET clocksource (refer to /sys/devices/system/clocksource/clocksource0), this may impact benchmarking performance
NVIDIA GeForce RTX 3070 Laptop GPU, 53, 2 %, 0 MiB
stress-ng: info:  [9523] skipped: 0
stress-ng: info:  [9523] passed: 10: cpu (8) vm (2)
stress-ng: info:  [9523] failed: 0
stress-ng: info:  [9523] metrics untrustworthy: 0
stress-ng: info:  [9523] successful run completed in 1 min, 0.17 secs
stress-ng: info:  [10339] setting to a 1 min, 0 secs run per stressor
stress-ng: info:  [10339] dispatching hogs: 8 cpu, 2 vm
stress-ng: warn:  [10339] WARNING! using HPET clocksource (refer to /sys/devices/system/clocksource/clocksource0), this may impact benchmarking performance
NVIDIA GeForce RTX 3070 Laptop GPU, 54, 0 %, 0 MiB
stress-ng: info:  [10339] skipped: 0
stress-ng: info:  [10339] passed: 10: cpu (8) vm (2)
stress-ng: info:  [10339] failed: 0
stress-ng: info:  [10339] metrics untrustworthy: 0
stress-ng: info:  [10339] successful run completed in 1 min, 0.01 secs
stress-ng: info:  [11220] setting to a 1 min, 0 secs run per stressor
stress-ng: info:  [11220] dispatching hogs: 8 cpu, 2 vm
stress-ng: warn:  [11220] WARNING! using HPET clocksource (refer to /sys/devices/system/clocksource/clocksource0), this may impact benchmarking performance
NVIDIA GeForce RTX 3070 Laptop GPU, 54, 2 %, 0 MiB
stress-ng: info:  [11220] skipped: 0
stress-ng: info:  [11220] passed: 10: cpu (8) vm (2)
stress-ng: info:  [11220] failed: 0
stress-ng: info:  [11220] metrics untrustworthy: 0
stress-ng: info:  [11220] successful run completed in 1 min, 0.16 secs
stress-ng: info:  [11982] setting to a 1 min, 0 secs run per stressor
stress-ng: info:  [11982] dispatching hogs: 8 cpu, 2 vm
stress-ng: warn:  [11982] WARNING! using HPET clocksource (refer to /sys/devices/system/clocksource/clocksource0), this may impact benchmarking performance
NVIDIA GeForce RTX 3070 Laptop GPU, 55, 3 %, 0 MiB
stress-ng: info:  [11982] skipped: 0
stress-ng: info:  [11982] passed: 10: cpu (8) vm (2)
stress-ng: info:  [11982] failed: 0
stress-ng: info:  [11982] metrics untrustworthy: 0
stress-ng: info:  [11982] successful run completed in 1 min, 0.08 secs
stress-ng: info:  [12742] setting to a 1 min, 0 secs run per stressor
stress-ng: info:  [12742] dispatching hogs: 8 cpu, 2 vm
stress-ng: warn:  [12742] WARNING! using HPET clocksource (refer to /sys/devices/system/clocksource/clocksource0), this may impact benchmarking performance
NVIDIA GeForce RTX 3070 Laptop GPU, 55, 0 %, 0 MiB
stress-ng: info:  [12742] skipped: 0
stress-ng: info:  [12742] passed: 10: cpu (8) vm (2)
stress-ng: info:  [12742] failed: 0
stress-ng: info:  [12742] metrics untrustworthy: 0
stress-ng: info:  [12742] successful run completed in 1 min, 0.18 secs
stress-ng: info:  [13512] setting to a 1 min, 0 secs run per stressor
stress-ng: info:  [13512] dispatching hogs: 8 cpu, 2 vm
stress-ng: warn:  [13512] WARNING! using HPET clocksource (refer to /sys/devices/system/clocksource/clocksource0), this may impact benchmarking performance
NVIDIA GeForce RTX 3070 Laptop GPU, 56, 2 %, 0 MiB
stress-ng: info:  [13512] skipped: 0
stress-ng: info:  [13512] passed: 10: cpu (8) vm (2)
stress-ng: info:  [13512] failed: 0
stress-ng: info:  [13512] metrics untrustworthy: 0
stress-ng: info:  [13512] successful run completed in 1 min, 0.22 secs
stress-ng: info:  [14257] setting to a 1 min, 0 secs run per stressor
stress-ng: info:  [14257] dispatching hogs: 8 cpu, 2 vm
stress-ng: warn:  [14257] WARNING! using HPET clocksource (refer to /sys/devices/system/clocksource/clocksource0), this may impact benchmarking performance
NVIDIA GeForce RTX 3070 Laptop GPU, 53, 3 %, 0 MiB
stress-ng: info:  [14257] skipped: 0
stress-ng: info:  [14257] passed: 10: cpu (8) vm (2)
stress-ng: info:  [14257] failed: 0
stress-ng: info:  [14257] metrics untrustworthy: 0
stress-ng: info:  [14257] successful run completed in 1 min, 0.17 secs
stress-ng: info:  [15666] setting to a 1 min, 0 secs run per stressor
stress-ng: info:  [15666] dispatching hogs: 8 cpu, 2 vm
stress-ng: warn:  [15666] WARNING! using HPET clocksource (refer to /sys/devices/system/clocksource/clocksource0), this may impact benchmarking performance
NVIDIA GeForce RTX 3070 Laptop GPU, 56, 1 %, 0 MiB
stress-ng: info:  [15666] skipped: 0
stress-ng: info:  [15666] passed: 10: cpu (8) vm (2)
stress-ng: info:  [15666] failed: 0
stress-ng: info:  [15666] metrics untrustworthy: 0
stress-ng: info:  [15666] successful run completed in 1 min, 1.50 secs
stress-ng: info:  [16903] setting to a 1 min, 0 secs run per stressor
stress-ng: info:  [16903] dispatching hogs: 8 cpu, 2 vm
stress-ng: warn:  [16903] WARNING! using HPET clocksource (refer to /sys/devices/system/clocksource/clocksource0), this may impact benchmarking performance
NVIDIA GeForce RTX 3070 Laptop GPU, 56, 2 %, 0 MiB
stress-ng: info:  [16903] skipped: 0
stress-ng: info:  [16903] passed: 10: cpu (8) vm (2)
stress-ng: info:  [16903] failed: 0
stress-ng: info:  [16903] metrics untrustworthy: 0
stress-ng: info:  [16903] successful run completed in 1 min, 0.06 secs
stress-ng: info:  [18034] setting to a 1 min, 0 secs run per stressor
stress-ng: info:  [18034] dispatching hogs: 8 cpu, 2 vm
stress-ng: warn:  [18034] WARNING! using HPET clocksource (refer to /sys/devices/system/clocksource/clocksource0), this may impact benchmarking performance
NVIDIA GeForce RTX 3070 Laptop GPU, 52, 2 %, 0 MiB
stress-ng: info:  [18034] skipped: 0
stress-ng: info:  [18034] passed: 10: cpu (8) vm (2)
stress-ng: info:  [18034] failed: 0
stress-ng: info:  [18034] metrics untrustworthy: 0
stress-ng: info:  [18034] successful run completed in 1 min, 0.63 secs
stress-ng: info:  [19162] setting to a 1 min, 0 secs run per stressor
stress-ng: info:  [19162] dispatching hogs: 8 cpu, 2 vm
stress-ng: warn:  [19162] WARNING! using HPET clocksource (refer to /sys/devices/system/clocksource/clocksource0), this may impact benchmarking performance
NVIDIA GeForce RTX 3070 Laptop GPU, 55, 3 %, 0 MiB
stress-ng: info:  [19162] skipped: 0
stress-ng: info:  [19162] passed: 10: cpu (8) vm (2)
stress-ng: info:  [19162] failed: 0
stress-ng: info:  [19162] metrics untrustworthy: 0
stress-ng: info:  [19162] successful run completed in 1 min, 0.28 secs
stress-ng: info:  [20944] setting to a 1 min, 0 secs run per stressor
stress-ng: info:  [20944] dispatching hogs: 8 cpu, 2 vm
stress-ng: warn:  [20944] WARNING! using HPET clocksource (refer to /sys/devices/system/clocksource/clocksource0), this may impact benchmarking performance
NVIDIA GeForce RTX 3070 Laptop GPU, 56, 2 %, 0 MiB
stress-ng: info:  [20944] skipped: 0
stress-ng: info:  [20944] passed: 10: cpu (8) vm (2)
stress-ng: info:  [20944] failed: 0
stress-ng: info:  [20944] metrics untrustworthy: 0
stress-ng: info:  [20944] successful run completed in 1 min, 0.01 secs
stress-ng: info:  [22891] setting to a 1 min, 0 secs run per stressor
stress-ng: info:  [22891] dispatching hogs: 8 cpu, 2 vm
stress-ng: warn:  [22891] WARNING! using HPET clocksource (refer to /sys/devices/system/clocksource/clocksource0), this may impact benchmarking performance
NVIDIA GeForce RTX 3070 Laptop GPU, 58, 2 %, 0 MiB
stress-ng: info:  [22891] skipped: 0
stress-ng: info:  [22891] passed: 10: cpu (8) vm (2)
stress-ng: info:  [22891] failed: 0
stress-ng: info:  [22891] metrics untrustworthy: 0
stress-ng: info:  [22891] successful run completed in 1 min, 0.65 secs
stress-ng: info:  [24351] setting to a 1 min, 0 secs run per stressor
stress-ng: info:  [24351] dispatching hogs: 8 cpu, 2 vm
stress-ng: warn:  [24351] WARNING! using HPET clocksource (refer to /sys/devices/system/clocksource/clocksource0), this may impact benchmarking performance
NVIDIA GeForce RTX 3070 Laptop GPU, 53, 0 %, 0 MiB
stress-ng: info:  [24351] skipped: 0
stress-ng: info:  [24351] passed: 10: cpu (8) vm (2)
stress-ng: info:  [24351] failed: 0
stress-ng: info:  [24351] metrics untrustworthy: 0
stress-ng: info:  [24351] successful run completed in 1 min, 0.43 secs
stress-ng: info:  [32832] setting to a 1 min, 0 secs run per stressor
stress-ng: info:  [32832] dispatching hogs: 8 cpu, 2 vm
stress-ng: warn:  [32832] WARNING! using HPET clocksource (refer to /sys/devices/system/clocksource/clocksource0), this may impact benchmarking performance
NVIDIA GeForce RTX 3070 Laptop GPU, 57, 0 %, 0 MiB
stress-ng: info:  [32832] skipped: 0
stress-ng: info:  [32832] passed: 10: cpu (8) vm (2)
stress-ng: info:  [32832] failed: 0
stress-ng: info:  [32832] metrics untrustworthy: 0
stress-ng: info:  [32832] successful run completed in 1 min, 0.45 secs
stress-ng: info:  [34347] setting to a 1 min, 0 secs run per stressor
stress-ng: info:  [34347] dispatching hogs: 8 cpu, 2 vm
stress-ng: warn:  [34347] WARNING! using HPET clocksource (refer to /sys/devices/system/clocksource/clocksource0), this may impact benchmarking performance
NVIDIA GeForce RTX 3070 Laptop GPU, 53, 0 %, 0 MiB
stress-ng: info:  [34347] skipped: 0
stress-ng: info:  [34347] passed: 10: cpu (8) vm (2)
stress-ng: info:  [34347] failed: 0
stress-ng: info:  [34347] metrics untrustworthy: 0
stress-ng: info:  [34347] successful run completed in 1 min, 0.01 secs
stress-ng: info:  [36208] setting to a 1 min, 0 secs run per stressor
stress-ng: info:  [36208] dispatching hogs: 8 cpu, 2 vm
stress-ng: warn:  [36208] WARNING! using HPET clocksource (refer to /sys/devices/system/clocksource/clocksource0), this may impact benchmarking performance
NVIDIA GeForce RTX 3070 Laptop GPU, 55, 2 %, 0 MiB
stress-ng: info:  [36208] skipped: 0
stress-ng: info:  [36208] passed: 10: cpu (8) vm (2)
stress-ng: info:  [36208] failed: 0
stress-ng: info:  [36208] metrics untrustworthy: 0
stress-ng: info:  [36208] successful run completed in 1 min, 0.25 secs
stress-ng: info:  [38102] setting to a 1 min, 0 secs run per stressor
stress-ng: info:  [38102] dispatching hogs: 8 cpu, 2 vm
stress-ng: warn:  [38102] WARNING! using HPET clocksource (refer to /sys/devices/system/clocksource/clocksource0), this may impact benchmarking performance
NVIDIA GeForce RTX 3070 Laptop GPU, 58, 2 %, 0 MiB
stress-ng: info:  [38102] skipped: 0
stress-ng: info:  [38102] passed: 10: cpu (8) vm (2)
stress-ng: info:  [38102] failed: 0
stress-ng: info:  [38102] metrics untrustworthy: 0
stress-ng: info:  [38102] successful run completed in 1 min, 0.49 secs
stress-ng: info:  [40418] setting to a 1 min, 0 secs run per stressor
stress-ng: info:  [40418] dispatching hogs: 8 cpu, 2 vm
stress-ng: warn:  [40418] WARNING! using HPET clocksource (refer to /sys/devices/system/clocksource/clocksource0), this may impact benchmarking performance
NVIDIA GeForce RTX 3070 Laptop GPU, 57, 2 %, 0 MiB
stress-ng: info:  [40418] skipped: 0
stress-ng: info:  [40418] passed: 10: cpu (8) vm (2)
stress-ng: info:  [40418] failed: 0
stress-ng: info:  [40418] metrics untrustworthy: 0
stress-ng: info:  [40418] successful run completed in 1 min, 0.01 secs
stress-ng: info:  [42002] setting to a 1 min, 0 secs run per stressor
stress-ng: info:  [42002] dispatching hogs: 8 cpu, 2 vm
stress-ng: warn:  [42002] WARNING! using HPET clocksource (refer to /sys/devices/system/clocksource/clocksource0), this may impact benchmarking performance
NVIDIA GeForce RTX 3070 Laptop GPU, 53, 2 %, 0 MiB
stress-ng: info:  [42002] skipped: 0
stress-ng: info:  [42002] passed: 10: cpu (8) vm (2)
stress-ng: info:  [42002] failed: 0
stress-ng: info:  [42002] metrics untrustworthy: 0
stress-ng: info:  [42002] successful run completed in 1 min, 0.01 secs
stress-ng: info:  [43936] setting to a 1 min, 0 secs run per stressor
stress-ng: info:  [43936] dispatching hogs: 8 cpu, 2 vm
stress-ng: warn:  [43936] WARNING! using HPET clocksource (refer to /sys/devices/system/clocksource/clocksource0), this may impact benchmarking performance
NVIDIA GeForce RTX 3070 Laptop GPU, 58, 2 %, 0 MiB
stress-ng: info:  [43936] skipped: 0
stress-ng: info:  [43936] passed: 10: cpu (8) vm (2)
stress-ng: info:  [43936] failed: 0
stress-ng: info:  [43936] metrics untrustworthy: 0
stress-ng: info:  [43936] successful run completed in 1 min, 0.05 secs
stress-ng: info:  [48433] setting to a 1 min, 0 secs run per stressor
stress-ng: info:  [48433] dispatching hogs: 8 cpu, 2 vm
stress-ng: warn:  [48433] WARNING! using HPET clocksource (refer to /sys/devices/system/clocksource/clocksource0), this may impact benchmarking performance
NVIDIA GeForce RTX 3070 Laptop GPU, 61, 3 %, 0 MiB
stress-ng: info:  [48433] skipped: 0
stress-ng: info:  [48433] passed: 10: cpu (8) vm (2)
stress-ng: info:  [48433] failed: 0
stress-ng: info:  [48433] metrics untrustworthy: 0
stress-ng: info:  [48433] successful run completed in 1 min, 0.01 secs
stress-ng: info:  [51636] setting to a 1 min, 0 secs run per stressor
stress-ng: info:  [51636] dispatching hogs: 8 cpu, 2 vm
stress-ng: warn:  [51636] WARNING! using HPET clocksource (refer to /sys/devices/system/clocksource/clocksource0), this may impact benchmarking performance
NVIDIA GeForce RTX 3070 Laptop GPU, 62, 2 %, 0 MiB
stress-ng: info:  [51636] skipped: 0
stress-ng: info:  [51636] passed: 10: cpu (8) vm (2)
stress-ng: info:  [51636] failed: 0
stress-ng: info:  [51636] metrics untrustworthy: 0
stress-ng: info:  [51636] successful run completed in 1 min, 0.20 secs
stress-ng: info:  [55958] setting to a 1 min, 0 secs run per stressor
stress-ng: info:  [55958] dispatching hogs: 8 cpu, 2 vm
stress-ng: warn:  [55958] WARNING! using HPET clocksource (refer to /sys/devices/system/clocksource/clocksource0), this may impact benchmarking performance
NVIDIA GeForce RTX 3070 Laptop GPU, 62, 3 %, 0 MiB
stress-ng: info:  [55958] skipped: 0
stress-ng: info:  [55958] passed: 10: cpu (8) vm (2)
stress-ng: info:  [55958] failed: 0
stress-ng: info:  [55958] metrics untrustworthy: 0
stress-ng: info:  [55958] successful run completed in 1 min, 0.65 secs
stress-ng: info:  [59297] setting to a 1 min, 0 secs run per stressor
stress-ng: info:  [59297] dispatching hogs: 8 cpu, 2 vm
stress-ng: warn:  [59297] WARNING! using HPET clocksource (refer to /sys/devices/system/clocksource/clocksource0), this may impact benchmarking performance
NVIDIA GeForce RTX 3070 Laptop GPU, 62, 2 %, 0 MiB
stress-ng: info:  [59297] skipped: 0
stress-ng: info:  [59297] passed: 10: cpu (8) vm (2)
stress-ng: info:  [59297] failed: 0
stress-ng: info:  [59297] metrics untrustworthy: 0
stress-ng: info:  [59297] successful run completed in 1 min, 0.12 secs
stress-ng: info:  [62793] setting to a 1 min, 0 secs run per stressor
stress-ng: info:  [62793] dispatching hogs: 8 cpu, 2 vm
stress-ng: warn:  [62793] WARNING! using HPET clocksource (refer to /sys/devices/system/clocksource/clocksource0), this may impact benchmarking performance
NVIDIA GeForce RTX 3070 Laptop GPU, 62, 2 %, 0 MiB
stress-ng: info:  [62793] skipped: 0
stress-ng: info:  [62793] passed: 10: cpu (8) vm (2)
stress-ng: info:  [62793] failed: 0
stress-ng: info:  [62793] metrics untrustworthy: 0
stress-ng: info:  [62793] successful run completed in 1 min, 0.08 secs
stress-ng: info:  [66208] setting to a 1 min, 0 secs run per stressor
stress-ng: info:  [66208] dispatching hogs: 8 cpu, 2 vm
stress-ng: warn:  [66208] WARNING! using HPET clocksource (refer to /sys/devices/system/clocksource/clocksource0), this may impact benchmarking performance
NVIDIA GeForce RTX 3070 Laptop GPU, 62, 2 %, 0 MiB
stress-ng: info:  [66208] skipped: 0
stress-ng: info:  [66208] passed: 10: cpu (8) vm (2)
stress-ng: info:  [66208] failed: 0
stress-ng: info:  [66208] metrics untrustworthy: 0
stress-ng: info:  [66208] successful run completed in 1 min, 0.67 secs
stress-ng: info:  [69054] setting to a 1 min, 0 secs run per stressor
stress-ng: info:  [69054] dispatching hogs: 8 cpu, 2 vm
stress-ng: warn:  [69054] WARNING! using HPET clocksource (refer to /sys/devices/system/clocksource/clocksource0), this may impact benchmarking performance
NVIDIA GeForce RTX 3070 Laptop GPU, 57, 3 %, 0 MiB
stress-ng: info:  [69054] skipped: 0
stress-ng: info:  [69054] passed: 10: cpu (8) vm (2)
stress-ng: info:  [69054] failed: 0
stress-ng: info:  [69054] metrics untrustworthy: 0
stress-ng: info:  [69054] successful run completed in 1 min, 0.01 secs
stress-ng: info:  [70696] setting to a 1 min, 0 secs run per stressor
stress-ng: info:  [70696] dispatching hogs: 8 cpu, 2 vm
stress-ng: warn:  [70696] WARNING! using HPET clocksource (refer to /sys/devices/system/clocksource/clocksource0), this may impact benchmarking performance
NVIDIA GeForce RTX 3070 Laptop GPU, 54, 2 %, 0 MiB
stress-ng: info:  [70696] skipped: 0
stress-ng: info:  [70696] passed: 10: cpu (8) vm (2)
stress-ng: info:  [70696] failed: 0
stress-ng: info:  [70696] metrics untrustworthy: 0
stress-ng: info:  [70696] successful run completed in 1 min, 0.60 secs
stress-ng: info:  [72347] setting to a 1 min, 0 secs run per stressor
stress-ng: info:  [72347] dispatching hogs: 8 cpu, 2 vm
stress-ng: warn:  [72347] WARNING! using HPET clocksource (refer to /sys/devices/system/clocksource/clocksource0), this may impact benchmarking performance
NVIDIA GeForce RTX 3070 Laptop GPU, 56, 2 %, 0 MiB
stress-ng: info:  [72347] skipped: 0
stress-ng: info:  [72347] passed: 10: cpu (8) vm (2)
stress-ng: info:  [72347] failed: 0
stress-ng: info:  [72347] metrics untrustworthy: 0
stress-ng: info:  [72347] successful run completed in 1 min, 0.04 secs
stress-ng: info:  [73983] setting to a 1 min, 0 secs run per stressor
stress-ng: info:  [73983] dispatching hogs: 8 cpu, 2 vm
stress-ng: warn:  [73983] WARNING! using HPET clocksource (refer to /sys/devices/system/clocksource/clocksource0), this may impact benchmarking performance
NVIDIA GeForce RTX 3070 Laptop GPU, 53, 2 %, 0 MiB
stress-ng: info:  [73983] skipped: 0
stress-ng: info:  [73983] passed: 10: cpu (8) vm (2)
stress-ng: info:  [73983] failed: 0
stress-ng: info:  [73983] metrics untrustworthy: 0
stress-ng: info:  [73983] successful run completed in 1 min, 0.05 secs
stress-ng: info:  [75621] setting to a 1 min, 0 secs run per stressor
stress-ng: info:  [75621] dispatching hogs: 8 cpu, 2 vm
stress-ng: warn:  [75621] WARNING! using HPET clocksource (refer to /sys/devices/system/clocksource/clocksource0), this may impact benchmarking performance
NVIDIA GeForce RTX 3070 Laptop GPU, 56, 2 %, 0 MiB
stress-ng: info:  [75621] skipped: 0
stress-ng: info:  [75621] passed: 10: cpu (8) vm (2)
stress-ng: info:  [75621] failed: 0
stress-ng: info:  [75621] metrics untrustworthy: 0
stress-ng: info:  [75621] successful run completed in 1 min, 0.07 secs
stress-ng: info:  [77252] setting to a 1 min, 0 secs run per stressor
stress-ng: info:  [77252] dispatching hogs: 8 cpu, 2 vm
stress-ng: warn:  [77252] WARNING! using HPET clocksource (refer to /sys/devices/system/clocksource/clocksource0), this may impact benchmarking performance
NVIDIA GeForce RTX 3070 Laptop GPU, 56, 0 %, 0 MiB
stress-ng: info:  [77252] skipped: 0
stress-ng: info:  [77252] passed: 10: cpu (8) vm (2)
stress-ng: info:  [77252] failed: 0
stress-ng: info:  [77252] metrics untrustworthy: 0
stress-ng: info:  [77252] successful run completed in 1 min, 0.05 secs
stress-ng: info:  [78879] setting to a 1 min, 0 secs run per stressor
stress-ng: info:  [78879] dispatching hogs: 8 cpu, 2 vm
stress-ng: warn:  [78879] WARNING! using HPET clocksource (refer to /sys/devices/system/clocksource/clocksource0), this may impact benchmarking performance
NVIDIA GeForce RTX 3070 Laptop GPU, 57, 2 %, 0 MiB
stress-ng: info:  [78879] skipped: 0
stress-ng: info:  [78879] passed: 10: cpu (8) vm (2)
stress-ng: info:  [78879] failed: 0
stress-ng: info:  [78879] metrics untrustworthy: 0
stress-ng: info:  [78879] successful run completed in 1 min, 0.05 secs
stress-ng: info:  [80539] setting to a 1 min, 0 secs run per stressor
stress-ng: info:  [80539] dispatching hogs: 8 cpu, 2 vm
stress-ng: warn:  [80539] WARNING! using HPET clocksource (refer to /sys/devices/system/clocksource/clocksource0), this may impact benchmarking performance
NVIDIA GeForce RTX 3070 Laptop GPU, 53, 2 %, 0 MiB
stress-ng: info:  [80539] skipped: 0
stress-ng: info:  [80539] passed: 10: cpu (8) vm (2)
stress-ng: info:  [80539] failed: 0
stress-ng: info:  [80539] metrics untrustworthy: 0
stress-ng: info:  [80539] successful run completed in 1 min, 0.13 secs
stress-ng: info:  [82218] setting to a 1 min, 0 secs run per stressor
stress-ng: info:  [82218] dispatching hogs: 8 cpu, 2 vm
stress-ng: warn:  [82218] WARNING! using HPET clocksource (refer to /sys/devices/system/clocksource/clocksource0), this may impact benchmarking performance
NVIDIA GeForce RTX 3070 Laptop GPU, 56, 0 %, 0 MiB
stress-ng: info:  [82218] skipped: 0
stress-ng: info:  [82218] passed: 10: cpu (8) vm (2)
stress-ng: info:  [82218] failed: 0
stress-ng: info:  [82218] metrics untrustworthy: 0
stress-ng: info:  [82218] successful run completed in 1 min, 0.03 secs
stress-ng: info:  [83870] setting to a 1 min, 0 secs run per stressor
stress-ng: info:  [83870] dispatching hogs: 8 cpu, 2 vm
stress-ng: warn:  [83870] WARNING! using HPET clocksource (refer to /sys/devices/system/clocksource/clocksource0), this may impact benchmarking performance
NVIDIA GeForce RTX 3070 Laptop GPU, 57, 0 %, 0 MiB
stress-ng: info:  [83870] skipped: 0
stress-ng: info:  [83870] passed: 10: cpu (8) vm (2)
stress-ng: info:  [83870] failed: 0
stress-ng: info:  [83870] metrics untrustworthy: 0
stress-ng: info:  [83870] successful run completed in 1 min, 0.09 secs
stress-ng: info:  [85535] setting to a 1 min, 0 secs run per stressor
stress-ng: info:  [85535] dispatching hogs: 8 cpu, 2 vm
stress-ng: warn:  [85535] WARNING! using HPET clocksource (refer to /sys/devices/system/clocksource/clocksource0), this may impact benchmarking performance
NVIDIA GeForce RTX 3070 Laptop GPU, 53, 2 %, 0 MiB
stress-ng: info:  [85535] skipped: 0
stress-ng: info:  [85535] passed: 10: cpu (8) vm (2)
stress-ng: info:  [85535] failed: 0
stress-ng: info:  [85535] metrics untrustworthy: 0
stress-ng: info:  [85535] successful run completed in 1 min, 0.38 secs
stress-ng: info:  [87177] setting to a 1 min, 0 secs run per stressor
stress-ng: info:  [87177] dispatching hogs: 8 cpu, 2 vm
stress-ng: warn:  [87177] WARNING! using HPET clocksource (refer to /sys/devices/system/clocksource/clocksource0), this may impact benchmarking performance
NVIDIA GeForce RTX 3070 Laptop GPU, 55, 0 %, 0 MiB
stress-ng: info:  [87177] skipped: 0
stress-ng: info:  [87177] passed: 10: cpu (8) vm (2)
stress-ng: info:  [87177] failed: 0
stress-ng: info:  [87177] metrics untrustworthy: 0
stress-ng: info:  [87177] successful run completed in 1 min, 0.35 secs
stress-ng: info:  [88826] setting to a 1 min, 0 secs run per stressor
stress-ng: info:  [88826] dispatching hogs: 8 cpu, 2 vm
stress-ng: warn:  [88826] WARNING! using HPET clocksource (refer to /sys/devices/system/clocksource/clocksource0), this may impact benchmarking performance
NVIDIA GeForce RTX 3070 Laptop GPU, 56, 0 %, 0 MiB
stress-ng: info:  [88826] skipped: 0
stress-ng: info:  [88826] passed: 10: cpu (8) vm (2)
stress-ng: info:  [88826] failed: 0
stress-ng: info:  [88826] metrics untrustworthy: 0
stress-ng: info:  [88826] successful run completed in 1 min, 0.01 secs
stress-ng: info:  [90477] setting to a 1 min, 0 secs run per stressor
stress-ng: info:  [90477] dispatching hogs: 8 cpu, 2 vm
stress-ng: warn:  [90477] WARNING! using HPET clocksource (refer to /sys/devices/system/clocksource/clocksource0), this may impact benchmarking performance
NVIDIA GeForce RTX 3070 Laptop GPU, 57, 2 %, 0 MiB
stress-ng: info:  [90477] skipped: 0
stress-ng: info:  [90477] passed: 10: cpu (8) vm (2)
stress-ng: info:  [90477] failed: 0
stress-ng: info:  [90477] metrics untrustworthy: 0
stress-ng: info:  [90477] successful run completed in 1 min, 0.01 secs
stress-ng: info:  [92119] setting to a 1 min, 0 secs run per stressor
stress-ng: info:  [92119] dispatching hogs: 8 cpu, 2 vm
stress-ng: warn:  [92119] WARNING! using HPET clocksource (refer to /sys/devices/system/clocksource/clocksource0), this may impact benchmarking performance
NVIDIA GeForce RTX 3070 Laptop GPU, 53, 2 %, 0 MiB
stress-ng: info:  [92119] skipped: 0
stress-ng: info:  [92119] passed: 10: cpu (8) vm (2)
stress-ng: info:  [92119] failed: 0
stress-ng: info:  [92119] metrics untrustworthy: 0
stress-ng: info:  [92119] successful run completed in 1 min, 0.18 secs
stress-ng: info:  [93762] setting to a 1 min, 0 secs run per stressor
stress-ng: info:  [93762] dispatching hogs: 8 cpu, 2 vm
stress-ng: warn:  [93762] WARNING! using HPET clocksource (refer to /sys/devices/system/clocksource/clocksource0), this may impact benchmarking performance
NVIDIA GeForce RTX 3070 Laptop GPU, 56, 2 %, 0 MiB
stress-ng: info:  [93762] skipped: 0
stress-ng: info:  [93762] passed: 10: cpu (8) vm (2)
stress-ng: info:  [93762] failed: 0
stress-ng: info:  [93762] metrics untrustworthy: 0
stress-ng: info:  [93762] successful run completed in 1 min, 0.01 secs
stress-ng: info:  [95419] setting to a 1 min, 0 secs run per stressor
stress-ng: info:  [95419] dispatching hogs: 8 cpu, 2 vm
stress-ng: warn:  [95419] WARNING! using HPET clocksource (refer to /sys/devices/system/clocksource/clocksource0), this may impact benchmarking performance
NVIDIA GeForce RTX 3070 Laptop GPU, 56, 2 %, 0 MiB
stress-ng: info:  [95419] skipped: 0
stress-ng: info:  [95419] passed: 10: cpu (8) vm (2)
stress-ng: info:  [95419] failed: 0
stress-ng: info:  [95419] metrics untrustworthy: 0
stress-ng: info:  [95419] successful run completed in 1 min, 0.04 secs
stress-ng: info:  [97053] setting to a 1 min, 0 secs run per stressor
stress-ng: info:  [97053] dispatching hogs: 8 cpu, 2 vm
stress-ng: warn:  [97053] WARNING! using HPET clocksource (refer to /sys/devices/system/clocksource/clocksource0), this may impact benchmarking performance
NVIDIA GeForce RTX 3070 Laptop GPU, 52, 0 %, 0 MiB
stress-ng: info:  [97053] skipped: 0
stress-ng: info:  [97053] passed: 10: cpu (8) vm (2)
stress-ng: info:  [97053] failed: 0
stress-ng: info:  [97053] metrics untrustworthy: 0
stress-ng: info:  [97053] successful run completed in 1 min, 0.05 secs
stress-ng: info:  [98707] setting to a 1 min, 0 secs run per stressor
stress-ng: info:  [98707] dispatching hogs: 8 cpu, 2 vm
stress-ng: warn:  [98707] WARNING! using HPET clocksource (refer to /sys/devices/system/clocksource/clocksource0), this may impact benchmarking performance
NVIDIA GeForce RTX 3070 Laptop GPU, 55, 2 %, 0 MiB
stress-ng: info:  [98707] skipped: 0
stress-ng: info:  [98707] passed: 10: cpu (8) vm (2)
stress-ng: info:  [98707] failed: 0
stress-ng: info:  [98707] metrics untrustworthy: 0
stress-ng: info:  [98707] successful run completed in 1 min, 0.26 secs
stress-ng: info:  [100357] setting to a 1 min, 0 secs run per stressor
stress-ng: info:  [100357] dispatching hogs: 8 cpu, 2 vm
stress-ng: warn:  [100357] WARNING! using HPET clocksource (refer to /sys/devices/system/clocksource/clocksource0), this may impact benchmarking performance
NVIDIA GeForce RTX 3070 Laptop GPU, 56, 2 %, 0 MiB
stress-ng: info:  [100357] skipped: 0
stress-ng: info:  [100357] passed: 10: cpu (8) vm (2)
stress-ng: info:  [100357] failed: 0
stress-ng: info:  [100357] metrics untrustworthy: 0
stress-ng: info:  [100357] successful run completed in 1 min, 0.01 secs
stress-ng: info:  [102015] setting to a 1 min, 0 secs run per stressor
stress-ng: info:  [102015] dispatching hogs: 8 cpu, 2 vm
stress-ng: warn:  [102015] WARNING! using HPET clocksource (refer to /sys/devices/system/clocksource/clocksource0), this may impact benchmarking performance
NVIDIA GeForce RTX 3070 Laptop GPU, 53, 3 %, 0 MiB
stress-ng: info:  [102015] skipped: 0
stress-ng: info:  [102015] passed: 10: cpu (8) vm (2)
stress-ng: info:  [102015] failed: 0
stress-ng: info:  [102015] metrics untrustworthy: 0
stress-ng: info:  [102015] successful run completed in 1 min, 0.13 secs
stress-ng: info:  [103674] setting to a 1 min, 0 secs run per stressor
stress-ng: info:  [103674] dispatching hogs: 8 cpu, 2 vm
stress-ng: warn:  [103674] WARNING! using HPET clocksource (refer to /sys/devices/system/clocksource/clocksource0), this may impact benchmarking performance
NVIDIA GeForce RTX 3070 Laptop GPU, 55, 0 %, 0 MiB
stress-ng: info:  [103674] skipped: 0
stress-ng: info:  [103674] passed: 10: cpu (8) vm (2)
stress-ng: info:  [103674] failed: 0
stress-ng: info:  [103674] metrics untrustworthy: 0
stress-ng: info:  [103674] successful run completed in 1 min, 0.41 secs
stress-ng: info:  [105325] setting to a 1 min, 0 secs run per stressor
stress-ng: info:  [105325] dispatching hogs: 8 cpu, 2 vm
stress-ng: warn:  [105325] WARNING! using HPET clocksource (refer to /sys/devices/system/clocksource/clocksource0), this may impact benchmarking performance
NVIDIA GeForce RTX 3070 Laptop GPU, 56, 2 %, 0 MiB
stress-ng: info:  [105325] skipped: 0
stress-ng: info:  [105325] passed: 10: cpu (8) vm (2)
stress-ng: info:  [105325] failed: 0
stress-ng: info:  [105325] metrics untrustworthy: 0
stress-ng: info:  [105325] successful run completed in 1 min, 0.72 secs
stress-ng: info:  [106975] setting to a 1 min, 0 secs run per stressor
stress-ng: info:  [106975] dispatching hogs: 8 cpu, 2 vm
stress-ng: warn:  [106975] WARNING! using HPET clocksource (refer to /sys/devices/system/clocksource/clocksource0), this may impact benchmarking performance
NVIDIA GeForce RTX 3070 Laptop GPU, 53, 3 %, 0 MiB
stress-ng: info:  [106975] skipped: 0
stress-ng: info:  [106975] passed: 10: cpu (8) vm (2)
stress-ng: info:  [106975] failed: 0
stress-ng: info:  [106975] metrics untrustworthy: 0
stress-ng: info:  [106975] successful run completed in 1 min, 0.33 secs
stress-ng: info:  [108623] setting to a 1 min, 0 secs run per stressor
stress-ng: info:  [108623] dispatching hogs: 8 cpu, 2 vm
stress-ng: warn:  [108623] WARNING! using HPET clocksource (refer to /sys/devices/system/clocksource/clocksource0), this may impact benchmarking performance
NVIDIA GeForce RTX 3070 Laptop GPU, 55, 0 %, 0 MiB
stress-ng: info:  [108623] skipped: 0
stress-ng: info:  [108623] passed: 10: cpu (8) vm (2)
stress-ng: info:  [108623] failed: 0
stress-ng: info:  [108623] metrics untrustworthy: 0
stress-ng: info:  [108623] successful run completed in 1 min, 0.07 secs
stress-ng: info:  [110273] setting to a 1 min, 0 secs run per stressor
stress-ng: info:  [110273] dispatching hogs: 8 cpu, 2 vm
stress-ng: warn:  [110273] WARNING! using HPET clocksource (refer to /sys/devices/system/clocksource/clocksource0), this may impact benchmarking performance
NVIDIA GeForce RTX 3070 Laptop GPU, 56, 2 %, 0 MiB
stress-ng: info:  [110273] skipped: 0
stress-ng: info:  [110273] passed: 10: cpu (8) vm (2)
stress-ng: info:  [110273] failed: 0
stress-ng: info:  [110273] metrics untrustworthy: 0
stress-ng: info:  [110273] successful run completed in 1 min, 0.14 secs
stress-ng: info:  [111918] setting to a 1 min, 0 secs run per stressor
stress-ng: info:  [111918] dispatching hogs: 8 cpu, 2 vm
stress-ng: warn:  [111918] WARNING! using HPET clocksource (refer to /sys/devices/system/clocksource/clocksource0), this may impact benchmarking performance
NVIDIA GeForce RTX 3070 Laptop GPU, 53, 0 %, 0 MiB
stress-ng: info:  [111918] skipped: 0
stress-ng: info:  [111918] passed: 10: cpu (8) vm (2)
stress-ng: info:  [111918] failed: 0
stress-ng: info:  [111918] metrics untrustworthy: 0
stress-ng: info:  [111918] successful run completed in 1 min, 0.12 secs
stress-ng: info:  [113563] setting to a 1 min, 0 secs run per stressor
stress-ng: info:  [113563] dispatching hogs: 8 cpu, 2 vm
stress-ng: warn:  [113563] WARNING! using HPET clocksource (refer to /sys/devices/system/clocksource/clocksource0), this may impact benchmarking performance
NVIDIA GeForce RTX 3070 Laptop GPU, 55, 2 %, 0 MiB
stress-ng: info:  [113563] skipped: 0
stress-ng: info:  [113563] passed: 10: cpu (8) vm (2)
stress-ng: info:  [113563] failed: 0
stress-ng: info:  [113563] metrics untrustworthy: 0
stress-ng: info:  [113563] successful run completed in 1 min, 1.50 secs
stress-ng: info:  [115206] setting to a 1 min, 0 secs run per stressor
stress-ng: info:  [115206] dispatching hogs: 8 cpu, 2 vm
stress-ng: warn:  [115206] WARNING! using HPET clocksource (refer to /sys/devices/system/clocksource/clocksource0), this may impact benchmarking performance
NVIDIA GeForce RTX 3070 Laptop GPU, 56, 0 %, 0 MiB
stress-ng: info:  [115206] skipped: 0
stress-ng: info:  [115206] passed: 10: cpu (8) vm (2)
stress-ng: info:  [115206] failed: 0
stress-ng: info:  [115206] metrics untrustworthy: 0
stress-ng: info:  [115206] successful run completed in 1 min, 0.05 secs
stress-ng: info:  [116856] setting to a 1 min, 0 secs run per stressor
stress-ng: info:  [116856] dispatching hogs: 8 cpu, 2 vm
stress-ng: warn:  [116856] WARNING! using HPET clocksource (refer to /sys/devices/system/clocksource/clocksource0), this may impact benchmarking performance
NVIDIA GeForce RTX 3070 Laptop GPU, 52, 2 %, 0 MiB
stress-ng: info:  [116856] skipped: 0
stress-ng: info:  [116856] passed: 10: cpu (8) vm (2)
stress-ng: info:  [116856] failed: 0
stress-ng: info:  [116856] metrics untrustworthy: 0
stress-ng: info:  [116856] successful run completed in 1 min, 0.08 secs
stress-ng: info:  [118507] setting to a 1 min, 0 secs run per stressor
stress-ng: info:  [118507] dispatching hogs: 8 cpu, 2 vm
stress-ng: warn:  [118507] WARNING! using HPET clocksource (refer to /sys/devices/system/clocksource/clocksource0), this may impact benchmarking performance
NVIDIA GeForce RTX 3070 Laptop GPU, 55, 3 %, 0 MiB
stress-ng: info:  [118507] skipped: 0
stress-ng: info:  [118507] passed: 10: cpu (8) vm (2)
stress-ng: info:  [118507] failed: 0
stress-ng: info:  [118507] metrics untrustworthy: 0
stress-ng: info:  [118507] successful run completed in 1 min, 0.11 secs
stress-ng: info:  [120156] setting to a 1 min, 0 secs run per stressor
stress-ng: info:  [120156] dispatching hogs: 8 cpu, 2 vm
stress-ng: warn:  [120156] WARNING! using HPET clocksource (refer to /sys/devices/system/clocksource/clocksource0), this may impact benchmarking performance
NVIDIA GeForce RTX 3070 Laptop GPU, 56, 2 %, 0 MiB
stress-ng: info:  [120156] skipped: 0
stress-ng: info:  [120156] passed: 10: cpu (8) vm (2)
stress-ng: info:  [120156] failed: 0
stress-ng: info:  [120156] metrics untrustworthy: 0
stress-ng: info:  [120156] successful run completed in 1 min, 0.01 secs
stress-ng: info:  [121822] setting to a 1 min, 0 secs run per stressor
stress-ng: info:  [121822] dispatching hogs: 8 cpu, 2 vm
stress-ng: warn:  [121822] WARNING! using HPET clocksource (refer to /sys/devices/system/clocksource/clocksource0), this may impact benchmarking performance
NVIDIA GeForce RTX 3070 Laptop GPU, 53, 2 %, 0 MiB
stress-ng: info:  [121822] skipped: 0
stress-ng: info:  [121822] passed: 10: cpu (8) vm (2)
stress-ng: info:  [121822] failed: 0
stress-ng: info:  [121822] metrics untrustworthy: 0
stress-ng: info:  [121822] successful run completed in 1 min, 0.10 secs
stress-ng: info:  [123462] setting to a 1 min, 0 secs run per stressor
stress-ng: info:  [123462] dispatching hogs: 8 cpu, 2 vm
stress-ng: warn:  [123462] WARNING! using HPET clocksource (refer to /sys/devices/system/clocksource/clocksource0), this may impact benchmarking performance
NVIDIA GeForce RTX 3070 Laptop GPU, 55, 0 %, 0 MiB
stress-ng: info:  [123462] skipped: 0
stress-ng: info:  [123462] passed: 10: cpu (8) vm (2)
stress-ng: info:  [123462] failed: 0
stress-ng: info:  [123462] metrics untrustworthy: 0
stress-ng: info:  [123462] successful run completed in 1 min, 0.66 secs
stress-ng: info:  [125108] setting to a 1 min, 0 secs run per stressor
stress-ng: info:  [125108] dispatching hogs: 8 cpu, 2 vm
stress-ng: warn:  [125108] WARNING! using HPET clocksource (refer to /sys/devices/system/clocksource/clocksource0), this may impact benchmarking performance
NVIDIA GeForce RTX 3070 Laptop GPU, 57, 2 %, 0 MiB
stress-ng: info:  [125108] skipped: 0
stress-ng: info:  [125108] passed: 10: cpu (8) vm (2)
stress-ng: info:  [125108] failed: 0
stress-ng: info:  [125108] metrics untrustworthy: 0
stress-ng: info:  [125108] successful run completed in 1 min, 0.10 secs
stress-ng: info:  [126760] setting to a 1 min, 0 secs run per stressor
stress-ng: info:  [126760] dispatching hogs: 8 cpu, 2 vm
stress-ng: warn:  [126760] WARNING! using HPET clocksource (refer to /sys/devices/system/clocksource/clocksource0), this may impact benchmarking performance
NVIDIA GeForce RTX 3070 Laptop GPU, 53, 1 %, 0 MiB
stress-ng: info:  [126760] skipped: 0
stress-ng: info:  [126760] passed: 10: cpu (8) vm (2)
stress-ng: info:  [126760] failed: 0
stress-ng: info:  [126760] metrics untrustworthy: 0
stress-ng: info:  [126760] successful run completed in 1 min, 0.14 secs
stress-ng: info:  [128395] setting to a 1 min, 0 secs run per stressor
stress-ng: info:  [128395] dispatching hogs: 8 cpu, 2 vm
stress-ng: warn:  [128395] WARNING! using HPET clocksource (refer to /sys/devices/system/clocksource/clocksource0), this may impact benchmarking performance
NVIDIA GeForce RTX 3070 Laptop GPU, 55, 3 %, 0 MiB
stress-ng: info:  [128395] skipped: 0
stress-ng: info:  [128395] passed: 10: cpu (8) vm (2)
stress-ng: info:  [128395] failed: 0
stress-ng: info:  [128395] metrics untrustworthy: 0
stress-ng: info:  [128395] successful run completed in 1 min, 0.71 secs
stress-ng: info:  [130039] setting to a 1 min, 0 secs run per stressor
stress-ng: info:  [130039] dispatching hogs: 8 cpu, 2 vm
stress-ng: warn:  [130039] WARNING! using HPET clocksource (refer to /sys/devices/system/clocksource/clocksource0), this may impact benchmarking performance
NVIDIA GeForce RTX 3070 Laptop GPU, 56, 2 %, 0 MiB
stress-ng: info:  [130039] skipped: 0
stress-ng: info:  [130039] passed: 10: cpu (8) vm (2)
stress-ng: info:  [130039] failed: 0
stress-ng: info:  [130039] metrics untrustworthy: 0
stress-ng: info:  [130039] successful run completed in 1 min, 0.59 secs
stress-ng: info:  [131700] setting to a 1 min, 0 secs run per stressor
stress-ng: info:  [131700] dispatching hogs: 8 cpu, 2 vm
stress-ng: warn:  [131700] WARNING! using HPET clocksource (refer to /sys/devices/system/clocksource/clocksource0), this may impact benchmarking performance
NVIDIA GeForce RTX 3070 Laptop GPU, 53, 2 %, 0 MiB
stress-ng: info:  [131700] skipped: 0
stress-ng: info:  [131700] passed: 10: cpu (8) vm (2)
stress-ng: info:  [131700] failed: 0
stress-ng: info:  [131700] metrics untrustworthy: 0
stress-ng: info:  [131700] successful run completed in 1 min, 0.13 secs
stress-ng: info:  [133538] setting to a 1 min, 0 secs run per stressor
stress-ng: info:  [133538] dispatching hogs: 8 cpu, 2 vm
stress-ng: warn:  [133538] WARNING! using HPET clocksource (refer to /sys/devices/system/clocksource/clocksource0), this may impact benchmarking performance
NVIDIA GeForce RTX 3070 Laptop GPU, 56, 2 %, 0 MiB
stress-ng: info:  [133538] skipped: 0
stress-ng: info:  [133538] passed: 10: cpu (8) vm (2)
stress-ng: info:  [133538] failed: 0
stress-ng: info:  [133538] metrics untrustworthy: 0
stress-ng: info:  [133538] successful run completed in 1 min, 0.04 secs
stress-ng: info:  [2876] setting to a 1 min, 0 secs run per stressor
stress-ng: info:  [2876] dispatching hogs: 8 cpu, 2 vm
stress-ng: warn:  [2876] WARNING! using HPET clocksource (refer to /sys/devices/system/clocksource/clocksource0), this may impact benchmarking performance
NVIDIA GeForce RTX 3070 Laptop GPU, 51, 0 %, 0 MiB
stress-ng: info:  [2876] skipped: 0
stress-ng: info:  [2876] passed: 10: cpu (8) vm (2)
stress-ng: info:  [2876] failed: 0
stress-ng: info:  [2876] metrics untrustworthy: 0
stress-ng: info:  [2876] successful run completed in 1 min, 0.29 secs
stress-ng: info:  [4681] setting to a 1 min, 0 secs run per stressor
stress-ng: info:  [4681] dispatching hogs: 8 cpu, 2 vm
stress-ng: warn:  [4681] WARNING! using HPET clocksource (refer to /sys/devices/system/clocksource/clocksource0), this may impact benchmarking performance
NVIDIA GeForce RTX 3070 Laptop GPU, 53, 0 %, 0 MiB
stress-ng: info:  [4681] skipped: 0
stress-ng: info:  [4681] passed: 10: cpu (8) vm (2)
stress-ng: info:  [4681] failed: 0
stress-ng: info:  [4681] metrics untrustworthy: 0
stress-ng: info:  [4681] successful run completed in 1 min, 0.45 secs
stress-ng: info:  [6292] setting to a 1 min, 0 secs run per stressor
stress-ng: info:  [6292] dispatching hogs: 8 cpu, 2 vm
stress-ng: warn:  [6292] WARNING! using HPET clocksource (refer to /sys/devices/system/clocksource/clocksource0), this may impact benchmarking performance
NVIDIA GeForce RTX 3070 Laptop GPU, 54, 0 %, 0 MiB
stress-ng: info:  [6292] skipped: 0
stress-ng: info:  [6292] passed: 10: cpu (8) vm (2)
stress-ng: info:  [6292] failed: 0
stress-ng: info:  [6292] metrics untrustworthy: 0
stress-ng: info:  [6292] successful run completed in 1 min, 0.01 secs
stress-ng: info:  [7911] setting to a 1 min, 0 secs run per stressor
stress-ng: info:  [7911] dispatching hogs: 8 cpu, 2 vm
stress-ng: warn:  [7911] WARNING! using HPET clocksource (refer to /sys/devices/system/clocksource/clocksource0), this may impact benchmarking performance
NVIDIA GeForce RTX 3070 Laptop GPU, 58, 0 %, 0 MiB
stress-ng: info:  [7911] skipped: 0
stress-ng: info:  [7911] passed: 10: cpu (8) vm (2)
stress-ng: info:  [7911] failed: 0
stress-ng: info:  [7911] metrics untrustworthy: 0
stress-ng: info:  [7911] successful run completed in 1 min, 0.39 secs
stress-ng: info:  [9544] setting to a 1 min, 0 secs run per stressor
stress-ng: info:  [9544] dispatching hogs: 8 cpu, 2 vm
stress-ng: warn:  [9544] WARNING! using HPET clocksource (refer to /sys/devices/system/clocksource/clocksource0), this may impact benchmarking performance
NVIDIA GeForce RTX 3070 Laptop GPU, 56, 0 %, 0 MiB
stress-ng: info:  [9544] skipped: 0
stress-ng: info:  [9544] passed: 10: cpu (8) vm (2)
stress-ng: info:  [9544] failed: 0
stress-ng: info:  [9544] metrics untrustworthy: 0
stress-ng: info:  [9544] successful run completed in 1 min, 0.05 secs
stress-ng: info:  [11172] setting to a 1 min, 0 secs run per stressor
stress-ng: info:  [11172] dispatching hogs: 8 cpu, 2 vm
stress-ng: warn:  [11172] WARNING! using HPET clocksource (refer to /sys/devices/system/clocksource/clocksource0), this may impact benchmarking performance
NVIDIA GeForce RTX 3070 Laptop GPU, 56, 2 %, 0 MiB
stress-ng: info:  [11172] skipped: 0
stress-ng: info:  [11172] passed: 10: cpu (8) vm (2)
stress-ng: info:  [11172] failed: 0
stress-ng: info:  [11172] metrics untrustworthy: 0
stress-ng: info:  [11172] successful run completed in 1 min, 0.55 secs
stress-ng: info:  [12800] setting to a 1 min, 0 secs run per stressor
stress-ng: info:  [12800] dispatching hogs: 8 cpu, 2 vm
stress-ng: warn:  [12800] WARNING! using HPET clocksource (refer to /sys/devices/system/clocksource/clocksource0), this may impact benchmarking performance
NVIDIA GeForce RTX 3070 Laptop GPU, 52, 2 %, 0 MiB
stress-ng: info:  [12800] skipped: 0
stress-ng: info:  [12800] passed: 10: cpu (8) vm (2)
stress-ng: info:  [12800] failed: 0
stress-ng: info:  [12800] metrics untrustworthy: 0
stress-ng: info:  [12800] successful run completed in 1 min, 0.98 secs
stress-ng: info:  [14432] setting to a 1 min, 0 secs run per stressor
stress-ng: info:  [14432] dispatching hogs: 8 cpu, 2 vm
stress-ng: warn:  [14432] WARNING! using HPET clocksource (refer to /sys/devices/system/clocksource/clocksource0), this may impact benchmarking performance
NVIDIA GeForce RTX 3070 Laptop GPU, 54, 3 %, 0 MiB
stress-ng: info:  [14432] skipped: 0
stress-ng: info:  [14432] passed: 10: cpu (8) vm (2)
stress-ng: info:  [14432] failed: 0
stress-ng: info:  [14432] metrics untrustworthy: 0
stress-ng: info:  [14432] successful run completed in 1 min, 0.73 secs
stress-ng: info:  [16061] setting to a 1 min, 0 secs run per stressor
stress-ng: info:  [16061] dispatching hogs: 8 cpu, 2 vm
stress-ng: warn:  [16061] WARNING! using HPET clocksource (refer to /sys/devices/system/clocksource/clocksource0), this may impact benchmarking performance
NVIDIA GeForce RTX 3070 Laptop GPU, 55, 2 %, 0 MiB
stress-ng: info:  [16061] skipped: 0
stress-ng: info:  [16061] passed: 10: cpu (8) vm (2)
stress-ng: info:  [16061] failed: 0
stress-ng: info:  [16061] metrics untrustworthy: 0
stress-ng: info:  [16061] successful run completed in 1 min, 0.05 secs
stress-ng: info:  [17687] setting to a 1 min, 0 secs run per stressor
stress-ng: info:  [17687] dispatching hogs: 8 cpu, 2 vm
stress-ng: warn:  [17687] WARNING! using HPET clocksource (refer to /sys/devices/system/clocksource/clocksource0), this may impact benchmarking performance
NVIDIA GeForce RTX 3070 Laptop GPU, 55, 3 %, 0 MiB
stress-ng: info:  [17687] skipped: 0
stress-ng: info:  [17687] passed: 10: cpu (8) vm (2)
stress-ng: info:  [17687] failed: 0
stress-ng: info:  [17687] metrics untrustworthy: 0
stress-ng: info:  [17687] successful run completed in 1 min, 0.36 secs
stress-ng: info:  [19311] setting to a 1 min, 0 secs run per stressor
stress-ng: info:  [19311] dispatching hogs: 8 cpu, 2 vm
stress-ng: warn:  [19311] WARNING! using HPET clocksource (refer to /sys/devices/system/clocksource/clocksource0), this may impact benchmarking performance
NVIDIA GeForce RTX 3070 Laptop GPU, 55, 2 %, 0 MiB
stress-ng: info:  [19311] skipped: 0
stress-ng: info:  [19311] passed: 10: cpu (8) vm (2)
stress-ng: info:  [19311] failed: 0
stress-ng: info:  [19311] metrics untrustworthy: 0
stress-ng: info:  [19311] successful run completed in 1 min, 0.05 secs
stress-ng: info:  [20936] setting to a 1 min, 0 secs run per stressor
stress-ng: info:  [20936] dispatching hogs: 8 cpu, 2 vm
stress-ng: warn:  [20936] WARNING! using HPET clocksource (refer to /sys/devices/system/clocksource/clocksource0), this may impact benchmarking performance
NVIDIA GeForce RTX 3070 Laptop GPU, 55, 2 %, 0 MiB
stress-ng: info:  [20936] skipped: 0
stress-ng: info:  [20936] passed: 10: cpu (8) vm (2)
stress-ng: info:  [20936] failed: 0
stress-ng: info:  [20936] metrics untrustworthy: 0
stress-ng: info:  [20936] successful run completed in 1 min, 0.71 secs
stress-ng: info:  [22577] setting to a 1 min, 0 secs run per stressor
stress-ng: info:  [22577] dispatching hogs: 8 cpu, 2 vm
stress-ng: warn:  [22577] WARNING! using HPET clocksource (refer to /sys/devices/system/clocksource/clocksource0), this may impact benchmarking performance
NVIDIA GeForce RTX 3070 Laptop GPU, 55, 0 %, 0 MiB
stress-ng: info:  [22577] skipped: 0
stress-ng: info:  [22577] passed: 10: cpu (8) vm (2)
stress-ng: info:  [22577] failed: 0
stress-ng: info:  [22577] metrics untrustworthy: 0
stress-ng: info:  [22577] successful run completed in 1 min, 0.15 secs
stress-ng: info:  [24201] setting to a 1 min, 0 secs run per stressor
stress-ng: info:  [24201] dispatching hogs: 8 cpu, 2 vm
stress-ng: warn:  [24201] WARNING! using HPET clocksource (refer to /sys/devices/system/clocksource/clocksource0), this may impact benchmarking performance
NVIDIA GeForce RTX 3070 Laptop GPU, 55, 0 %, 0 MiB
stress-ng: info:  [24201] skipped: 0
stress-ng: info:  [24201] passed: 10: cpu (8) vm (2)
stress-ng: info:  [24201] failed: 0
stress-ng: info:  [24201] metrics untrustworthy: 0
stress-ng: info:  [24201] successful run completed in 1 min, 0.33 secs
stress-ng: info:  [25834] setting to a 1 min, 0 secs run per stressor
stress-ng: info:  [25834] dispatching hogs: 8 cpu, 2 vm
stress-ng: warn:  [25834] WARNING! using HPET clocksource (refer to /sys/devices/system/clocksource/clocksource0), this may impact benchmarking performance
NVIDIA GeForce RTX 3070 Laptop GPU, 55, 2 %, 0 MiB
stress-ng: info:  [25834] skipped: 0
stress-ng: info:  [25834] passed: 10: cpu (8) vm (2)
stress-ng: info:  [25834] failed: 0
stress-ng: info:  [25834] metrics untrustworthy: 0
stress-ng: info:  [25834] successful run completed in 1 min, 0.91 secs
stress-ng: info:  [27449] setting to a 1 min, 0 secs run per stressor
stress-ng: info:  [27449] dispatching hogs: 8 cpu, 2 vm
stress-ng: warn:  [27449] WARNING! using HPET clocksource (refer to /sys/devices/system/clocksource/clocksource0), this may impact benchmarking performance
NVIDIA GeForce RTX 3070 Laptop GPU, 56, 3 %, 0 MiB
stress-ng: info:  [27449] skipped: 0
stress-ng: info:  [27449] passed: 10: cpu (8) vm (2)
stress-ng: info:  [27449] failed: 0
stress-ng: info:  [27449] metrics untrustworthy: 0
stress-ng: info:  [27449] successful run completed in 1 min, 1.50 secs
stress-ng: info:  [29082] setting to a 1 min, 0 secs run per stressor
stress-ng: info:  [29082] dispatching hogs: 8 cpu, 2 vm
stress-ng: warn:  [29082] WARNING! using HPET clocksource (refer to /sys/devices/system/clocksource/clocksource0), this may impact benchmarking performance
NVIDIA GeForce RTX 3070 Laptop GPU, 55, 0 %, 0 MiB
stress-ng: info:  [29082] skipped: 0
stress-ng: info:  [29082] passed: 10: cpu (8) vm (2)
stress-ng: info:  [29082] failed: 0
stress-ng: info:  [29082] metrics untrustworthy: 0
stress-ng: info:  [29082] successful run completed in 1 min, 0.17 secs
stress-ng: info:  [30707] setting to a 1 min, 0 secs run per stressor
stress-ng: info:  [30707] dispatching hogs: 8 cpu, 2 vm
stress-ng: warn:  [30707] WARNING! using HPET clocksource (refer to /sys/devices/system/clocksource/clocksource0), this may impact benchmarking performance
NVIDIA GeForce RTX 3070 Laptop GPU, 56, 0 %, 0 MiB
stress-ng: info:  [30707] skipped: 0
stress-ng: info:  [30707] passed: 10: cpu (8) vm (2)
stress-ng: info:  [30707] failed: 0
stress-ng: info:  [30707] metrics untrustworthy: 0
stress-ng: info:  [30707] successful run completed in 1 min, 0.08 secs
stress-ng: info:  [32340] setting to a 1 min, 0 secs run per stressor
stress-ng: info:  [32340] dispatching hogs: 8 cpu, 2 vm
stress-ng: warn:  [32340] WARNING! using HPET clocksource (refer to /sys/devices/system/clocksource/clocksource0), this may impact benchmarking performance
NVIDIA GeForce RTX 3070 Laptop GPU, 56, 3 %, 0 MiB
stress-ng: info:  [32340] skipped: 0
stress-ng: info:  [32340] passed: 10: cpu (8) vm (2)
stress-ng: info:  [32340] failed: 0
stress-ng: info:  [32340] metrics untrustworthy: 0
stress-ng: info:  [32340] successful run completed in 1 min, 0.04 secs
stress-ng: info:  [33969] setting to a 1 min, 0 secs run per stressor
stress-ng: info:  [33969] dispatching hogs: 8 cpu, 2 vm
stress-ng: warn:  [33969] WARNING! using HPET clocksource (refer to /sys/devices/system/clocksource/clocksource0), this may impact benchmarking performance
NVIDIA GeForce RTX 3070 Laptop GPU, 56, 0 %, 0 MiB
stress-ng: info:  [33969] skipped: 0
stress-ng: info:  [33969] passed: 10: cpu (8) vm (2)
stress-ng: info:  [33969] failed: 0
stress-ng: info:  [33969] metrics untrustworthy: 0
stress-ng: info:  [33969] successful run completed in 1 min, 1.50 secs
stress-ng: info:  [35600] setting to a 1 min, 0 secs run per stressor
stress-ng: info:  [35600] dispatching hogs: 8 cpu, 2 vm
stress-ng: warn:  [35600] WARNING! using HPET clocksource (refer to /sys/devices/system/clocksource/clocksource0), this may impact benchmarking performance
NVIDIA GeForce RTX 3070 Laptop GPU, 56, 2 %, 0 MiB
stress-ng: info:  [35600] skipped: 0
stress-ng: info:  [35600] passed: 10: cpu (8) vm (2)
stress-ng: info:  [35600] failed: 0
stress-ng: info:  [35600] metrics untrustworthy: 0
stress-ng: info:  [35600] successful run completed in 1 min, 1.50 secs
stress-ng: info:  [37237] setting to a 1 min, 0 secs run per stressor
stress-ng: info:  [37237] dispatching hogs: 8 cpu, 2 vm
stress-ng: warn:  [37237] WARNING! using HPET clocksource (refer to /sys/devices/system/clocksource/clocksource0), this may impact benchmarking performance
NVIDIA GeForce RTX 3070 Laptop GPU, 56, 2 %, 0 MiB
stress-ng: info:  [37237] skipped: 0
stress-ng: info:  [37237] passed: 10: cpu (8) vm (2)
stress-ng: info:  [37237] failed: 0
stress-ng: info:  [37237] metrics untrustworthy: 0
stress-ng: info:  [37237] successful run completed in 1 min, 0.22 secs
stress-ng: info:  [38853] setting to a 1 min, 0 secs run per stressor
stress-ng: info:  [38853] dispatching hogs: 8 cpu, 2 vm
stress-ng: warn:  [38853] WARNING! using HPET clocksource (refer to /sys/devices/system/clocksource/clocksource0), this may impact benchmarking performance
NVIDIA GeForce RTX 3070 Laptop GPU, 52, 2 %, 0 MiB
stress-ng: info:  [38853] skipped: 0
stress-ng: info:  [38853] passed: 10: cpu (8) vm (2)
stress-ng: info:  [38853] failed: 0
stress-ng: info:  [38853] metrics untrustworthy: 0
stress-ng: info:  [38853] successful run completed in 1 min, 0.21 secs
stress-ng: info:  [40471] setting to a 1 min, 0 secs run per stressor
stress-ng: info:  [40471] dispatching hogs: 8 cpu, 2 vm
stress-ng: warn:  [40471] WARNING! using HPET clocksource (refer to /sys/devices/system/clocksource/clocksource0), this may impact benchmarking performance
NVIDIA GeForce RTX 3070 Laptop GPU, 55, 0 %, 0 MiB
stress-ng: info:  [40471] skipped: 0
stress-ng: info:  [40471] passed: 10: cpu (8) vm (2)
stress-ng: info:  [40471] failed: 0
stress-ng: info:  [40471] metrics untrustworthy: 0
stress-ng: info:  [40471] successful run completed in 1 min, 0.01 secs
stress-ng: info:  [42101] setting to a 1 min, 0 secs run per stressor
stress-ng: info:  [42101] dispatching hogs: 8 cpu, 2 vm
stress-ng: warn:  [42101] WARNING! using HPET clocksource (refer to /sys/devices/system/clocksource/clocksource0), this may impact benchmarking performance
NVIDIA GeForce RTX 3070 Laptop GPU, 56, 2 %, 0 MiB
stress-ng: info:  [42101] skipped: 0
stress-ng: info:  [42101] passed: 10: cpu (8) vm (2)
stress-ng: info:  [42101] failed: 0
stress-ng: info:  [42101] metrics untrustworthy: 0
stress-ng: info:  [42101] successful run completed in 1 min, 0.82 secs
stress-ng: info:  [43732] setting to a 1 min, 0 secs run per stressor
stress-ng: info:  [43732] dispatching hogs: 8 cpu, 2 vm
stress-ng: warn:  [43732] WARNING! using HPET clocksource (refer to /sys/devices/system/clocksource/clocksource0), this may impact benchmarking performance
NVIDIA GeForce RTX 3070 Laptop GPU, 55, 0 %, 0 MiB
stress-ng: info:  [43732] skipped: 0
stress-ng: info:  [43732] passed: 10: cpu (8) vm (2)
stress-ng: info:  [43732] failed: 0
stress-ng: info:  [43732] metrics untrustworthy: 0
stress-ng: info:  [43732] successful run completed in 1 min, 0.45 secs
stress-ng: info:  [45352] setting to a 1 min, 0 secs run per stressor
stress-ng: info:  [45352] dispatching hogs: 8 cpu, 2 vm
stress-ng: warn:  [45352] WARNING! using HPET clocksource (refer to /sys/devices/system/clocksource/clocksource0), this may impact benchmarking performance
NVIDIA GeForce RTX 3070 Laptop GPU, 56, 0 %, 0 MiB
stress-ng: info:  [45352] skipped: 0
stress-ng: info:  [45352] passed: 10: cpu (8) vm (2)
stress-ng: info:  [45352] failed: 0
stress-ng: info:  [45352] metrics untrustworthy: 0
stress-ng: info:  [45352] successful run completed in 1 min, 0.28 secs
stress-ng: info:  [46970] setting to a 1 min, 0 secs run per stressor
stress-ng: info:  [46970] dispatching hogs: 8 cpu, 2 vm
stress-ng: warn:  [46970] WARNING! using HPET clocksource (refer to /sys/devices/system/clocksource/clocksource0), this may impact benchmarking performance
NVIDIA GeForce RTX 3070 Laptop GPU, 56, 2 %, 0 MiB
stress-ng: info:  [46970] skipped: 0
stress-ng: info:  [46970] passed: 10: cpu (8) vm (2)
stress-ng: info:  [46970] failed: 0
stress-ng: info:  [46970] metrics untrustworthy: 0
stress-ng: info:  [46970] successful run completed in 1 min, 0.01 secs
stress-ng: info:  [48599] setting to a 1 min, 0 secs run per stressor
stress-ng: info:  [48599] dispatching hogs: 8 cpu, 2 vm
stress-ng: warn:  [48599] WARNING! using HPET clocksource (refer to /sys/devices/system/clocksource/clocksource0), this may impact benchmarking performance
NVIDIA GeForce RTX 3070 Laptop GPU, 52, 2 %, 0 MiB
stress-ng: info:  [48599] skipped: 0
stress-ng: info:  [48599] passed: 10: cpu (8) vm (2)
stress-ng: info:  [48599] failed: 0
stress-ng: info:  [48599] metrics untrustworthy: 0
stress-ng: info:  [48599] successful run completed in 1 min, 0.01 secs
stress-ng: info:  [50218] setting to a 1 min, 0 secs run per stressor
stress-ng: info:  [50218] dispatching hogs: 8 cpu, 2 vm
stress-ng: warn:  [50218] WARNING! using HPET clocksource (refer to /sys/devices/system/clocksource/clocksource0), this may impact benchmarking performance
NVIDIA GeForce RTX 3070 Laptop GPU, 54, 0 %, 0 MiB
stress-ng: info:  [50218] skipped: 0
stress-ng: info:  [50218] passed: 10: cpu (8) vm (2)
stress-ng: info:  [50218] failed: 0
stress-ng: info:  [50218] metrics untrustworthy: 0
stress-ng: info:  [50218] successful run completed in 1 min, 0.30 secs
stress-ng: info:  [51837] setting to a 1 min, 0 secs run per stressor
stress-ng: info:  [51837] dispatching hogs: 8 cpu, 2 vm
stress-ng: warn:  [51837] WARNING! using HPET clocksource (refer to /sys/devices/system/clocksource/clocksource0), this may impact benchmarking performance
NVIDIA GeForce RTX 3070 Laptop GPU, 55, 0 %, 0 MiB
stress-ng: info:  [51837] skipped: 0
stress-ng: info:  [51837] passed: 10: cpu (8) vm (2)
stress-ng: info:  [51837] failed: 0
stress-ng: info:  [51837] metrics untrustworthy: 0
stress-ng: info:  [51837] successful run completed in 1 min, 0.87 secs
stress-ng: info:  [53480] setting to a 1 min, 0 secs run per stressor
stress-ng: info:  [53480] dispatching hogs: 8 cpu, 2 vm
stress-ng: warn:  [53480] WARNING! using HPET clocksource (refer to /sys/devices/system/clocksource/clocksource0), this may impact benchmarking performance
NVIDIA GeForce RTX 3070 Laptop GPU, 56, 3 %, 0 MiB
stress-ng: info:  [53480] skipped: 0
stress-ng: info:  [53480] passed: 10: cpu (8) vm (2)
stress-ng: info:  [53480] failed: 0
stress-ng: info:  [53480] metrics untrustworthy: 0
stress-ng: info:  [53480] successful run completed in 1 min, 1.50 secs
stress-ng: info:  [55103] setting to a 1 min, 0 secs run per stressor
stress-ng: info:  [55103] dispatching hogs: 8 cpu, 2 vm
stress-ng: warn:  [55103] WARNING! using HPET clocksource (refer to /sys/devices/system/clocksource/clocksource0), this may impact benchmarking performance
NVIDIA GeForce RTX 3070 Laptop GPU, 56, 0 %, 0 MiB
stress-ng: info:  [55103] skipped: 0
stress-ng: info:  [55103] passed: 10: cpu (8) vm (2)
stress-ng: info:  [55103] failed: 0
stress-ng: info:  [55103] metrics untrustworthy: 0
stress-ng: info:  [55103] successful run completed in 1 min, 0.28 secs
stress-ng: info:  [56725] setting to a 1 min, 0 secs run per stressor
stress-ng: info:  [56725] dispatching hogs: 8 cpu, 2 vm
stress-ng: warn:  [56725] WARNING! using HPET clocksource (refer to /sys/devices/system/clocksource/clocksource0), this may impact benchmarking performance
NVIDIA GeForce RTX 3070 Laptop GPU, 56, 3 %, 0 MiB
stress-ng: info:  [56725] skipped: 0
stress-ng: info:  [56725] passed: 10: cpu (8) vm (2)
stress-ng: info:  [56725] failed: 0
stress-ng: info:  [56725] metrics untrustworthy: 0
stress-ng: info:  [56725] successful run completed in 1 min, 0.18 secs
stress-ng: info:  [58355] setting to a 1 min, 0 secs run per stressor
stress-ng: info:  [58355] dispatching hogs: 8 cpu, 2 vm
stress-ng: warn:  [58355] WARNING! using HPET clocksource (refer to /sys/devices/system/clocksource/clocksource0), this may impact benchmarking performance
NVIDIA GeForce RTX 3070 Laptop GPU, 56, 0 %, 0 MiB
stress-ng: info:  [58355] skipped: 0
stress-ng: info:  [58355] passed: 10: cpu (8) vm (2)
stress-ng: info:  [58355] failed: 0
stress-ng: info:  [58355] metrics untrustworthy: 0
stress-ng: info:  [58355] successful run completed in 1 min, 0.10 secs
stress-ng: info:  [59977] setting to a 1 min, 0 secs run per stressor
stress-ng: info:  [59977] dispatching hogs: 8 cpu, 2 vm
stress-ng: warn:  [59977] WARNING! using HPET clocksource (refer to /sys/devices/system/clocksource/clocksource0), this may impact benchmarking performance
NVIDIA GeForce RTX 3070 Laptop GPU, 56, 0 %, 0 MiB
stress-ng: info:  [59977] skipped: 0
stress-ng: info:  [59977] passed: 10: cpu (8) vm (2)
stress-ng: info:  [59977] failed: 0
stress-ng: info:  [59977] metrics untrustworthy: 0
stress-ng: info:  [59977] successful run completed in 1 min, 0.41 secs
stress-ng: info:  [61599] setting to a 1 min, 0 secs run per stressor
stress-ng: info:  [61599] dispatching hogs: 8 cpu, 2 vm
stress-ng: warn:  [61599] WARNING! using HPET clocksource (refer to /sys/devices/system/clocksource/clocksource0), this may impact benchmarking performance
NVIDIA GeForce RTX 3070 Laptop GPU, 56, 2 %, 0 MiB
stress-ng: info:  [61599] skipped: 0
stress-ng: info:  [61599] passed: 10: cpu (8) vm (2)
stress-ng: info:  [61599] failed: 0
stress-ng: info:  [61599] metrics untrustworthy: 0
stress-ng: info:  [61599] successful run completed in 1 min, 0.52 secs
stress-ng: info:  [63256] setting to a 1 min, 0 secs run per stressor
stress-ng: info:  [63256] dispatching hogs: 8 cpu, 2 vm
stress-ng: warn:  [63256] WARNING! using HPET clocksource (refer to /sys/devices/system/clocksource/clocksource0), this may impact benchmarking performance
NVIDIA GeForce RTX 3070 Laptop GPU, 52, 3 %, 0 MiB
stress-ng: info:  [63256] skipped: 0
stress-ng: info:  [63256] passed: 10: cpu (8) vm (2)
stress-ng: info:  [63256] failed: 0
stress-ng: info:  [63256] metrics untrustworthy: 0
stress-ng: info:  [63256] successful run completed in 1 min, 0.31 secs
stress-ng: info:  [64867] setting to a 1 min, 0 secs run per stressor
stress-ng: info:  [64867] dispatching hogs: 8 cpu, 2 vm
stress-ng: warn:  [64867] WARNING! using HPET clocksource (refer to /sys/devices/system/clocksource/clocksource0), this may impact benchmarking performance
NVIDIA GeForce RTX 3070 Laptop GPU, 55, 2 %, 0 MiB
stress-ng: info:  [64867] skipped: 0
stress-ng: info:  [64867] passed: 10: cpu (8) vm (2)
stress-ng: info:  [64867] failed: 0
stress-ng: info:  [64867] metrics untrustworthy: 0
stress-ng: info:  [64867] successful run completed in 1 min, 0.01 secs
stress-ng: info:  [66483] setting to a 1 min, 0 secs run per stressor
stress-ng: info:  [66483] dispatching hogs: 8 cpu, 2 vm
stress-ng: warn:  [66483] WARNING! using HPET clocksource (refer to /sys/devices/system/clocksource/clocksource0), this may impact benchmarking performance
NVIDIA GeForce RTX 3070 Laptop GPU, 55, 2 %, 0 MiB
stress-ng: info:  [66483] skipped: 0
stress-ng: info:  [66483] passed: 10: cpu (8) vm (2)
stress-ng: info:  [66483] failed: 0
stress-ng: info:  [66483] metrics untrustworthy: 0
stress-ng: info:  [66483] successful run completed in 1 min, 0.03 secs
stress-ng: info:  [68124] setting to a 1 min, 0 secs run per stressor
stress-ng: info:  [68124] dispatching hogs: 8 cpu, 2 vm
stress-ng: warn:  [68124] WARNING! using HPET clocksource (refer to /sys/devices/system/clocksource/clocksource0), this may impact benchmarking performance
NVIDIA GeForce RTX 3070 Laptop GPU, 56, 2 %, 0 MiB
stress-ng: info:  [68124] skipped: 0
stress-ng: info:  [68124] passed: 10: cpu (8) vm (2)
stress-ng: info:  [68124] failed: 0
stress-ng: info:  [68124] metrics untrustworthy: 0
stress-ng: info:  [68124] successful run completed in 1 min, 0.01 secs
stress-ng: info:  [69738] setting to a 1 min, 0 secs run per stressor
stress-ng: info:  [69738] dispatching hogs: 8 cpu, 2 vm
stress-ng: warn:  [69738] WARNING! using HPET clocksource (refer to /sys/devices/system/clocksource/clocksource0), this may impact benchmarking performance
NVIDIA GeForce RTX 3070 Laptop GPU, 56, 0 %, 0 MiB
stress-ng: info:  [69738] skipped: 0
stress-ng: info:  [69738] passed: 10: cpu (8) vm (2)
stress-ng: info:  [69738] failed: 0
stress-ng: info:  [69738] metrics untrustworthy: 0
stress-ng: info:  [69738] successful run completed in 1 min, 0.96 secs
stress-ng: info:  [71350] setting to a 1 min, 0 secs run per stressor
stress-ng: info:  [71350] dispatching hogs: 8 cpu, 2 vm
stress-ng: warn:  [71350] WARNING! using HPET clocksource (refer to /sys/devices/system/clocksource/clocksource0), this may impact benchmarking performance
NVIDIA GeForce RTX 3070 Laptop GPU, 57, 0 %, 0 MiB
stress-ng: info:  [71350] skipped: 0
stress-ng: info:  [71350] passed: 10: cpu (8) vm (2)
stress-ng: info:  [71350] failed: 0
stress-ng: info:  [71350] metrics untrustworthy: 0
stress-ng: info:  [71350] successful run completed in 1 min, 0.33 secs
stress-ng: info:  [72986] setting to a 1 min, 0 secs run per stressor
stress-ng: info:  [72986] dispatching hogs: 8 cpu, 2 vm
stress-ng: warn:  [72986] WARNING! using HPET clocksource (refer to /sys/devices/system/clocksource/clocksource0), this may impact benchmarking performance
NVIDIA GeForce RTX 3070 Laptop GPU, 52, 3 %, 0 MiB
stress-ng: info:  [72986] skipped: 0
stress-ng: info:  [72986] passed: 10: cpu (8) vm (2)
stress-ng: info:  [72986] failed: 0
stress-ng: info:  [72986] metrics untrustworthy: 0
stress-ng: info:  [72986] successful run completed in 1 min, 0.22 secs
stress-ng: info:  [74609] setting to a 1 min, 0 secs run per stressor
stress-ng: info:  [74609] dispatching hogs: 8 cpu, 2 vm
stress-ng: warn:  [74609] WARNING! using HPET clocksource (refer to /sys/devices/system/clocksource/clocksource0), this may impact benchmarking performance
NVIDIA GeForce RTX 3070 Laptop GPU, 54, 0 %, 0 MiB
stress-ng: info:  [74609] skipped: 0
stress-ng: info:  [74609] passed: 10: cpu (8) vm (2)
stress-ng: info:  [74609] failed: 0
stress-ng: info:  [74609] metrics untrustworthy: 0
stress-ng: info:  [74609] successful run completed in 1 min, 0.13 secs
stress-ng: info:  [76236] setting to a 1 min, 0 secs run per stressor
stress-ng: info:  [76236] dispatching hogs: 8 cpu, 2 vm
stress-ng: warn:  [76236] WARNING! using HPET clocksource (refer to /sys/devices/system/clocksource/clocksource0), this may impact benchmarking performance
NVIDIA GeForce RTX 3070 Laptop GPU, 55, 0 %, 0 MiB
stress-ng: info:  [76236] skipped: 0
stress-ng: info:  [76236] passed: 10: cpu (8) vm (2)
stress-ng: info:  [76236] failed: 0
stress-ng: info:  [76236] metrics untrustworthy: 0
stress-ng: info:  [76236] successful run completed in 1 min, 0.05 secs
stress-ng: info:  [77877] setting to a 1 min, 0 secs run per stressor
stress-ng: info:  [77877] dispatching hogs: 8 cpu, 2 vm
stress-ng: warn:  [77877] WARNING! using HPET clocksource (refer to /sys/devices/system/clocksource/clocksource0), this may impact benchmarking performance
NVIDIA GeForce RTX 3070 Laptop GPU, 55, 0 %, 0 MiB
stress-ng: info:  [77877] skipped: 0
stress-ng: info:  [77877] passed: 10: cpu (8) vm (2)
stress-ng: info:  [77877] failed: 0
stress-ng: info:  [77877] metrics untrustworthy: 0
stress-ng: info:  [77877] successful run completed in 1 min, 0.13 secs
stress-ng: info:  [79508] setting to a 1 min, 0 secs run per stressor
stress-ng: info:  [79508] dispatching hogs: 8 cpu, 2 vm
stress-ng: warn:  [79508] WARNING! using HPET clocksource (refer to /sys/devices/system/clocksource/clocksource0), this may impact benchmarking performance
NVIDIA GeForce RTX 3070 Laptop GPU, 56, 2 %, 0 MiB
stress-ng: info:  [79508] skipped: 0
stress-ng: info:  [79508] passed: 10: cpu (8) vm (2)
stress-ng: info:  [79508] failed: 0
stress-ng: info:  [79508] metrics untrustworthy: 0
stress-ng: info:  [79508] successful run completed in 1 min, 0.01 secs
stress-ng: info:  [81132] setting to a 1 min, 0 secs run per stressor
stress-ng: info:  [81132] dispatching hogs: 8 cpu, 2 vm
stress-ng: warn:  [81132] WARNING! using HPET clocksource (refer to /sys/devices/system/clocksource/clocksource0), this may impact benchmarking performance
NVIDIA GeForce RTX 3070 Laptop GPU, 52, 2 %, 0 MiB
stress-ng: info:  [81132] skipped: 0
stress-ng: info:  [81132] passed: 10: cpu (8) vm (2)
stress-ng: info:  [81132] failed: 0
stress-ng: info:  [81132] metrics untrustworthy: 0
stress-ng: info:  [81132] successful run completed in 1 min, 0.02 secs
stress-ng: info:  [82756] setting to a 1 min, 0 secs run per stressor
stress-ng: info:  [82756] dispatching hogs: 8 cpu, 2 vm
stress-ng: warn:  [82756] WARNING! using HPET clocksource (refer to /sys/devices/system/clocksource/clocksource0), this may impact benchmarking performance
NVIDIA GeForce RTX 3070 Laptop GPU, 55, 2 %, 0 MiB
stress-ng: info:  [82756] skipped: 0
stress-ng: info:  [82756] passed: 10: cpu (8) vm (2)
stress-ng: info:  [82756] failed: 0
stress-ng: info:  [82756] metrics untrustworthy: 0
stress-ng: info:  [82756] successful run completed in 1 min, 0.03 secs
stress-ng: info:  [84381] setting to a 1 min, 0 secs run per stressor
stress-ng: info:  [84381] dispatching hogs: 8 cpu, 2 vm
stress-ng: warn:  [84381] WARNING! using HPET clocksource (refer to /sys/devices/system/clocksource/clocksource0), this may impact benchmarking performance
NVIDIA GeForce RTX 3070 Laptop GPU, 55, 0 %, 0 MiB
stress-ng: info:  [84381] skipped: 0
stress-ng: info:  [84381] passed: 10: cpu (8) vm (2)
stress-ng: info:  [84381] failed: 0
stress-ng: info:  [84381] metrics untrustworthy: 0
stress-ng: info:  [84381] successful run completed in 1 min, 0.71 secs
