[07:19:17] Session log file: /var/log/timeshift/2026-05-20_07-19-17_gui.log
[07:19:17] Distribution: LinuxMint 22.3 (zena)
[07:19:17] DIST_ID: LinuxMint
[07:19:17] Main: check_dependencies()
[07:19:17] Checking btrfs-progs version and determining capabilities...
[07:19:17] -- btrfs-progs version 6.6.x
[07:19:17] -- btrfs subvolume recursive delete: not supported
[07:19:17] Main: add_default_exclude_entries()
[07:19:17] Main: add_default_exclude_entries(): exit
[07:19:17] update_partitions()
[07:19:17] Device: get_disk_space_using_df(): 2
[07:19:17] Device: get_mounted_filesystems_using_mtab(): 2
[07:19:17] Device: get_filesystems(): 10
[07:19:17] partition list updated
[07:19:17] detect_system_devices()
[07:19:17] /boot/efi is mapped to device: /dev/nvme1n1p1, UUID=79C3-9AD3
[07:19:17] / is mapped to device: /dev/dm-0, UUID=f7e7c00e-3a72-4efe-83fc-195efde9aff6
[07:19:17] Searching subvolume for system at path: /
[07:19:17] Users: root andrei
[07:19:17] Encrypted home users: 
[07:19:17] Encrypted home dirs:

[07:19:17] Encrypted private dirs:

[07:19:17] Main: load_app_config()
[07:19:17] First run mode (config file not found)
[07:19:17] Selected default snapshot type: RSYNC
[07:19:17] Member not found in JSON object: include_btrfs_home_for_restore
[07:19:17] Member not found in JSON object: date_format
[07:19:17] App config loaded: /etc/timeshift/timeshift.json
[07:19:17] IconManager: init()
[07:19:17] found images directory: /usr/share/timeshift/images
[07:19:17] Main(): ok
[07:19:17] Main: initialize_repo()
[07:19:17] backup_uuid=
[07:19:17] backup_parent_uuid=
[07:19:17] try_select_default_device_for_backup()
[07:19:17] SnapshotRepo: available()
[07:19:17] device is null
[07:19:17] is_available: false
[07:19:17] update_partitions()
[07:19:17] Device: get_disk_space_using_df(): 2
[07:19:17] Device: get_mounted_filesystems_using_mtab(): 2
[07:19:17] Device: get_filesystems(): 10
[07:19:17] partition list updated
[07:19:17] SnapshotRepo: from_device(): RSYNC
[07:19:17] SnapshotRepo: init_from_device()
[07:19:17] 
[07:19:17] SnapshotRepo: unlock_and_mount_devices()
[07:19:17] device=/dev/nvme0n1p2
[07:19:17] SnapshotRepo: unlock_and_mount_device()
[07:19:17] device=/dev/nvme0n1p2
[07:19:17] Device: get_mounted_filesystems_using_mtab(): 2
[07:19:17] ------------------
[07:19:17] arg=c5a02fef-c285-41ff-8241-720f6dcf4e26, device=/dev/nvme0n1p2
[07:19:17] ------------------
[07:19:17] Device: get_mounted_filesystems_using_mtab(): 2
[07:19:17] mount command: mount "/dev/nvme0n1p2" "/run/timeshift/2218/backup"
[07:19:17] Mounted '/dev/nvme0n1p2' at '/run/timeshift/2218/backup'
[07:19:17] SnapshotRepo: load_snapshots()
[07:19:17] SnapshotRepo: unlock_and_mount_device(): exit
[07:19:17] Selected snapshot device: /dev/nvme0n1p2
[07:19:17] Free space: 0 B
[07:19:17] SnapshotRepo: check_status()
[07:19:17] SnapshotRepo: available()
[07:19:17] is_available: ok
[07:19:17] SnapshotRepo: has_snapshots()
[07:19:17] SnapshotRepo: has_space() - 0 required (0 B)
[07:19:17] Device: get_disk_space_using_df(): 1
[07:19:17] no snapshots
[07:19:17] Snapshot device: '/dev/nvme0n1p2'
[07:19:17] Snapshot location: /run/timeshift/2218/backup
[07:19:17] No snapshots on this device
[07:19:17] First snapshot requires: 0 B
[07:19:17] Status: NO_SNAPSHOTS_HAS_SPACE
[07:19:17] 
[07:19:17] SnapshotRepo: check_status(): exit
[07:19:17] SnapshotRepo: init_from_device(): exit
[07:19:17] Selected default snapshot device: /dev/nvme0n1p2
[07:19:17] Main: initialize_repo(): exit
[07:19:17] MainWindow: MainWindow()
[07:19:17] SnapshotListBox: SnapshotListBox()
[07:19:17] SnapshotListBox: SnapshotListBox(): exit
[07:19:17] MainWindow: MainWindow(): exit
[07:19:17] MainWindow(): init_delayed()
[07:19:17] SnapshotRepo: available()
[07:19:17] is_available: ok
[07:19:17] SnapshotRepo: available()
[07:19:17] is_available: ok
[07:19:17] SnapshotRepo: load_snapshots()
[07:19:17] SnapshotRepo: check_status()
[07:19:17] SnapshotRepo: available()
[07:19:17] is_available: ok
[07:19:17] SnapshotRepo: has_snapshots()
[07:19:17] SnapshotRepo: has_space() - 0 required (0 B)
[07:19:17] Device: get_disk_space_using_df(): 1
[07:19:17] no snapshots
[07:19:17] Snapshot device: '/dev/nvme0n1p2'
[07:19:17] Snapshot location: /run/timeshift/2218/backup
[07:19:17] No snapshots on this device
[07:19:17] First snapshot requires: 0 B
[07:19:17] Status: NO_SNAPSHOTS_HAS_SPACE
[07:19:17] 
[07:19:17] SnapshotRepo: check_status(): exit
[07:19:17] SnapshotRepo: has_snapshots()
[07:19:17] SnapshotRepo: has_snapshots()
[07:19:17] MainWindow: btn_wizard_clicked()
[07:19:17] SetupWizardWindow: SetupWizardWindow()
[07:19:17] Setting schedule_daily for first run
[07:19:17] SnapshotBackendBox: SnapshotBackendBox()
[07:19:17] SnapshotBackendBox: SnapshotBackendBox(): exit
[07:19:17] EstimateBox: EstimateBox()
[07:19:17] EstimateBox: EstimateBox(): exit
[07:19:17] BackupDeviceBox: BackupDeviceBox()
[07:19:17] BackupDeviceBox: BackupDeviceBox(): exit
[07:19:17] ScheduleBox: ScheduleBox()
[07:19:17] ScheduleBox: ScheduleBox(): exit
[07:19:17] ExcludeBox: ExcludeBox()
[07:19:17] ExcludeBox: ExcludeBox(): exit
[07:19:17] UsersBox: UsersBox()
[07:19:17] treeview_add_item(): /root/**
[07:19:17] treeview_add_item(): /home/andrei/**
[07:19:17] UsersBox: UsersBox(): exit
[07:19:17] FinishBox: FinishBox()
[07:19:17] FinishBox: FinishBox(): exit
[07:19:17] SetupWizardWindow: SetupWizardWindow(): exit
[07:19:17] MainWindow(): init_delayed(): exit
[07:19:17] 
[07:19:17] page: 0
[07:19:26] 
[07:19:26] page: 1
[07:19:26] EstimateBox: thread started
[07:19:26] estimate_system_size()
[07:19:26] Main: save_exclude_list_for_backup()
[07:19:26] Main: create_exclude_list_for_backup()
[07:19:26] Main: create_exclude_list_for_backup(): exit
[07:19:26] AsyncTask:execute()
[07:19:26] export LC_ALL=C.UTF-8
rsync -aii --recursive --verbose --delete --force --stats --sparse --delete-excluded --dry-run --exclude-from='/tmp/timeshift-771Ntq6g/exclude.list' --delete-excluded '/' '/tmp/timeshift-771Ntq6g/empty/'
[07:19:26] AsyncTask:prepare(): saved: /tmp/timeshift-771Ntq6g/2026-05-20_07-19-26/script.sh
[07:19:26] AsyncTask: child_pid: 2264
[07:19:32] AsyncTask: finish(): enter
[07:19:32] exit_code: 0
[07:19:32] Main: save_app_config()
[07:19:32] SnapshotRepo: available()
[07:19:32] is_available: ok
[07:19:32] SnapshotRepo: available()
[07:19:32] is_available: ok
[07:19:32] SnapshotRepo: has_snapshots()
[07:19:32] App config saved: /etc/timeshift/timeshift.json
[07:19:32] estimate_system_size(): ok
[07:19:32] 
[07:19:32] page: 2
[07:19:32] update_partitions()
[07:19:32] Device: get_disk_space_using_df(): 3
[07:19:32] Device: get_mounted_filesystems_using_mtab(): 3
[07:19:32] Device: get_filesystems(): 10
[07:19:32] partition list updated
[07:19:32] SnapshotRepo: check_status()
[07:19:32] SnapshotRepo: available()
[07:19:32] is_available: ok
[07:19:32] SnapshotRepo: has_snapshots()
[07:19:32] SnapshotRepo: has_space() - 0 required (0 B)
[07:19:32] Device: get_disk_space_using_df(): 1
[07:19:32] no snapshots
[07:19:32] Snapshot device: '/dev/nvme0n1p2'
[07:19:32] Snapshot location: /run/timeshift/2218/backup
[07:19:32] No snapshots on this device
[07:19:32] First snapshot requires: 0 B
[07:19:32] Status: NO_SNAPSHOTS_HAS_SPACE
[07:19:32] 
[07:19:32] SnapshotRepo: check_status(): exit
[07:19:36] crontab -l
[07:19:36] Failed to read cron tab
[07:19:36] crontab -l
[07:19:36] Failed to read cron tab
[07:19:36] Added cron task: /etc/cron.d/timeshift-hourly
[07:19:36] Main: save_app_config()
[07:19:36] SnapshotRepo: available()
[07:19:36] is_available: ok
[07:19:36] SnapshotRepo: available()
[07:19:36] is_available: ok
[07:19:36] SnapshotRepo: has_snapshots()
[07:19:36] App config saved: /etc/timeshift/timeshift.json
[07:19:36] SnapshotRepo: load_snapshots()
[07:19:36] SnapshotRepo: available()
[07:19:36] is_available: ok
[07:19:36] SnapshotRepo: load_snapshots()
[07:19:36] SnapshotRepo: check_status()
[07:19:36] SnapshotRepo: available()
[07:19:36] is_available: ok
[07:19:36] SnapshotRepo: has_snapshots()
[07:19:36] SnapshotRepo: has_space() - 0 required (0 B)
[07:19:36] Device: get_disk_space_using_df(): 1
[07:19:36] no snapshots
[07:19:36] Snapshot device: '/dev/nvme0n1p2'
[07:19:36] Snapshot location: /run/timeshift/2218/backup
[07:19:36] No snapshots on this device
[07:19:36] First snapshot requires: 0 B
[07:19:36] Status: NO_SNAPSHOTS_HAS_SPACE
[07:19:36] 
[07:19:36] SnapshotRepo: check_status(): exit
[07:19:36] SnapshotRepo: has_snapshots()
[07:19:36] SnapshotRepo: has_snapshots()
[07:19:42] SnapshotRepo: available()
[07:19:42] is_available: ok
[07:19:42] BackupWindow: BackupWindow()
[07:19:42] EstimateBox: EstimateBox()
[07:19:42] EstimateBox: EstimateBox(): exit
[07:19:42] BackupDeviceBox: BackupDeviceBox()
[07:19:42] BackupDeviceBox: BackupDeviceBox(): exit
[07:19:42] BackupBox: BackupBox()
[07:19:42] BackupBox: BackupBox(): exit
[07:19:42] BackupFinishBox: BackupFinishBox()
[07:19:42] BackupFinishBox: BackupFinishBox(): exit
[07:19:42] BackupWindow: BackupWindow(): exit
[07:19:42] 
[07:19:42] page: 0
[07:19:42] EstimateBox: thread started
[07:19:42] estimate_system_size()
[07:19:42] Main: save_exclude_list_for_backup()
[07:19:42] Main: create_exclude_list_for_backup()
[07:19:42] Main: create_exclude_list_for_backup(): exit
[07:19:42] AsyncTask:execute()
[07:19:42] export LC_ALL=C.UTF-8
rsync -aii --recursive --verbose --delete --force --stats --sparse --delete-excluded --dry-run --exclude-from='/tmp/timeshift-771Ntq6g/exclude.list' --delete-excluded '/' '/tmp/timeshift-771Ntq6g/empty/'
[07:19:42] AsyncTask:prepare(): saved: /tmp/timeshift-771Ntq6g/2026-05-20_07-19-42/script.sh
[07:19:42] AsyncTask: child_pid: 2277
[07:19:45] AsyncTask: finish(): enter
[07:19:45] exit_code: 0
[07:19:45] Main: save_app_config()
[07:19:45] SnapshotRepo: available()
[07:19:45] is_available: ok
[07:19:45] SnapshotRepo: available()
[07:19:45] is_available: ok
[07:19:45] SnapshotRepo: has_snapshots()
[07:19:45] App config saved: /etc/timeshift/timeshift.json
[07:19:45] estimate_system_size(): ok
[07:19:45] 
[07:19:45] page: 1
[07:19:45] update_partitions()
[07:19:45] Device: get_disk_space_using_df(): 3
[07:19:45] Device: get_mounted_filesystems_using_mtab(): 3
[07:19:45] Device: get_filesystems(): 10
[07:19:45] partition list updated
[07:19:45] SnapshotRepo: check_status()
[07:19:45] SnapshotRepo: available()
[07:19:45] is_available: ok
[07:19:45] SnapshotRepo: has_snapshots()
[07:19:45] SnapshotRepo: has_space() - 0 required (0 B)
[07:19:45] Device: get_disk_space_using_df(): 1
[07:19:45] no snapshots
[07:19:45] Snapshot device: '/dev/nvme0n1p2'
[07:19:45] Snapshot location: /run/timeshift/2218/backup
[07:19:45] No snapshots on this device
[07:19:45] First snapshot requires: 0 B
[07:19:45] Status: NO_SNAPSHOTS_HAS_SPACE
[07:19:45] 
[07:19:45] SnapshotRepo: check_status(): exit
[07:19:45] SnapshotRepo: available()
[07:19:45] is_available: ok
[07:19:45] SnapshotRepo: has_space() - 0 required (0 B)
[07:19:45] Device: get_disk_space_using_df(): 1
[07:19:45] no snapshots
[07:19:45] 
[07:19:45] page: 2
[07:19:45] Main: create_snapshot()
[07:19:45] SnapshotRepo: has_space() - 0 required (0 B)
[07:19:45] Device: get_disk_space_using_df(): 1
[07:19:45] no snapshots
[07:19:45] mkdir: /run/timeshift/2218/backup/timeshift/snapshots
[07:19:45] Main: backup_and_rotate()
[07:19:45] SnapshotRepo: available()
[07:19:45] is_available: ok
[07:19:45] ------------------------------------------------------------------------------
[07:19:45] Estimating system size...
[07:19:45] estimate_system_size()
[07:19:45] Main: save_exclude_list_for_backup()
[07:19:45] Main: create_exclude_list_for_backup()
[07:19:45] Main: create_exclude_list_for_backup(): exit
[07:19:45] AsyncTask:execute()
[07:19:45] export LC_ALL=C.UTF-8
rsync -aii --recursive --verbose --delete --force --stats --sparse --delete-excluded --dry-run --exclude-from='/tmp/timeshift-771Ntq6g/exclude.list' --delete-excluded '/' '/tmp/timeshift-771Ntq6g/empty/'
[07:19:45] AsyncTask:prepare(): saved: /tmp/timeshift-771Ntq6g/2026-05-20_07-19-45/script.sh
[07:19:45] AsyncTask: child_pid: 2290
[07:19:47] AsyncTask: finish(): enter
[07:19:47] exit_code: 0
[07:19:47] Main: save_app_config()
[07:19:47] SnapshotRepo: available()
[07:19:47] is_available: ok
[07:19:47] SnapshotRepo: available()
[07:19:47] is_available: ok
[07:19:47] SnapshotRepo: has_snapshots()
[07:19:47] App config saved: /etc/timeshift/timeshift.json
[07:19:47] estimate_system_size(): ok
[07:19:47] Creating new snapshot...(RSYNC)
[07:19:47] Saving to device: /dev/nvme0n1p2, mounted at path: /run/timeshift/2218/backup
[07:19:47] Main: save_exclude_list_for_backup()
[07:19:47] Main: create_exclude_list_for_backup()
[07:19:47] Main: create_exclude_list_for_backup(): exit
[07:19:47] Syncing files with rsync...
[07:19:47] AsyncTask:execute()
[07:19:47] export LC_ALL=C.UTF-8
rsync -aii --recursive --verbose --delete --force --stats --sparse --delete-excluded --log-file='/run/timeshift/2218/backup/timeshift/snapshots/2026-05-20_07-19-45/rsync-log' --exclude-from='/run/timeshift/2218/backup/timeshift/snapshots/2026-05-20_07-19-45/exclude.list' --delete-excluded '/' '/run/timeshift/2218/backup/timeshift/snapshots/2026-05-20_07-19-45/localhost/'
[07:19:47] AsyncTask:prepare(): saved: /tmp/timeshift-771Ntq6g/2026-05-20_07-19-47/script.sh
[07:19:47] AsyncTask: child_pid: 2297
[07:19:54] AsyncTask: finish(): enter
[07:19:54] exit_code: 11
[07:19:54] E: Error writing to file: No space left on device
[07:19:54] E: Failed to write file: /run/timeshift/2218/backup/timeshift/snapshots/2026-05-20_07-19-45/rsync-log-changes
[07:19:54] E: rsync returned an error
[07:19:54] E: Failed to create new snapshot
[07:19:54] Failed to create snapshot
[07:19:54] pkexec --user andrei env DISPLAY=$DISPLAY XAUTHORITY=$XAUTHORITY DBUS_SESSION_BUS_ADDRESS=$DBUS_SESSION_BUS_ADDRESS notify-send -t 10000 -u low -i gtk-dialog-info "TimeShift" "Failed to create snapshot" -h string:desktop-entry:timeshift-gtk
[07:19:54] ------------------------------------------------------------------------------
[07:19:54] SnapshotRepo: load_snapshots()
[07:19:54] loading snapshots from '/run/timeshift/2218/backup/timeshift/snapshots': 0 found
[07:19:54] E: Error creating directory /run/timeshift/2218/backup/timeshift/snapshots-boot: No space left on device
[07:19:54] E: Error creating directory /run/timeshift/2218/backup/timeshift/snapshots-hourly: No space left on device
[07:19:54] E: Error creating directory /run/timeshift/2218/backup/timeshift/snapshots-daily: No space left on device
[07:19:54] E: Error creating directory /run/timeshift/2218/backup/timeshift/snapshots-weekly: No space left on device
[07:19:54] E: Error creating directory /run/timeshift/2218/backup/timeshift/snapshots-monthly: No space left on device
[07:19:54] E: Error creating directory /run/timeshift/2218/backup/timeshift/snapshots-ondemand: No space left on device
[07:19:54] Symlinks updated
[07:19:54] 
[07:19:54] page: 3
[07:19:55] SnapshotRepo: available()
[07:19:55] is_available: ok
[07:19:55] SnapshotRepo: load_snapshots()
[07:19:55] loading snapshots from '/run/timeshift/2218/backup/timeshift/snapshots': 0 found
[07:19:55] SnapshotRepo: check_status()
[07:19:55] SnapshotRepo: available()
[07:19:55] is_available: ok
[07:19:55] SnapshotRepo: has_snapshots()
[07:19:55] SnapshotRepo: has_space() - 0 required (0 B)
[07:19:55] Device: get_disk_space_using_df(): 1
[07:19:55] no snapshots
[07:19:55] Snapshot device: '/dev/nvme0n1p2'
[07:19:55] Snapshot location: /run/timeshift/2218/backup
[07:19:55] No snapshots on this device
[07:19:55] First snapshot requires: 0 B
[07:19:55] Status: NO_SNAPSHOTS_HAS_SPACE
[07:19:55] 
[07:19:55] SnapshotRepo: check_status(): exit
[07:19:55] SnapshotRepo: has_snapshots()
[07:19:55] SnapshotRepo: has_snapshots()
