[INFO] System health (read-only) — ~5s
[INFO] Memory
[INFO] Disk
[INFO] Sysctl
[INFO] Processes
[INFO] KernelSecurity
[INFO] FDLimits
[INFO] Systemd
[INFO] Clock
[INFO] CPU
[INFO] Swap
[INFO] IO
[INFO] Network
[INFO] done in 1.3s
Memory       OK
Disk         OK
Sysctl       OK
Processes    CRIT  74 zombie processes detected
KernelSecurity OK
FDLimits     OK
Systemd      OK
Clock        OK
CPU          OK
Swap         OK
IO           CRIT  disk nvme0n1 await latency 6.0 ms
Network      OK
──────────────────────────────────────────────────
CRIT: Processes: 74 zombie processes detected
   -> ps aux | grep Z
   -> cat /proc/*/status | grep -E '^Name|^State' | paste - -
CRIT: IO: disk nvme0n1 await latency 6.0 ms
   -> iostat -x 1 5
   -> iotop -ao
[INFO] System health (read-only) — ~5s
[INFO] Memory
[INFO] Sysctl
[INFO] Disk
[INFO] Systemd
[INFO] Processes
[INFO] Clock
[INFO] KernelSecurity
[INFO] FDLimits
[INFO] CPU
[INFO] Swap
[INFO] IO
[INFO] Network
[INFO] done in 1.3s
Memory       OK
Sysctl       OK
Disk         OK
Systemd      OK
Processes    OK
Clock        OK
KernelSecurity OK
FDLimits     OK
CPU          OK
Swap         OK
IO           OK
Network      OK
──────────────────────────────────────────────────
OK: All checks passed
[INFO] System health (read-only) — ~5s
[INFO] Memory
[INFO] Sysctl
[INFO] Disk
[INFO] Systemd
[INFO] Processes
[INFO] Clock
[INFO] FDLimits
[INFO] KernelSecurity
[INFO] CPU
[INFO] IO
[INFO] Swap
[INFO] Network
[INFO] done in 1.2s
Memory       OK
Sysctl       OK
Disk         OK
Systemd      OK
Processes    OK
Clock        OK
FDLimits     OK
KernelSecurity OK
CPU          OK
IO           OK
Swap         OK
Network      OK
──────────────────────────────────────────────────
OK: All checks passed
[INFO] System health (read-only) — ~5s
[INFO] Disk
[INFO] Memory
[INFO] Sysctl
[INFO] Systemd
[INFO] Processes
[INFO] KernelSecurity
[INFO] Clock
[INFO] FDLimits
[INFO] CPU
[INFO] IO
[INFO] Swap
[INFO] Network
[INFO] done in 1.3s
Disk         OK
Memory       OK
Sysctl       OK
Systemd      OK
Processes    OK
KernelSecurity OK
Clock        OK
FDLimits     OK
CPU          OK
IO           OK
Swap         OK
Network      OK
──────────────────────────────────────────────────
OK: All checks passed
[INFO] System health (read-only) — ~5s
[INFO] Memory
[INFO] Sysctl
[INFO] Disk
[INFO] Systemd
[INFO] Processes
[INFO] KernelSecurity
[INFO] Clock
[INFO] FDLimits
[INFO] CPU
[INFO] Swap
[INFO] IO
[INFO] Network
[INFO] done in 1.2s
Memory       OK
Sysctl       OK
Disk         OK
Systemd      OK
Processes    OK
KernelSecurity OK
Clock        OK
FDLimits     OK
CPU          OK
Swap         OK
IO           OK
Network      OK
──────────────────────────────────────────────────
OK: All checks passed
[INFO] System health (read-only) — ~5s
[INFO] Memory
[INFO] Sysctl
[INFO] Disk
[INFO] Systemd
[INFO] Processes
[INFO] KernelSecurity
[INFO] Clock
[INFO] FDLimits
[INFO] CPU
[INFO] IO
[INFO] Swap
[INFO] Network
[INFO] done in 1.3s
Memory       OK
Sysctl       OK
Disk         OK
Systemd      OK
Processes    OK
KernelSecurity OK
Clock        OK
FDLimits     OK
CPU          OK
IO           WARN  disk nvme1n1 await latency 3.8 ms
Swap         OK
Network      OK
──────────────────────────────────────────────────
WARN: IO: disk nvme1n1 await latency 3.8 ms
   -> iostat -x 1 5
   -> iotop -ao
[INFO] System health (read-only) — ~5s
[INFO] Memory
[INFO] Sysctl
[INFO] Disk
[INFO] Systemd
[INFO] Processes
[INFO] KernelSecurity
[INFO] Clock
[INFO] FDLimits
[INFO] CPU
[INFO] Swap
[INFO] IO
[INFO] Network
[INFO] done in 1.3s
Memory       OK
Sysctl       OK
Disk         OK
Systemd      OK
Processes    OK
KernelSecurity OK
Clock        OK
FDLimits     OK
CPU          OK
Swap         OK
IO           WARN  disk nvme1n1 await latency 3.9 ms
Network      OK
──────────────────────────────────────────────────
WARN: IO: disk nvme1n1 await latency 3.9 ms
   -> iostat -x 1 5
   -> iotop -ao
[INFO] System health (read-only) — ~5s
[INFO] Memory
[INFO] Disk
[INFO] Sysctl
[INFO] Systemd
[INFO] Processes
[INFO] KernelSecurity
[INFO] Clock
[INFO] FDLimits
[INFO] CPU
[INFO] Swap
[INFO] IO
[INFO] Network
[INFO] done in 1.3s
Memory       OK
Disk         OK
Sysctl       OK
Systemd      OK
Processes    OK
KernelSecurity OK
Clock        OK
FDLimits     OK
CPU          OK
Swap         OK
IO           WARN  disk nvme1n1 await latency 4.0 ms
Network      OK
──────────────────────────────────────────────────
WARN: IO: disk nvme1n1 await latency 4.0 ms
   -> iostat -x 1 5
   -> iotop -ao
[INFO] System health (read-only) — ~5s
[INFO] Memory
[INFO] Disk
[INFO] Sysctl
[INFO] Systemd
[INFO] Processes
[INFO] KernelSecurity
[INFO] Clock
[INFO] FDLimits
[INFO] CPU
[INFO] Swap
[INFO] IO
[INFO] Network
[INFO] done in 1.3s
Memory       OK
Disk         OK
Sysctl       OK
Systemd      OK
Processes    OK
KernelSecurity OK
Clock        OK
FDLimits     OK
CPU          OK
Swap         OK
IO           CRIT  disk nvme1n1 await latency 5.5 ms
Network      OK
──────────────────────────────────────────────────
CRIT: IO: disk nvme1n1 await latency 5.5 ms
   -> iostat -x 1 5
   -> iotop -ao
[INFO] System health — ~5s
[INFO] step 1/12
[INFO] step 2/12
[INFO] step 3/12
[INFO] step 4/12
[INFO] step 5/12
[INFO] step 6/12
[INFO] step 7/12
[INFO] step 8/12
[INFO] step 9/12
[INFO] step 10/12
[INFO] step 11/12
[INFO] step 12/12
[INFO] done in 1.3s
Clock        OK
Memory       OK
Sysctl       OK
Disk         OK
Systemd      OK
Processes    OK
KernelSec    OK
FDLimits     OK
CPU          OK
IO           CRIT  disk nvme1n1 await latency 5.7 ms
Swap         OK
Network      OK
──────────────────────────────────────────────────
CRIT: IO: disk nvme1n1 await latency 5.7 ms
   -> to inspect: iostat -x 1 5
   -> to inspect: iotop -ao
[INFO] System health — ~5s
[INFO] step 1/12
[INFO] step 2/12
[INFO] step 3/12
[INFO] step 4/12
[INFO] step 5/12
[INFO] step 6/12
[INFO] step 7/12
[INFO] step 8/12
[INFO] step 9/12
[INFO] step 10/12
[INFO] step 11/12
[INFO] step 12/12
[INFO] done in 1.3s
Clock        OK
Memory       OK
Sysctl       OK
Disk         OK
Systemd      OK
Processes    OK
KernelSec    OK
FDLimits     OK
CPU          OK
IO           OK
Swap         OK
Network      OK
──────────────────────────────────────────────────
OK: All checks passed in 1.3s
⚡ DashDiag (dsd)
[INFO] System health — ~5s
[INFO] step 1/12
[INFO] step 2/12
[INFO] step 3/12
[INFO] step 4/12
[INFO] step 5/12
[INFO] step 6/12
[INFO] step 7/12
[INFO] step 8/12
[INFO] step 9/12
[INFO] step 10/12
[INFO] step 11/12
[INFO] step 12/12
[INFO] done in 1.3s
Clock        OK
Memory       OK
Sysctl       OK
Disk         OK
Systemd      OK
Processes    OK
FDLimits     OK
KernelSec    OK
CPU          OK
IO           OK
Swap         OK
Network      OK
────────────────────────────────────────────────────────
OK: All checks passed in 1.3s
⚡ DashDiag (dsd) v0.2.0-27-gc5e15e9-dirty
[INFO] System health — ~5s
[INFO] step 1/12
[INFO] step 2/12
[INFO] step 3/12
[INFO] step 4/12
[INFO] step 5/12
[INFO] step 6/12
[INFO] step 7/12
[INFO] step 8/12
[INFO] step 9/12
[INFO] step 10/12
[INFO] step 11/12
[INFO] step 12/12
[INFO] done in 1.2s
Clock        OK
Memory       OK
Disk         OK
Sysctl       OK
Systemd      OK
Processes    OK
KernelSec    OK
FDLimits     OK
CPU          OK
Swap         OK
IO           OK
Network      OK
────────────────────────────────────────────────────────
OK: All checks passed in 1.2s
⚡ DashDiag (dsd) v0.2.0-27-gc5e15e9-dirty
[INFO] System health — ~5s
[INFO] step 1/12
[INFO] step 2/12
[INFO] step 3/12
[INFO] step 4/12
[INFO] step 5/12
[INFO] step 6/12
[INFO] step 7/12
[INFO] step 8/12
[INFO] step 9/12
[INFO] step 10/12
[INFO] step 11/12
[INFO] step 12/12
[INFO] done in 1.2s
Clock        OK
Memory       OK
Disk         OK
Sysctl       OK
Systemd      OK
Processes    OK
KernelSec    OK
FDLimits     OK
CPU          OK
Swap         OK
IO           OK
Network      OK
────────────────────────────────────────────────────────
OK: All checks passed in 1.2s
⚡ DashDiag (dsd) v0.2.0-27-gc5e15e9-dirty
[INFO] System health — ~5s
[INFO] step 1/12
[INFO] step 2/12
[INFO] step 3/12
[INFO] step 4/12
[INFO] step 5/12
[INFO] step 6/12
[INFO] step 7/12
[INFO] step 8/12
[INFO] step 9/12
[INFO] step 10/12
[INFO] step 11/12
[INFO] step 12/12
[INFO] done in 1.2s
Clock        OK
Memory       OK
Sysctl       OK
Disk         OK
Systemd      OK
Processes    OK
KernelSec    OK
FDLimits     OK
CPU          OK
IO           OK
Swap         OK
Network      OK
────────────────────────────────────────────────────────
OK: All checks passed in 1.2s
⚡ DashDiag (dsd) v0.2.0-27-gc5e15e9-dirty
[INFO] System health — ~5s
[INFO] step 1/12
[INFO] step 2/12
[INFO] step 3/12
[INFO] step 4/12
[INFO] step 5/12
[INFO] step 6/12
[INFO] step 7/12
[INFO] step 8/12
[INFO] step 9/12
[INFO] step 10/12
[INFO] step 11/12
[INFO] step 12/12
[INFO] done in 1.3s
Clock        OK
Memory       OK
Sysctl       OK
Disk         OK
Systemd      OK
Processes    OK
KernelSec    OK
FDLimits     OK
CPU          OK
Swap         OK
IO           OK
Network      OK
────────────────────────────────────────────────────────
OK: All checks passed in 1.3s
⚡ DashDiag (dsd) v0.2.0-32-g5034efd-dirty
[INFO] System health — ~5s
[INFO] step 1/14
[INFO] step 2/14
[INFO] step 3/14
[INFO] step 4/14
[INFO] step 5/14
[INFO] step 6/14
[INFO] step 7/14
[INFO] step 8/14
[INFO] step 9/14
[INFO] step 10/14
[INFO] step 11/14
[INFO] step 12/14
[INFO] step 13/14
⚡ DashDiag (dsd) v0.2.0-32-g5034efd-dirty
[INFO] System health — ~5s
[INFO] step 1/15
[INFO] step 2/15
[INFO] step 3/15
[INFO] step 4/15
[INFO] step 5/15
[INFO] step 6/15
[INFO] step 7/15
[INFO] step 8/15
[INFO] step 9/15
[INFO] step 10/15
[INFO] step 11/15
[INFO] step 12/15
[INFO] step 13/15
[INFO] step 14/15
⚡ DashDiag (dsd) v0.2.0-32-g5034efd-dirty
[INFO] System health — ~5s
[INFO] step 1/15
[INFO] step 2/15
[INFO] step 3/15
[INFO] step 4/15
[INFO] step 5/15
[INFO] step 6/15
[INFO] step 7/15
[INFO] step 8/15
[INFO] step 9/15
[INFO] step 10/15
[INFO] step 11/15
[INFO] step 12/15
[INFO] step 13/15
[INFO] step 14/15
[INFO] step 15/15
[INFO] done in 1.3s
Entropy      OK
Memory       OK
Clock        OK
Disk         OK
Systemd      OK
Sysctl       WARN  fs.inotify.max_user_watches=122241 is low for k8s (recommended: 524288)
Processes    OK
Hardening    WARN  2 unexpected port(s) listening on all interfaces: 10250/tcp, 6443/tcp
KernelSec    OK
FDLimits     OK
CPU          OK
Logs         OK
Swap         OK
IO           WARN  disk nvme1n1 await latency 4.0 ms
Network      OK
────────────────────────────────────────────────────────
WARN: Sysctl: fs.inotify.max_user_watches=122241 is low for k8s (recommended: 524288)
   -> to fix: sysctl -w fs.inotify.max_user_watches=524288
WARN: Sysctl: vm.swappiness=60 is high for k8s node (recommended: ≤ 10)
   -> to fix: sysctl -w vm.swappiness=10
WARN: Hardening: 2 unexpected port(s) listening on all interfaces: 10250/tcp, 6443/tcp
   -> to inspect: ss -tlnp
   -> to inspect: ss -tlnp | grep :10250
   -> to inspect: ss -tlnp | grep :6443
WARN: IO: disk nvme1n1 await latency 4.0 ms
   -> to inspect: iostat -x 1 5
   -> to inspect: iotop -ao
⚡ DashDiag (dsd) v0.2.0-32-g5034efd-dirty
[INFO] System health — ~5s
[INFO] step 1/15
[INFO] step 2/15
[INFO] step 3/15
[INFO] step 4/15
[INFO] step 5/15
[INFO] step 6/15
[INFO] step 7/15
[INFO] step 8/15
[INFO] step 9/15
[INFO] step 10/15
[INFO] step 11/15
[INFO] step 12/15
[INFO] step 13/15
[INFO] step 14/15
[INFO] step 15/15
[INFO] done in 1.2s
Memory       OK
Entropy      OK
Clock        OK
Disk         OK
Systemd      OK
Hardening    WARN  2 unexpected port(s) listening on all interfaces: 10250/tcp, 6443/tcp
Sysctl       WARN  fs.inotify.max_user_watches=122241 is low for k8s (recommended: 524288)
Processes    OK
KernelSec    OK
FDLimits     OK
CPU          OK
Logs         OK
IO           OK
Swap         OK
Network      OK
────────────────────────────────────────────────────────
WARN: Hardening: 2 unexpected port(s) listening on all interfaces: 10250/tcp, 6443/tcp
   -> to inspect: ss -tlnp
   -> to inspect: ss -tlnp | grep :10250
   -> to inspect: ss -tlnp | grep :6443
WARN: Sysctl: fs.inotify.max_user_watches=122241 is low for k8s (recommended: 524288)
   -> to fix: sysctl -w fs.inotify.max_user_watches=524288
WARN: Sysctl: vm.swappiness=60 is high for k8s node (recommended: ≤ 10)
   -> to fix: sysctl -w vm.swappiness=10
⚡ DashDiag (dsd) v0.2.0-32-g5034efd-dirty
[INFO] System health — ~5s
[INFO] step 1/15
[INFO] step 2/15
[INFO] step 3/15
[INFO] step 4/15
[INFO] step 5/15
[INFO] step 6/15
[INFO] step 7/15
[INFO] step 8/15
[INFO] step 9/15
[INFO] step 10/15
[INFO] step 11/15
[INFO] step 12/15
[INFO] step 13/15
[INFO] step 14/15
[INFO] step 15/15
[INFO] done in 1.3s
Entropy      OK
Memory       OK
Clock        OK
Disk         OK
Systemd      OK
Hardening    WARN  2 unexpected port(s) listening on all interfaces: 10250/tcp, 6443/tcp
Sysctl       WARN  fs.inotify.max_user_watches=122241 is low for k8s (recommended: 524288)
KernelSec    OK
Processes    OK
FDLimits     OK
CPU          OK
Logs         OK
Swap         OK
IO           WARN  disk nvme1n1 await latency 4.0 ms
Network      OK
────────────────────────────────────────────────────────
WARN: Hardening: 2 unexpected port(s) listening on all interfaces: 10250/tcp, 6443/tcp
   -> to inspect: ss -tlnp
   -> to inspect: ss -tlnp | grep :10250
   -> to inspect: ss -tlnp | grep :6443
WARN: Sysctl: fs.inotify.max_user_watches=122241 is low for k8s (recommended: 524288)
   -> to fix: sysctl -w fs.inotify.max_user_watches=524288
WARN: Sysctl: vm.swappiness=60 is high for k8s node (recommended: ≤ 10)
   -> to fix: sysctl -w vm.swappiness=10
WARN: IO: disk nvme1n1 await latency 4.0 ms
   -> to inspect: iostat -x 1 5
   -> to inspect: iotop -ao
⚡ DashDiag (dsd) v0.2.0-32-g5034efd-dirty
[INFO] System health — ~5s
[INFO] step 1/15
[INFO] step 2/15
[INFO] step 3/15
[INFO] step 4/15
[INFO] step 5/15
[INFO] step 6/15
[INFO] step 7/15
[INFO] step 8/15
[INFO] step 9/15
[INFO] step 10/15
[INFO] step 11/15
[INFO] step 12/15
[INFO] step 13/15
[INFO] step 14/15
[INFO] step 15/15
[INFO] done in 1.3s
Memory       OK
Entropy      OK
Disk         OK
Clock        OK
Systemd      OK
Sysctl       WARN  fs.inotify.max_user_watches=122241 is low for k8s (recommended: 524288)
Processes    OK
Hardening    WARN  2 unexpected port(s) listening on all interfaces: 10250/tcp, 6443/tcp
KernelSec    OK
FDLimits     OK
CPU          OK
Logs         OK
Swap         OK
IO           OK
Network      OK
────────────────────────────────────────────────────────
WARN: Sysctl: fs.inotify.max_user_watches=122241 is low for k8s (recommended: 524288)
   -> to fix: sysctl -w fs.inotify.max_user_watches=524288
WARN: Sysctl: vm.swappiness=60 is high for k8s node (recommended: ≤ 10)
   -> to fix: sysctl -w vm.swappiness=10
WARN: Hardening: 2 unexpected port(s) listening on all interfaces: 10250/tcp, 6443/tcp
   -> to inspect: ss -tlnp
   -> to inspect: ss -tlnp | grep :10250
   -> to inspect: ss -tlnp | grep :6443
⚡ DashDiag (dsd) v0.2.0-32-g5034efd-dirty
[INFO] System health — ~5s
[INFO] step 1/15
[INFO] step 2/15
[INFO] step 3/15
[INFO] step 4/15
[INFO] step 5/15
[INFO] step 6/15
[INFO] step 7/15
[INFO] step 8/15
[INFO] step 9/15
[INFO] step 10/15
[INFO] step 11/15
[INFO] step 12/15
[INFO] step 13/15
[INFO] step 14/15
[INFO] step 15/15
[INFO] done in 1.3s
Entropy      OK
Memory       OK
Clock        OK
Disk         OK
Systemd      OK
Sysctl       WARN  fs.inotify.max_user_watches=122241 is low for k8s (recommended: 524288)
Processes    WARN  1 zombie process(es) detected
KernelSec    OK
FDLimits     OK
Hardening    WARN  2 unexpected port(s) listening on all interfaces: 10250/tcp, 6443/tcp
CPU          OK
Logs         OK
Swap         OK
IO           WARN  disk nvme1n1 await latency 3.8 ms
Network      OK
────────────────────────────────────────────────────────
WARN: Sysctl: fs.inotify.max_user_watches=122241 is low for k8s (recommended: 524288)
   -> to fix: sysctl -w fs.inotify.max_user_watches=524288
WARN: Sysctl: vm.swappiness=60 is high for k8s node (recommended: ≤ 10)
   -> to fix: sysctl -w vm.swappiness=10
WARN: Processes: 1 zombie process(es) detected
   -> to inspect: ps aux | grep Z
WARN: Hardening: 2 unexpected port(s) listening on all interfaces: 10250/tcp, 6443/tcp
   -> to inspect: ss -tlnp
   -> to inspect: ss -tlnp | grep :10250
   -> to inspect: ss -tlnp | grep :6443
WARN: IO: disk nvme1n1 await latency 3.8 ms
   -> to inspect: iostat -x 1 5
   -> to inspect: iotop -ao
[INFO] step 15/15
[INFO] done in 19099.7s
Entropy      OK
Memory       OK
Clock        OK
Disk         OK
Sysctl       OK
Systemd      OK
Processes    OK
KernelSec    OK
FDLimits     OK
CPU          OK
Swap         OK
IO           WARN  disk nvme1n1 await latency 4.0 ms
Packages     OK
Network      OK
Logs         OK
────────────────────────────────────────────────────────
WARN: IO: disk nvme1n1 await latency 4.0 ms
   -> to inspect: iostat -x 1 5
   -> to inspect: iotop -ao
⚡ DashDiag (dsd) v0.2.0-32-g5034efd-dirty
[INFO] System health — ~5s
[INFO] step 1/15
[INFO] step 2/15
[INFO] step 3/15
[INFO] step 4/15
[INFO] step 5/15
[INFO] step 6/15
[INFO] step 7/15
[INFO] step 8/15
[INFO] step 9/15
[INFO] step 10/15
[INFO] step 11/15
[INFO] step 12/15
[INFO] step 13/15
[INFO] step 14/15
[INFO] step 15/15
[INFO] done in 1.7s
Entropy      OK
Disk         OK
Memory       CRIT  RAM usage at 97% (0.1 GB free of 15.2 GB total)
Clock        OK
Systemd      OK
Sysctl       WARN  fs.inotify.max_user_watches=122238 is low for k8s (recommended: 524288)
Processes    CRIT  9 hung (uninterruptible) processes
FDLimits     OK
CPU          CRIT  load average at 264% of capacity (42.19 / 16 CPUs)
Logs         CRIT  5 OOM kill(s) in the last hour — processes killed: traefik, coredns, stress
KernelSec    OK
Swap         CRIT  heavy swap activity: 27618 pages/s in, 296208 pages/s out
IO           CRIT  disk nvme1n1 await latency 28.5 ms
Hardening    WARN  2 unexpected port(s) listening on all interfaces: 6443/tcp, 10250/tcp
Network      OK
────────────────────────────────────────────────────────
CRIT: Memory: RAM usage at 97% (0.1 GB free of 15.2 GB total)
   -> to inspect: free -h
   -> to inspect: ps aux --sort=-%mem | head -10
CRIT: Memory: memory overcommitted — OOM kill risk
   -> to inspect: cat /proc/meminfo | grep -E 'CommitLimit|Committed_AS'
   -> to inspect: sysctl vm.overcommit_memory
CRIT: Processes: 9 hung (uninterruptible) processes
   -> to inspect: ps aux | grep ' D '
   -> to inspect: for pid in $(ps -eo pid,stat | awk '$2~/D/{print $1}'); do cat /proc/$pid/wchan 2>/dev/null; done
CRIT: CPU: load average at 264% of capacity (42.19 / 16 CPUs)
   -> to inspect: uptime
   -> to inspect: ps aux --sort=-%cpu | head -10
   -> to inspect: top -b -n1 | head -25
CRIT: Logs: 5 OOM kill(s) in the last hour — processes killed: traefik, coredns, stress
   -> to inspect: dmesg | grep -i 'out of memory'
   -> to inspect: free -h
CRIT: Swap: heavy swap activity: 27618 pages/s in, 296208 pages/s out
   -> to inspect: vmstat 1 5
   -> to inspect: sar -W 1 5
   -> to inspect: ps aux --sort=-%mem | head -10
CRIT: IO: disk nvme1n1 await latency 28.5 ms
   -> to inspect: iostat -x 1 5
   -> to inspect: iotop -ao
WARN: Sysctl: fs.inotify.max_user_watches=122238 is low for k8s (recommended: 524288)
   -> to fix: sysctl -w fs.inotify.max_user_watches=524288
WARN: Sysctl: vm.swappiness=60 is high for k8s node (recommended: ≤ 10)
   -> to fix: sysctl -w vm.swappiness=10
WARN: Swap: swap usage at 56% (4.4 GB used)
   -> to inspect: free -h
   -> to inspect: vmstat 1 5
WARN: Hardening: 2 unexpected port(s) listening on all interfaces: 6443/tcp, 10250/tcp
   -> to inspect: ss -tlnp
   -> to inspect: ss -tlnp | grep :6443
   -> to inspect: ss -tlnp | grep :10250
⚡ DashDiag (dsd) v0.2.0-32-g5034efd-dirty
[INFO] System health — ~5s
[INFO] step 1/17
[INFO] step 2/17
[INFO] step 3/17
[INFO] step 4/17
[INFO] step 5/17
[INFO] step 6/17
[INFO] step 7/17
[INFO] step 8/17
[INFO] step 9/17
[INFO] step 10/17
[INFO] step 11/17
[INFO] step 12/17
[INFO] step 13/17
[INFO] step 14/17
[INFO] step 15/17
[INFO] step 16/17
[INFO] step 17/17
[INFO] done in 1.5s
Memory       CRIT  RAM usage at 97% (0.2 GB free of 15.2 GB total)
Clock        OK
Thermal      WARN  CPU temperature 88.25°C — elevated (source: k10temp)
Disk         OK
Systemd      OK
Entropy      OK
Battery      OK
Sysctl       WARN  fs.inotify.max_user_watches=122238 is low for k8s (recommended: 524288)
Processes    WARN  2 hung (uninterruptible) process(es)
FDLimits     OK
KernelSec    OK
Hardening    WARN  2 unexpected port(s) listening on all interfaces: 6443/tcp, 10250/tcp
CPU          CRIT  load average at 271% of capacity (43.33 / 16 CPUs)
Logs         CRIT  5 OOM kill(s) in the last hour — processes killed: traefik, coredns, stress
Swap         CRIT  swap usage at 87% (6.8 GB used)
IO           CRIT  disk nvme1n1 await latency 20.9 ms
Network      CRIT  gateway ping is 201 ms — severe latency
────────────────────────────────────────────────────────
CRIT: Memory: RAM usage at 97% (0.2 GB free of 15.2 GB total)
   -> to inspect: free -h
   -> to inspect: ps aux --sort=-%mem | head -10
CRIT: Memory: memory overcommitted — OOM kill risk
   -> to inspect: cat /proc/meminfo | grep -E 'CommitLimit|Committed_AS'
   -> to inspect: sysctl vm.overcommit_memory
CRIT: CPU: load average at 271% of capacity (43.33 / 16 CPUs)
   -> to inspect: uptime
   -> to inspect: ps aux --sort=-%cpu | head -10
   -> to inspect: top -b -n1 | head -25
CRIT: Logs: 5 OOM kill(s) in the last hour — processes killed: traefik, coredns, stress
   -> to inspect: dmesg | grep -i 'out of memory'
   -> to inspect: free -h
CRIT: Swap: swap usage at 87% (6.8 GB used)
   -> to inspect: free -h
   -> to inspect: vmstat 1 5
CRIT: Swap: heavy swap activity: 120794 pages/s in, 212730 pages/s out
   -> to inspect: vmstat 1 5
   -> to inspect: sar -W 1 5
   -> to inspect: ps aux --sort=-%mem | head -10
CRIT: IO: disk nvme1n1 await latency 20.9 ms
   -> to inspect: iostat -x 1 5
   -> to inspect: iotop -ao
CRIT: Network: gateway ping is 201 ms — severe latency
   -> to inspect: ping -c5 $(ip route | awk '/default/{print $3}')
   -> to inspect: ip route
CRIT: Network: gateway packet loss 50%
   -> to inspect: ping -c20 $(ip route | awk '/default/{print $3}')
   -> to inspect: ip link show
WARN: Thermal: CPU temperature 88.25°C — elevated (source: k10temp)
   -> to inspect: cat /sys/class/hwmon/hwmon*/temp*_input
WARN: Sysctl: fs.inotify.max_user_watches=122238 is low for k8s (recommended: 524288)
   -> to fix: sysctl -w fs.inotify.max_user_watches=524288
WARN: Sysctl: vm.swappiness=60 is high for k8s node (recommended: ≤ 10)
   -> to fix: sysctl -w vm.swappiness=10
WARN: Processes: 2 hung (uninterruptible) process(es)
   -> to inspect: ps aux | grep ' D '
WARN: Hardening: 2 unexpected port(s) listening on all interfaces: 6443/tcp, 10250/tcp
   -> to inspect: ss -tlnp
   -> to inspect: ss -tlnp | grep :6443
   -> to inspect: ss -tlnp | grep :10250
WARN: Hardening: NOPASSWD sudo for: andrei
   -> to inspect: sudo -l
   -> to inspect: cat /etc/sudoers
WARN: Network/DNS: DNS resolution took 513 ms
   -> to inspect: dig @8.8.8.8 google.com
   -> to inspect: cat /etc/resolv.conf
⚡ DashDiag (dsd) v0.2.0-32-g5034efd-dirty
[INFO] System health — ~5s
[INFO] step 1/18
[INFO] step 2/18
[INFO] step 3/18
[INFO] step 4/18
[INFO] step 5/18
[INFO] step 6/18
[INFO] step 7/18
[INFO] step 8/18
[INFO] step 9/18
[INFO] step 10/18
[INFO] step 11/18
[INFO] step 12/18
[INFO] step 13/18
[INFO] step 14/18
[INFO] step 15/18
[INFO] step 16/18
[INFO] step 17/18
[INFO] step 18/18
[INFO] done in 2.7s
Memory       CRIT  RAM usage at 98% (0.1 GB free of 15.2 GB total)
Disk         OK
Clock        OK
Entropy      OK
Thermal      WARN  CPU temperature 89.25°C — elevated (source: k10temp)
Systemd      OK
Battery      OK
NVMe         OK
Processes    CRIT  11 hung (uninterruptible) processes
Sysctl       WARN  fs.inotify.max_user_watches=122238 is low for k8s (recommended: 524288)
KernelSec    OK
FDLimits     OK
CPU          CRIT  load average at 257% of capacity (41.14 / 16 CPUs)
Logs         CRIT  5 OOM kill(s) in the last hour — processes killed: traefik, coredns, stress
Hardening    WARN  2 unexpected port(s) listening on all interfaces: 6443/tcp, 10250/tcp
IO           OK
Swap         CRIT  swap usage at 84% (6.5 GB used)
Network      CRIT  gateway ping is 201 ms — severe latency
────────────────────────────────────────────────────────
CRIT: Memory: RAM usage at 98% (0.1 GB free of 15.2 GB total)
   -> to inspect:
      free -h
      ps aux --sort=-%mem | head -10
CRIT: Memory: memory overcommitted — OOM kill risk
   -> to inspect:
      cat /proc/meminfo | grep -E 'CommitLimit|Committed_AS'
      sysctl vm.overcommit_memory
CRIT: Processes: 11 hung (uninterruptible) processes
   -> to inspect:
      ps aux | grep ' D '
      for pid in $(ps -eo pid,stat | awk '$2~/D/{print $1}'); do cat /proc/$pid/wchan 2>/dev/null; done
CRIT: CPU: load average at 257% of capacity (41.14 / 16 CPUs)
   -> to inspect:
      uptime
      ps aux --sort=-%cpu | head -10
      top -b -n1 | head -25
CRIT: Logs: 5 OOM kill(s) in the last hour — processes killed: traefik, coredns, stress
   -> to inspect:
      dmesg | grep -i 'out of memory'
      free -h
CRIT: Swap: swap usage at 84% (6.5 GB used)
   -> to inspect:
      free -h
      vmstat 1 5
CRIT: Swap: heavy swap activity: 94081 pages/s in, 235986 pages/s out
   -> to inspect:
      vmstat 1 5
      sar -W 1 5
      ps aux --sort=-%mem | head -10
CRIT: Network: gateway ping is 201 ms — severe latency
   -> to inspect:
      ping -c5 $(ip route | awk '/default/{print $3}')
      ip route
CRIT: Network: gateway packet loss 50%
   -> to inspect:
      ping -c20 $(ip route | awk '/default/{print $3}')
      ip link show
WARN: Thermal: CPU temperature 89.25°C — elevated (source: k10temp)
   -> to inspect: cat /sys/class/hwmon/hwmon*/temp*_input
WARN: Sysctl: fs.inotify.max_user_watches=122238 is low for k8s (recommended: 524288)
   -> to fix: sysctl -w fs.inotify.max_user_watches=524288
WARN: Sysctl: vm.swappiness=60 is high for k8s node (recommended: ≤ 10)
   -> to fix: sysctl -w vm.swappiness=10
WARN: Hardening: 2 unexpected port(s) listening on all interfaces: 6443/tcp, 10250/tcp
   -> to inspect:
      ss -tlnp
      ss -tlnp | grep :6443
      ss -tlnp | grep :10250
WARN: Hardening: NOPASSWD sudo for: andrei
   -> to inspect:
      sudo -l
      cat /etc/sudoers
WARN: Network/DNS: DNS resolution took 451 ms
   -> to inspect:
      dig @8.8.8.8 google.com
      cat /etc/resolv.conf
⚡ DashDiag (dsd) v0.2.0-32-g5034efd-dirty
[INFO] System health — ~5s
[INFO] step 1/18
[INFO] step 2/18
[INFO] step 3/18
[INFO] step 4/18
[INFO] step 5/18
[INFO] step 6/18
[INFO] step 7/18
[INFO] step 8/18
[INFO] step 9/18
[INFO] step 10/18
[INFO] step 11/18
[INFO] step 12/18
[INFO] step 13/18
[INFO] step 14/18
[INFO] step 15/18
[INFO] step 16/18
[INFO] step 17/18
[INFO] step 18/18
[INFO] done in 3.0s
Memory       CRIT  RAM usage at 97% (0.1 GB free of 15.2 GB total)
Disk         OK
Clock        OK
Thermal      CRIT  CPU temperature 98.375°C — thermal throttling active
Entropy      OK
Battery      OK
Systemd      OK
CPU          CRIT  load average at 272% of capacity (43.58 / 16 CPUs)
NVMe         OK
Sysctl       WARN  fs.inotify.max_user_watches=122241 is low for k8s (recommended: 524288)
FDLimits     OK
Processes    CRIT  6 hung (uninterruptible) processes
Logs         CRIT  5 OOM kill(s) in the last hour — processes killed: traefik, coredns, stress
KernelSec    OK
Hardening    WARN  2 unexpected port(s) listening on all interfaces: 6443/tcp, 10250/tcp
IO           WARN  disk nvme1n1 await latency 10.6 ms
Swap         CRIT  swap usage at 83% (6.5 GB used)
Network      CRIT  gateway ping is 364 ms — severe latency
────────────────────────────────────────────────────────
CRIT: Memory: RAM usage at 97% (0.1 GB free of 15.2 GB total)
   -> to inspect:
      free -h
      ps aux --sort=-%mem | head -10
CRIT: Memory: memory overcommitted — OOM kill risk
   -> to inspect:
      cat /proc/meminfo | grep -E 'CommitLimit|Committed_AS'
      sysctl vm.overcommit_memory
CRIT: Thermal: CPU temperature 98.375°C — thermal throttling active
   -> to inspect:
      cat /sys/class/hwmon/hwmon*/temp*_input
      check cooling and airflow
CRIT: CPU: load average at 272% of capacity (43.58 / 16 CPUs)
   -> to inspect:
      uptime
      ps aux --sort=-%cpu | head -10
      top -b -n1 | head -25
CRIT: Processes: 6 hung (uninterruptible) processes
   -> to inspect:
      ps aux | grep ' D '
      for pid in $(ps -eo pid,stat | awk '$2~/D/{print $1}'); do cat /proc/$pid/wchan 2>/dev/null; done
CRIT: Logs: 5 OOM kill(s) in the last hour — processes killed: traefik, coredns, stress
   -> to inspect:
      dmesg | grep -i 'out of memory'
      free -h
CRIT: Swap: swap usage at 83% (6.5 GB used)
   -> to inspect:
      free -h
      vmstat 1 5
CRIT: Swap: heavy swap activity: 104800 pages/s in, 221597 pages/s out
   -> to inspect:
      vmstat 1 5
      sar -W 1 5
      ps aux --sort=-%mem | head -10
CRIT: Network: gateway ping is 364 ms — severe latency
   -> to inspect:
      ping -c5 $(ip route | awk '/default/{print $3}')
      ip route
CRIT: Network: gateway packet loss 50%
   -> to inspect:
      ping -c20 $(ip route | awk '/default/{print $3}')
      ip link show
CRIT: Network/DNS: DNS resolution failed — cannot resolve hostnames
   -> to inspect:
      dig @8.8.8.8 google.com
      cat /etc/resolv.conf
      systemctl status systemd-resolved
WARN: Sysctl: fs.inotify.max_user_watches=122241 is low for k8s (recommended: 524288)
   -> to fix: sysctl -w fs.inotify.max_user_watches=524288
WARN: Sysctl: vm.swappiness=60 is high for k8s node (recommended: ≤ 10)
   -> to fix: sysctl -w vm.swappiness=10
WARN: Hardening: 2 unexpected port(s) listening on all interfaces: 6443/tcp, 10250/tcp
   -> to inspect:
      ss -tlnp
      ss -tlnp | grep :6443
      ss -tlnp | grep :10250
WARN: Hardening: NOPASSWD sudo for: andrei
   -> to inspect:
      sudo -l
      cat /etc/sudoers
WARN: IO: disk nvme1n1 await latency 10.6 ms
   -> to inspect:
      iostat -x 1 5
      iotop -ao
⚡ DashDiag (dsd) v0.2.0-32-g5034efd-dirty
[INFO] System health — ~5s
[INFO] step 1/19
[INFO] step 2/19
[INFO] step 3/19
[INFO] step 4/19
[INFO] step 5/19
[INFO] step 6/19
[INFO] step 7/19
[INFO] step 8/19
[INFO] step 9/19
[INFO] step 10/19
[INFO] step 11/19
[INFO] step 12/19
[INFO] step 13/19
[INFO] step 14/19
[INFO] step 15/19
[INFO] step 16/19
[INFO] step 17/19
[INFO] step 18/19
[INFO] step 19/19
[INFO] done in 2.4s
Clock        OK
Memory       OK
Disk         OK
Thermal      OK
Entropy      OK
Systemd      OK
Sysctl       WARN  fs.inotify.max_user_watches=122241 is low for k8s (recommended: 524288)
Processes    OK
NVMe         OK
FDLimits     OK
GPU          WARN  NVIDIA GeForce RTX 3070 Laptop GPU VRAM usage at 95% (7747/8192 MB)
KernelSec    OK
Battery      OK
Hardening    WARN  2 unexpected port(s) listening on all interfaces: 6443/tcp, 10250/tcp
CPU          OK
Logs         CRIT  5 OOM kill(s) in the last hour — processes killed: traefik, coredns, stress
IO           OK
Swap         WARN  swap activity detected: 16 pages/s in, 0 pages/s out
Network      CRIT  gateway ping is 201 ms — severe latency
────────────────────────────────────────────────────────
CRIT: Logs: 5 OOM kill(s) in the last hour — processes killed: traefik, coredns, stress
   -> to inspect:
      dmesg | grep -i 'out of memory'
      free -h
CRIT: Network: gateway ping is 201 ms — severe latency
   -> to inspect:
      ping -c5 $(ip route | awk '/default/{print $3}')
      ip route
CRIT: Network: gateway packet loss 50%
   -> to inspect:
      ping -c20 $(ip route | awk '/default/{print $3}')
      ip link show
WARN: Sysctl: fs.inotify.max_user_watches=122241 is low for k8s (recommended: 524288)
   -> to fix: sysctl -w fs.inotify.max_user_watches=524288
WARN: Sysctl: vm.swappiness=60 is high for k8s node (recommended: ≤ 10)
   -> to fix: sysctl -w vm.swappiness=10
WARN: GPU: NVIDIA GeForce RTX 3070 Laptop GPU VRAM usage at 95% (7747/8192 MB)
   -> to inspect: nvidia-smi --query-gpu=memory.used,memory.total --format=csv
WARN: Hardening: 2 unexpected port(s) listening on all interfaces: 6443/tcp, 10250/tcp
   -> to inspect:
      ss -tlnp
      ss -tlnp | grep :6443
      ss -tlnp | grep :10250
WARN: Hardening: NOPASSWD sudo for: andrei
   -> to inspect:
      sudo -l
      cat /etc/sudoers
WARN: Swap: swap activity detected: 16 pages/s in, 0 pages/s out
   -> to inspect:
      vmstat 1 5
      free -h
WARN: Network/DNS: DNS resolution took 209 ms
   -> to inspect:
      dig @8.8.8.8 google.com
      cat /etc/resolv.conf
⚡ DashDiag (dsd) v0.2.0-32-g5034efd-dirty
[INFO] System health — ~5s
[INFO] step 1/19
[INFO] step 2/19
[INFO] step 3/19
[INFO] step 4/19
[INFO] step 5/19
[INFO] step 6/19
[INFO] step 7/19
[INFO] step 8/19
[INFO] step 9/19
[INFO] step 10/19
[INFO] step 11/19
[INFO] step 12/19
[INFO] step 13/19
[INFO] step 14/19
[INFO] step 15/19
[INFO] step 16/19
[INFO] step 17/19
[INFO] step 18/19
[INFO] step 19/19
[INFO] done in 1.4s
Clock        OK
Memory       CRIT  RAM usage at 97% (0.2 GB free of 15.2 GB total)
Thermal      WARN  CPU temperature 89.375°C — elevated (source: k10temp)
Disk         OK
Entropy      OK
Battery      OK
CPU          CRIT  load average at 261% of capacity (41.76 / 16 CPUs)
Systemd      OK
GPU          OK
NVMe         OK
Logs         OK
Swap         CRIT  swap usage at 98% (7.7 GB used)
IO           WARN  disk nvme1n1 await latency 13.4 ms
Sysctl       WARN  fs.inotify.max_user_watches=122241 is low for k8s (recommended: 524288)
Processes    WARN  4 hung (uninterruptible) process(es)
KernelSec    OK
FDLimits     OK
Hardening    WARN  2 unexpected port(s) listening on all interfaces: 6443/tcp, 10250/tcp
Network      CRIT  gateway ping is 715 ms — severe latency
────────────────────────────────────────────────────────
CRIT: Memory: RAM usage at 97% (0.2 GB free of 15.2 GB total)
   -> to inspect:
      free -h
      ps aux --sort=-%mem | head -10
CRIT: Memory: memory overcommitted — OOM kill risk
   -> to inspect:
      cat /proc/meminfo | grep -E 'CommitLimit|Committed_AS'
      sysctl vm.overcommit_memory
CRIT: CPU: load average at 261% of capacity (41.76 / 16 CPUs)
   -> to inspect:
      uptime
      ps aux --sort=-%cpu | head -10
      top -b -n1 | head -25
CRIT: Swap: swap usage at 98% (7.7 GB used)
   -> to inspect:
      free -h
      vmstat 1 5
CRIT: Swap: heavy swap activity: 171347 pages/s in, 193611 pages/s out
   -> to inspect:
      vmstat 1 5
      sar -W 1 5
      ps aux --sort=-%mem | head -10
CRIT: Network: gateway ping is 715 ms — severe latency
   -> to inspect:
      ping -c5 $(ip route | awk '/default/{print $3}')
      ip route
CRIT: Network: gateway packet loss 50%
   -> to inspect:
      ping -c20 $(ip route | awk '/default/{print $3}')
      ip link show
WARN: Thermal: CPU temperature 89.375°C — elevated (source: k10temp)
   -> to inspect: cat /sys/class/hwmon/hwmon*/temp*_input
WARN: IO: disk nvme1n1 await latency 13.4 ms
   -> to inspect:
      iostat -x 1 5
      iotop -ao
WARN: Sysctl: fs.inotify.max_user_watches=122241 is low for k8s (recommended: 524288)
   -> to fix: sysctl -w fs.inotify.max_user_watches=524288
WARN: Sysctl: vm.swappiness=60 is high for k8s node (recommended: ≤ 10)
   -> to fix: sysctl -w vm.swappiness=10
WARN: Processes: 4 hung (uninterruptible) process(es)
   -> to inspect: ps aux | grep ' D '
WARN: Hardening: 2 unexpected port(s) listening on all interfaces: 6443/tcp, 10250/tcp
   -> to inspect:
      ss -tlnp
      ss -tlnp | grep :6443
      ss -tlnp | grep :10250
WARN: Hardening: NOPASSWD sudo for: andrei
   -> to inspect:
      sudo -l
      cat /etc/sudoers
WARN: Network/DNS: DNS resolution took 837 ms
   -> to inspect:
      dig @8.8.8.8 google.com
      cat /etc/resolv.conf
⚡ DashDiag (dsd) v0.2.0-32-g5034efd-dirty
[INFO] System health — ~5s
[INFO] step 1/19
[INFO] step 2/19
[INFO] step 3/19
[INFO] step 4/19
[INFO] step 5/19
[INFO] step 6/19
[INFO] step 7/19
[INFO] step 8/19
[INFO] step 9/19
[INFO] step 10/19
[INFO] step 11/19
[INFO] step 12/19
[INFO] step 13/19
[INFO] step 14/19
[INFO] step 15/19
[INFO] step 16/19
[INFO] step 17/19
[INFO] step 18/19
[INFO] step 19/19
[INFO] done in 1.2s
Clock        OK
Memory       OK
Disk         OK
Thermal      OK
Entropy      OK
Systemd      OK
Sysctl       WARN  fs.inotify.max_user_watches=122241 is low for k8s (recommended: 524288)
Processes    WARN  2 hung (uninterruptible) process(es)
NVMe         OK
FDLimits     OK
KernelSec    OK
GPU          WARN  NVIDIA GeForce RTX 3070 Laptop GPU VRAM usage at 95% (7747/8192 MB)
Battery      OK
Hardening    WARN  2 unexpected port(s) listening on all interfaces: 6443/tcp, 10250/tcp
CPU          OK
Logs         CRIT  5 OOM kill(s) in the last hour — processes killed: traefik, coredns, stress
IO           OK
Swap         WARN  swap activity detected: 43 pages/s in, 0 pages/s out
Network      CRIT  gateway ping is 201 ms — severe latency
────────────────────────────────────────────────────────
CRIT: Logs: 5 OOM kill(s) in the last hour — processes killed: traefik, coredns, stress
   -> to inspect:
      dmesg | grep -i 'out of memory'
      free -h
CRIT: Network: gateway ping is 201 ms — severe latency
   -> to inspect:
      ping -c5 $(ip route | awk '/default/{print $3}')
      ip route
WARN: Sysctl: fs.inotify.max_user_watches=122241 is low for k8s (recommended: 524288)
   -> to fix: sysctl -w fs.inotify.max_user_watches=524288
WARN: Sysctl: vm.swappiness=60 is high for k8s node (recommended: ≤ 10)
   -> to fix: sysctl -w vm.swappiness=10
WARN: Processes: 2 hung (uninterruptible) process(es)
   -> to inspect: ps aux | grep ' D '
WARN: GPU: NVIDIA GeForce RTX 3070 Laptop GPU VRAM usage at 95% (7747/8192 MB)
   -> to inspect: nvidia-smi --query-gpu=memory.used,memory.total --format=csv
WARN: Hardening: 2 unexpected port(s) listening on all interfaces: 6443/tcp, 10250/tcp
   -> to inspect:
      ss -tlnp
      ss -tlnp | grep :6443
      ss -tlnp | grep :10250
WARN: Hardening: NOPASSWD sudo for: andrei
   -> to inspect:
      sudo -l
      cat /etc/sudoers
WARN: Swap: swap activity detected: 43 pages/s in, 0 pages/s out
   -> to inspect:
      vmstat 1 5
      free -h
WARN: Network/DNS: DNS resolution took 209 ms
   -> to inspect:
      dig @8.8.8.8 google.com
      cat /etc/resolv.conf
⚡ DashDiag (dsd) v0.2.0-32-g5034efd-dirty
[INFO] System health — ~5s
[INFO] step 1/19
[INFO] step 2/19
[INFO] step 3/19
[INFO] step 4/19
[INFO] step 5/19
[INFO] step 6/19
[INFO] step 7/19
[INFO] step 8/19
[INFO] step 9/19
[INFO] step 10/19
[INFO] step 11/19
[INFO] step 12/19
[INFO] step 13/19
[INFO] step 14/19
[INFO] step 15/19
[INFO] step 16/19
[INFO] step 17/19
[INFO] step 18/19
[INFO] step 19/19
[INFO] done in 1.2s
Entropy      OK
Clock        OK
Memory       CRIT  memory overcommitted — OOM kill risk
Disk         OK
Battery      OK
Thermal      WARN  CPU temperature 88.25°C — elevated (source: k10temp)
Systemd      OK
GPU          OK
CPU          CRIT  load average at 259% of capacity (41.51 / 16 CPUs)
Processes    CRIT  8 hung (uninterruptible) processes
NVMe         OK
Sysctl       WARN  fs.inotify.max_user_watches=122241 is low for k8s (recommended: 524288)
Logs         OK
KernelSec    OK
FDLimits     OK
Hardening    WARN  2 unexpected port(s) listening on all interfaces: 6443/tcp, 10250/tcp
IO           OK
Swap         CRIT  swap usage at 76% (6.0 GB used)
Network      CRIT  gateway ping is 306 ms — severe latency
────────────────────────────────────────────────────────
CRIT: Memory: memory overcommitted — OOM kill risk
   -> to inspect:
      cat /proc/meminfo | grep -E 'CommitLimit|Committed_AS'
      sysctl vm.overcommit_memory
CRIT: CPU: load average at 259% of capacity (41.51 / 16 CPUs)
   -> to inspect:
      uptime
      ps aux --sort=-%cpu | head -10
      top -b -n1 | head -25
CRIT: Processes: 8 hung (uninterruptible) processes
   -> to inspect:
      ps aux | grep ' D '
      for pid in $(ps -eo pid,stat | awk '$2~/D/{print $1}'); do cat /proc/$pid/wchan 2>/dev/null; done
CRIT: Swap: swap usage at 76% (6.0 GB used)
   -> to inspect:
      free -h
      vmstat 1 5
CRIT: Swap: heavy swap activity: 199279 pages/s in, 0 pages/s out
   -> to inspect:
      vmstat 1 5
      sar -W 1 5
      ps aux --sort=-%mem | head -10
CRIT: Network: gateway ping is 306 ms — severe latency
   -> to inspect:
      ping -c5 $(ip route | awk '/default/{print $3}')
      ip route
CRIT: Network: gateway packet loss 50%
   -> to inspect:
      ping -c20 $(ip route | awk '/default/{print $3}')
      ip link show
WARN: Memory: RAM usage at 86% (1.9 GB free of 15.2 GB total)
   -> to inspect:
      free -h
      ps aux --sort=-%mem | head -10
WARN: Thermal: CPU temperature 88.25°C — elevated (source: k10temp)
   -> to inspect: cat /sys/class/hwmon/hwmon*/temp*_input
WARN: Processes: 1 zombie process(es) detected
   -> to inspect: ps aux | grep Z
WARN: Sysctl: fs.inotify.max_user_watches=122241 is low for k8s (recommended: 524288)
   -> to fix: sysctl -w fs.inotify.max_user_watches=524288
WARN: Sysctl: vm.swappiness=60 is high for k8s node (recommended: ≤ 10)
   -> to fix: sysctl -w vm.swappiness=10
WARN: Hardening: 2 unexpected port(s) listening on all interfaces: 6443/tcp, 10250/tcp
   -> to inspect:
      ss -tlnp
      ss -tlnp | grep :6443
      ss -tlnp | grep :10250
WARN: Hardening: NOPASSWD sudo for: andrei
   -> to inspect:
      sudo -l
      cat /etc/sudoers
WARN: Network/DNS: DNS resolution took 307 ms
   -> to inspect:
      dig @8.8.8.8 google.com
      cat /etc/resolv.conf
⚡ DashDiag (dsd) v0.2.0-32-g5034efd-dirty
[INFO] System health — ~5s
[INFO] step 1/19
[INFO] step 2/19
[INFO] step 3/19
[INFO] step 4/19
[INFO] step 5/19
[INFO] step 6/19
[INFO] step 7/19
[INFO] step 8/19
[INFO] step 9/19
[INFO] step 10/19
[INFO] step 11/19
[INFO] step 12/19
[INFO] step 13/19
[INFO] step 14/19
[INFO] step 15/19
[INFO] step 16/19
[INFO] step 17/19
[INFO] step 18/19
[INFO] step 19/19
[INFO] done in 1.2s
Memory       OK
Entropy      OK
Thermal      OK
Disk         OK
Clock        OK
Systemd      OK
Sysctl       WARN  fs.inotify.max_user_watches=122241 is low for k8s (recommended: 524288)
Processes    WARN  1 hung (uninterruptible) process(es)
NVMe         OK
KernelSec    OK
FDLimits     OK
GPU          WARN  NVIDIA GeForce RTX 3070 Laptop GPU VRAM usage at 95% (7747/8192 MB)
Battery      OK
Hardening    WARN  2 unexpected port(s) listening on all interfaces: 6443/tcp, 10250/tcp
CPU          OK
Logs         CRIT  5 OOM kill(s) in the last hour — processes killed: traefik, coredns, stress
IO           OK
Swap         WARN  swap activity detected: 45 pages/s in, 0 pages/s out
Network      CRIT  gateway ping is 201 ms — severe latency
────────────────────────────────────────────────────────
CRIT: Logs: 5 OOM kill(s) in the last hour — processes killed: traefik, coredns, stress
   -> to inspect:
      dmesg | grep -i 'out of memory'
      free -h
CRIT: Network: gateway ping is 201 ms — severe latency
   -> to inspect:
      ping -c5 $(ip route | awk '/default/{print $3}')
      ip route
CRIT: Network: gateway packet loss 50%
   -> to inspect:
      ping -c20 $(ip route | awk '/default/{print $3}')
      ip link show
WARN: Sysctl: fs.inotify.max_user_watches=122241 is low for k8s (recommended: 524288)
   -> to fix: sysctl -w fs.inotify.max_user_watches=524288
WARN: Sysctl: vm.swappiness=60 is high for k8s node (recommended: ≤ 10)
   -> to fix: sysctl -w vm.swappiness=10
WARN: Processes: 1 hung (uninterruptible) process(es)
   -> to inspect: ps aux | grep ' D '
WARN: GPU: NVIDIA GeForce RTX 3070 Laptop GPU VRAM usage at 95% (7747/8192 MB)
   -> to inspect: nvidia-smi --query-gpu=memory.used,memory.total --format=csv
WARN: Hardening: 2 unexpected port(s) listening on all interfaces: 6443/tcp, 10250/tcp
   -> to inspect:
      ss -tlnp
      ss -tlnp | grep :6443
      ss -tlnp | grep :10250
WARN: Hardening: NOPASSWD sudo for: andrei
   -> to inspect:
      sudo -l
      cat /etc/sudoers
WARN: Swap: swap activity detected: 45 pages/s in, 0 pages/s out
   -> to inspect:
      vmstat 1 5
      free -h
WARN: Network/DNS: DNS resolution took 210 ms
   -> to inspect:
      dig @8.8.8.8 google.com
      cat /etc/resolv.conf
⚡ DashDiag (dsd) v0.2.0-32-g5034efd-dirty
[INFO] System health — ~5s
[INFO] step 1/19
[INFO] step 2/19
[INFO] step 3/19
[INFO] step 4/19
[INFO] step 5/19
[INFO] step 6/19
[INFO] step 7/19
[INFO] step 8/19
[INFO] step 9/19
[INFO] step 10/19
[INFO] step 11/19
[INFO] step 12/19
[INFO] step 13/19
[INFO] step 14/19
[INFO] step 15/19
[INFO] step 16/19
[INFO] step 17/19
[INFO] step 18/19
[INFO] step 19/19
[INFO] done in 1.9s
Memory       CRIT  RAM usage at 97% (0.2 GB free of 15.2 GB total)
Entropy      OK
Clock        OK
Disk         OK
Thermal      WARN  CPU temperature 88.875°C — elevated (source: k10temp)
Battery      OK
GPU          OK
NVMe         OK
CPU          CRIT  load average at 259% of capacity (41.44 / 16 CPUs)
Logs         OK
Sysctl       WARN  fs.inotify.max_user_watches=122241 is low for k8s (recommended: 524288)
KernelSec    OK
Processes    WARN  2 hung (uninterruptible) process(es)
FDLimits     OK
Systemd      OK
Hardening    WARN  2 unexpected port(s) listening on all interfaces: 6443/tcp, 10250/tcp
Swap         CRIT  swap usage at 79% (6.1 GB used)
IO           WARN  disk nvme1n1 await latency 8.6 ms
Network      CRIT  gateway ping is 201 ms — severe latency
────────────────────────────────────────────────────────
CRIT: Memory: RAM usage at 97% (0.2 GB free of 15.2 GB total)
   -> to inspect:
      free -h
      ps aux --sort=-%mem | head -10
CRIT: Memory: memory overcommitted — OOM kill risk
   -> to inspect:
      cat /proc/meminfo | grep -E 'CommitLimit|Committed_AS'
      sysctl vm.overcommit_memory
CRIT: CPU: load average at 259% of capacity (41.44 / 16 CPUs)
   -> to inspect:
      uptime
      ps aux --sort=-%cpu | head -10
      top -b -n1 | head -25
CRIT: Swap: swap usage at 79% (6.1 GB used)
   -> to inspect:
      free -h
      vmstat 1 5
CRIT: Swap: heavy swap activity: 156324 pages/s in, 206950 pages/s out
   -> to inspect:
      vmstat 1 5
      sar -W 1 5
      ps aux --sort=-%mem | head -10
CRIT: Network: gateway ping is 201 ms — severe latency
   -> to inspect:
      ping -c5 $(ip route | awk '/default/{print $3}')
      ip route
CRIT: Network: gateway packet loss 50%
   -> to inspect:
      ping -c20 $(ip route | awk '/default/{print $3}')
      ip link show
WARN: Thermal: CPU temperature 88.875°C — elevated (source: k10temp)
   -> to inspect: cat /sys/class/hwmon/hwmon*/temp*_input
WARN: Sysctl: fs.inotify.max_user_watches=122241 is low for k8s (recommended: 524288)
   -> to fix: sysctl -w fs.inotify.max_user_watches=524288
WARN: Sysctl: vm.swappiness=60 is high for k8s node (recommended: ≤ 10)
   -> to fix: sysctl -w vm.swappiness=10
WARN: Processes: 2 hung (uninterruptible) process(es)
   -> to inspect: ps aux | grep ' D '
WARN: Hardening: 2 unexpected port(s) listening on all interfaces: 6443/tcp, 10250/tcp
   -> to inspect:
      ss -tlnp
      ss -tlnp | grep :6443
      ss -tlnp | grep :10250
WARN: Hardening: NOPASSWD sudo for: andrei
   -> to inspect:
      sudo -l
      cat /etc/sudoers
WARN: IO: disk nvme1n1 await latency 8.6 ms
   -> to inspect:
      iostat -x 1 5
      iotop -ao
WARN: Network/DNS: DNS resolution took 633 ms
   -> to inspect:
      dig @8.8.8.8 google.com
      cat /etc/resolv.conf
⚡ DashDiag (dsd) v0.2.0-32-g5034efd-dirty
[INFO] System health — ~5s
[INFO] step 1/19
[INFO] step 2/19
[INFO] step 3/19
[INFO] step 4/19
[INFO] step 5/19
[INFO] step 6/19
[INFO] step 7/19
[INFO] step 8/19
[INFO] step 9/19
[INFO] step 10/19
[INFO] step 11/19
[INFO] step 12/19
[INFO] step 13/19
[INFO] step 14/19
[INFO] step 15/19
[INFO] step 16/19
[INFO] step 17/19
[INFO] step 18/19
[INFO] step 19/19
[INFO] done in 1.2s
Memory       OK
Clock        OK
Entropy      OK
Disk         OK
Battery      OK
Thermal      OK
Systemd      OK
Sysctl       WARN  fs.inotify.max_user_watches=122241 is low for k8s (recommended: 524288)
Processes    OK
KernelSec    OK
NVMe         OK
FDLimits     OK
GPU          OK
Hardening    WARN  2 unexpected port(s) listening on all interfaces: 6443/tcp, 10250/tcp
CPU          OK
Logs         CRIT  5 OOM kill(s) in the last hour — processes killed: traefik, coredns, stress
IO           OK
Swap         OK
Network      CRIT  gateway ping is 201 ms — severe latency
────────────────────────────────────────────────────────
CRIT: Logs: 5 OOM kill(s) in the last hour — processes killed: traefik, coredns, stress
   -> to inspect:
      dmesg | grep -i 'out of memory'
      free -h
CRIT: Network: gateway ping is 201 ms — severe latency
   -> to inspect:
      ping -c5 $(ip route | awk '/default/{print $3}')
      ip route
CRIT: Network: gateway packet loss 50%
   -> to inspect:
      ping -c20 $(ip route | awk '/default/{print $3}')
      ip link show
WARN: Sysctl: fs.inotify.max_user_watches=122241 is low for k8s (recommended: 524288)
   -> to fix: sysctl -w fs.inotify.max_user_watches=524288
WARN: Sysctl: vm.swappiness=60 is high for k8s node (recommended: ≤ 10)
   -> to fix: sysctl -w vm.swappiness=10
WARN: Hardening: 2 unexpected port(s) listening on all interfaces: 6443/tcp, 10250/tcp
   -> to inspect:
      ss -tlnp
      ss -tlnp | grep :6443
      ss -tlnp | grep :10250
WARN: Hardening: NOPASSWD sudo for: andrei
   -> to inspect:
      sudo -l
      cat /etc/sudoers
WARN: Network/DNS: DNS resolution took 202 ms
   -> to inspect:
      dig @8.8.8.8 google.com
      cat /etc/resolv.conf
⚡ DashDiag (dsd) v0.2.0-32-g5034efd-dirty
[INFO] System health — ~5s
[INFO] step 1/19
[INFO] step 2/19
[INFO] step 3/19
[INFO] step 4/19
[INFO] step 5/19
[INFO] step 6/19
[INFO] step 7/19
[INFO] step 8/19
[INFO] step 9/19
[INFO] step 10/19
[INFO] step 11/19
[INFO] step 12/19
[INFO] step 13/19
[INFO] step 14/19
[INFO] step 15/19
[INFO] step 16/19
[INFO] step 17/19
[INFO] step 18/19
[INFO] step 19/19
[INFO] done in 3.0s
Clock        OK
Memory       CRIT  RAM usage at 98% (0.1 GB free of 15.2 GB total)
Disk         OK
Entropy      OK
Thermal      WARN  CPU temperature 89.125°C — elevated (source: k10temp)
GPU          OK
Battery      OK
Systemd      OK
NVMe         OK
Sysctl       WARN  fs.inotify.max_user_watches=122241 is low for k8s (recommended: 524288)
Processes    CRIT  9 hung (uninterruptible) processes
FDLimits     OK
KernelSec    OK
Hardening    WARN  2 unexpected port(s) listening on all interfaces: 6443/tcp, 10250/tcp
CPU          CRIT  load average at 260% of capacity (41.63 / 16 CPUs)
Logs         CRIT  5 OOM kill(s) in the last hour — processes killed: traefik, coredns, stress
IO           WARN  disk nvme1n1 utilization at 64%
Swap         CRIT  heavy swap activity: 74616 pages/s in, 279127 pages/s out
Network      CRIT  gateway ping is 239 ms — severe latency
────────────────────────────────────────────────────────
CRIT: Memory: RAM usage at 98% (0.1 GB free of 15.2 GB total)
   -> to inspect:
      free -h
      ps aux --sort=-%mem | head -10
CRIT: Memory: memory overcommitted — OOM kill risk
   -> to inspect:
      cat /proc/meminfo | grep -E 'CommitLimit|Committed_AS'
      sysctl vm.overcommit_memory
CRIT: Processes: 9 hung (uninterruptible) processes
   -> to inspect:
      ps aux | grep ' D '
      for pid in $(ps -eo pid,stat | awk '$2~/D/{print $1}'); do cat /proc/$pid/wchan 2>/dev/null; done
CRIT: CPU: load average at 260% of capacity (41.63 / 16 CPUs)
   -> to inspect:
      uptime
      ps aux --sort=-%cpu | head -10
      top -b -n1 | head -25
CRIT: Logs: 5 OOM kill(s) in the last hour — processes killed: traefik, coredns, stress
   -> to inspect:
      dmesg | grep -i 'out of memory'
      free -h
CRIT: Swap: heavy swap activity: 74616 pages/s in, 279127 pages/s out
   -> to inspect:
      vmstat 1 5
      sar -W 1 5
      ps aux --sort=-%mem | head -10
CRIT: Network: gateway ping is 239 ms — severe latency
   -> to inspect:
      ping -c5 $(ip route | awk '/default/{print $3}')
      ip route
CRIT: Network: gateway packet loss 50%
   -> to inspect:
      ping -c20 $(ip route | awk '/default/{print $3}')
      ip link show
CRIT: Network/DNS: DNS resolution took 2999 ms
   -> to inspect:
      dig @8.8.8.8 google.com
      cat /etc/resolv.conf
      systemctl status systemd-resolved
WARN: Thermal: CPU temperature 89.125°C — elevated (source: k10temp)
   -> to inspect: cat /sys/class/hwmon/hwmon*/temp*_input
WARN: Sysctl: fs.inotify.max_user_watches=122241 is low for k8s (recommended: 524288)
   -> to fix: sysctl -w fs.inotify.max_user_watches=524288
WARN: Sysctl: vm.swappiness=60 is high for k8s node (recommended: ≤ 10)
   -> to fix: sysctl -w vm.swappiness=10
WARN: Hardening: 2 unexpected port(s) listening on all interfaces: 6443/tcp, 10250/tcp
   -> to inspect:
      ss -tlnp
      ss -tlnp | grep :6443
      ss -tlnp | grep :10250
WARN: Hardening: NOPASSWD sudo for: andrei
   -> to inspect:
      sudo -l
      cat /etc/sudoers
WARN: IO: disk nvme1n1 utilization at 64%
   -> to inspect:
      iostat -x 1 5
      iotop -ao
WARN: IO: disk nvme1n1 await latency 13.0 ms
   -> to inspect:
      iostat -x 1 5
      iotop -ao
WARN: Swap: swap usage at 49% (3.8 GB used)
   -> to inspect:
      free -h
      vmstat 1 5
⚡ DashDiag (dsd) v0.2.0-32-g5034efd-dirty
[INFO] System health — ~5s
[INFO] step 1/19
[INFO] step 2/19
[INFO] step 3/19
[INFO] step 4/19
[INFO] step 5/19
[INFO] step 6/19
[INFO] step 7/19
[INFO] step 8/19
[INFO] step 9/19
[INFO] step 10/19
[INFO] step 11/19
[INFO] step 12/19
[INFO] step 13/19
[INFO] step 14/19
[INFO] step 15/19
[INFO] step 16/19
[INFO] step 17/19
[INFO] step 18/19
[INFO] step 19/19
[INFO] done in 2.5s
Entropy      OK
Memory       OK
Disk         OK
Clock        OK
Thermal      OK
Systemd      OK
Sysctl       WARN  fs.inotify.max_user_watches=122241 is low for k8s (recommended: 524288)
Processes    WARN  2 hung (uninterruptible) process(es)
NVMe         OK
FDLimits     OK
KernelSec    OK
GPU          OK
Battery      OK
Hardening    WARN  2 unexpected port(s) listening on all interfaces: 6443/tcp, 10250/tcp
CPU          OK
Logs         CRIT  5 OOM kill(s) in the last hour — processes killed: traefik, coredns, stress
IO           OK
Swap         WARN  swap activity detected: 30 pages/s in, 0 pages/s out
Network      CRIT  gateway ping is 201 ms — severe latency
────────────────────────────────────────────────────────
CRIT: Logs: 5 OOM kill(s) in the last hour — processes killed: traefik, coredns, stress
   -> to inspect:
      dmesg | grep -i 'out of memory'
      free -h
CRIT: Network: gateway ping is 201 ms — severe latency
   -> to inspect:
      ping -c5 $(ip route | awk '/default/{print $3}')
      ip route
CRIT: Network: gateway packet loss 50%
   -> to inspect:
      ping -c20 $(ip route | awk '/default/{print $3}')
      ip link show
WARN: Sysctl: fs.inotify.max_user_watches=122241 is low for k8s (recommended: 524288)
   -> to fix: sysctl -w fs.inotify.max_user_watches=524288
WARN: Sysctl: vm.swappiness=60 is high for k8s node (recommended: ≤ 10)
   -> to fix: sysctl -w vm.swappiness=10
WARN: Processes: 2 hung (uninterruptible) process(es)
   -> to inspect: ps aux | grep ' D '
WARN: Hardening: 2 unexpected port(s) listening on all interfaces: 6443/tcp, 10250/tcp
   -> to inspect:
      ss -tlnp
      ss -tlnp | grep :6443
      ss -tlnp | grep :10250
WARN: Hardening: NOPASSWD sudo for: andrei
   -> to inspect:
      sudo -l
      cat /etc/sudoers
WARN: Swap: swap activity detected: 30 pages/s in, 0 pages/s out
   -> to inspect:
      vmstat 1 5
      free -h
WARN: Network/DNS: DNS resolution took 207 ms
   -> to inspect:
      dig @8.8.8.8 google.com
      cat /etc/resolv.conf
⚡ DashDiag (dsd) v0.2.0-32-g5034efd-dirty
[INFO] System health — ~5s
[INFO] step 1/19
[INFO] step 2/19
[INFO] step 3/19
[INFO] step 4/19
[INFO] step 5/19
[INFO] step 6/19
[INFO] step 7/19
[INFO] step 8/19
[INFO] step 9/19
[INFO] step 10/19
[INFO] step 11/19
[INFO] step 12/19
[INFO] step 13/19
[INFO] step 14/19
[INFO] step 15/19
[INFO] step 16/19
[INFO] step 17/19
[INFO] step 18/19
[INFO] step 19/19
[INFO] done in 1.9s
Memory       CRIT  RAM usage at 96% (0.3 GB free of 15.2 GB total)
Disk         OK
Clock        OK
Entropy      OK
Thermal      WARN  CPU temperature 89.375°C — elevated (source: k10temp)
Battery      OK
CPU          CRIT  load average at 264% of capacity (42.21 / 16 CPUs)
Systemd      OK
Sysctl       WARN  fs.inotify.max_user_watches=122241 is low for k8s (recommended: 524288)
Processes    WARN  4 hung (uninterruptible) process(es)
NVMe         OK
Logs         OK
FDLimits     OK
KernelSec    OK
IO           CRIT  disk nvme1n1 await latency 19.6 ms
Swap         CRIT  heavy swap activity: 8774 pages/s in, 419056 pages/s out
Hardening    WARN  2 unexpected port(s) listening on all interfaces: 6443/tcp, 10250/tcp
GPU          OK
Network      CRIT  gateway ping is 201 ms — severe latency
────────────────────────────────────────────────────────
CRIT: Memory: RAM usage at 96% (0.3 GB free of 15.2 GB total)
   -> to inspect:
      free -h
      ps aux --sort=-%mem | head -10
CRIT: Memory: memory overcommitted — OOM kill risk
   -> to inspect:
      cat /proc/meminfo | grep -E 'CommitLimit|Committed_AS'
      sysctl vm.overcommit_memory
CRIT: CPU: load average at 264% of capacity (42.21 / 16 CPUs)
   -> to inspect:
      uptime
      ps aux --sort=-%cpu | head -10
      top -b -n1 | head -25
CRIT: IO: disk nvme1n1 await latency 19.6 ms
   -> to inspect:
      iostat -x 1 5
      iotop -ao
CRIT: Swap: heavy swap activity: 8774 pages/s in, 419056 pages/s out
   -> to inspect:
      vmstat 1 5
      sar -W 1 5
      ps aux --sort=-%mem | head -10
CRIT: Network: gateway ping is 201 ms — severe latency
   -> to inspect:
      ping -c5 $(ip route | awk '/default/{print $3}')
      ip route
CRIT: Network: gateway packet loss 50%
   -> to inspect:
      ping -c20 $(ip route | awk '/default/{print $3}')
      ip link show
WARN: Thermal: CPU temperature 89.375°C — elevated (source: k10temp)
   -> to inspect: cat /sys/class/hwmon/hwmon*/temp*_input
WARN: Sysctl: fs.inotify.max_user_watches=122241 is low for k8s (recommended: 524288)
   -> to fix: sysctl -w fs.inotify.max_user_watches=524288
WARN: Sysctl: vm.swappiness=60 is high for k8s node (recommended: ≤ 10)
   -> to fix: sysctl -w vm.swappiness=10
WARN: Processes: 4 hung (uninterruptible) process(es)
   -> to inspect: ps aux | grep ' D '
WARN: Swap: swap usage at 39% (3.1 GB used)
   -> to inspect:
      free -h
      vmstat 1 5
WARN: Hardening: 2 unexpected port(s) listening on all interfaces: 6443/tcp, 10250/tcp
   -> to inspect:
      ss -tlnp
      ss -tlnp | grep :6443
      ss -tlnp | grep :10250
WARN: Hardening: NOPASSWD sudo for: andrei
   -> to inspect:
      sudo -l
      cat /etc/sudoers
WARN: Network/DNS: DNS resolution took 877 ms
   -> to inspect:
      dig @8.8.8.8 google.com
      cat /etc/resolv.conf
⚡ DashDiag (dsd) v0.2.0-32-g5034efd-dirty
[INFO] System health — ~5s
[INFO] step 1/19
[INFO] step 2/19
[INFO] step 3/19
[INFO] step 4/19
[INFO] step 5/19
[INFO] step 6/19
[INFO] step 7/19
[INFO] step 8/19
[INFO] step 9/19
[INFO] step 10/19
[INFO] step 11/19
[INFO] step 12/19
[INFO] step 13/19
[INFO] step 14/19
[INFO] step 15/19
[INFO] step 16/19
[INFO] step 17/19
[INFO] step 18/19
[INFO] step 19/19
[INFO] done in 1.2s
Entropy      OK
Memory       OK
Clock        OK
Thermal      OK
Disk         OK
Systemd      OK
Sysctl       WARN  fs.inotify.max_user_watches=122241 is low for k8s (recommended: 524288)
Processes    WARN  1 hung (uninterruptible) process(es)
NVMe         OK
FDLimits     OK
KernelSec    OK
GPU          OK
Battery      OK
Hardening    WARN  2 unexpected port(s) listening on all interfaces: 6443/tcp, 10250/tcp
CPU          OK
Logs         CRIT  5 OOM kill(s) in the last hour — processes killed: traefik, coredns, stress
IO           OK
Swap         WARN  swap activity detected: 13 pages/s in, 0 pages/s out
Network      CRIT  gateway ping is 201 ms — severe latency
────────────────────────────────────────────────────────
CRIT: Logs: 5 OOM kill(s) in the last hour — processes killed: traefik, coredns, stress
   -> to inspect:
      dmesg | grep -i 'out of memory'
      free -h
CRIT: Network: gateway ping is 201 ms — severe latency
   -> to inspect:
      ping -c5 $(ip route | awk '/default/{print $3}')
      ip route
CRIT: Network: gateway packet loss 50%
   -> to inspect:
      ping -c20 $(ip route | awk '/default/{print $3}')
      ip link show
WARN: Sysctl: fs.inotify.max_user_watches=122241 is low for k8s (recommended: 524288)
   -> to fix: sysctl -w fs.inotify.max_user_watches=524288
WARN: Sysctl: vm.swappiness=60 is high for k8s node (recommended: ≤ 10)
   -> to fix: sysctl -w vm.swappiness=10
WARN: Processes: 1 hung (uninterruptible) process(es)
   -> to inspect: ps aux | grep ' D '
WARN: Hardening: 2 unexpected port(s) listening on all interfaces: 6443/tcp, 10250/tcp
   -> to inspect:
      ss -tlnp
      ss -tlnp | grep :6443
      ss -tlnp | grep :10250
WARN: Hardening: NOPASSWD sudo for: andrei
   -> to inspect:
      sudo -l
      cat /etc/sudoers
WARN: Swap: swap activity detected: 13 pages/s in, 0 pages/s out
   -> to inspect:
      vmstat 1 5
      free -h
WARN: Network/DNS: DNS resolution took 208 ms
   -> to inspect:
      dig @8.8.8.8 google.com
      cat /etc/resolv.conf
⚡ DashDiag (dsd) v0.2.0-32-g5034efd-dirty
[INFO] System health — ~5s
[INFO] step 1/19
[INFO] step 2/19
[INFO] step 3/19
[INFO] step 4/19
[INFO] step 5/19
[INFO] step 6/19
[INFO] step 7/19
[INFO] step 8/19
[INFO] step 9/19
[INFO] step 10/19
[INFO] step 11/19
[INFO] step 12/19
[INFO] step 13/19
[INFO] step 14/19
[INFO] step 15/19
[INFO] step 16/19
[INFO] step 17/19
[INFO] step 18/19
[INFO] step 19/19
[INFO] done in 1.5s
Memory       CRIT  memory overcommitted — OOM kill risk
Entropy      OK
Disk         OK
Clock        OK
Thermal      WARN  CPU temperature 88.75°C — elevated (source: k10temp)
Battery      OK
Systemd      OK
GPU          OK
NVMe         OK
CPU          CRIT  load average at 265% of capacity (42.46 / 16 CPUs)
Sysctl       WARN  fs.inotify.max_user_watches=122241 is low for k8s (recommended: 524288)
Processes    CRIT  8 hung (uninterruptible) processes
KernelSec    OK
FDLimits     OK
Hardening    WARN  2 unexpected port(s) listening on all interfaces: 6443/tcp, 10250/tcp
Logs         CRIT  4 OOM kill(s) in the last hour — processes killed: traefik, coredns, stress
IO           OK
Swap         CRIT  heavy swap activity: 106986 pages/s in, 0 pages/s out
Network      CRIT  gateway ping is 201 ms — severe latency
────────────────────────────────────────────────────────
CRIT: Memory: memory overcommitted — OOM kill risk
   -> to inspect:
      cat /proc/meminfo | grep -E 'CommitLimit|Committed_AS'
      sysctl vm.overcommit_memory
CRIT: CPU: load average at 265% of capacity (42.46 / 16 CPUs)
   -> to inspect:
      uptime
      ps aux --sort=-%cpu | head -10
      top -b -n1 | head -25
CRIT: Processes: 8 hung (uninterruptible) processes
   -> to inspect:
      ps aux | grep ' D '
      for pid in $(ps -eo pid,stat | awk '$2~/D/{print $1}'); do cat /proc/$pid/wchan 2>/dev/null; done
CRIT: Logs: 4 OOM kill(s) in the last hour — processes killed: traefik, coredns, stress
   -> to inspect:
      dmesg | grep -i 'out of memory'
      free -h
CRIT: Swap: heavy swap activity: 106986 pages/s in, 0 pages/s out
   -> to inspect:
      vmstat 1 5
      sar -W 1 5
      ps aux --sort=-%mem | head -10
CRIT: Network: gateway ping is 201 ms — severe latency
   -> to inspect:
      ping -c5 $(ip route | awk '/default/{print $3}')
      ip route
WARN: Memory: RAM usage at 91% (1.1 GB free of 15.2 GB total)
   -> to inspect:
      free -h
      ps aux --sort=-%mem | head -10
WARN: Thermal: CPU temperature 88.75°C — elevated (source: k10temp)
   -> to inspect: cat /sys/class/hwmon/hwmon*/temp*_input
WARN: Sysctl: fs.inotify.max_user_watches=122241 is low for k8s (recommended: 524288)
   -> to fix: sysctl -w fs.inotify.max_user_watches=524288
WARN: Sysctl: vm.swappiness=60 is high for k8s node (recommended: ≤ 10)
   -> to fix: sysctl -w vm.swappiness=10
WARN: Processes: 1 zombie process(es) detected
   -> to inspect: ps aux | grep Z
WARN: Hardening: 2 unexpected port(s) listening on all interfaces: 6443/tcp, 10250/tcp
   -> to inspect:
      ss -tlnp
      ss -tlnp | grep :6443
      ss -tlnp | grep :10250
WARN: Hardening: NOPASSWD sudo for: andrei
   -> to inspect:
      sudo -l
      cat /etc/sudoers
WARN: Swap: swap usage at 29% (2.2 GB used)
   -> to inspect:
      free -h
      vmstat 1 5
WARN: Network/DNS: DNS resolution took 234 ms
   -> to inspect:
      dig @8.8.8.8 google.com
      cat /etc/resolv.conf
⚡ DashDiag (dsd) v0.2.0-32-g5034efd-dirty
[INFO] System health — ~5s
[INFO] step 1/19
[INFO] step 2/19
[INFO] step 3/19
[INFO] step 4/19
[INFO] step 5/19
[INFO] step 6/19
[INFO] step 7/19
[INFO] step 8/19
[INFO] step 9/19
[INFO] step 10/19
[INFO] step 11/19
[INFO] step 12/19
[INFO] step 13/19
[INFO] step 14/19
[INFO] step 15/19
[INFO] step 16/19
[INFO] step 17/19
[INFO] step 18/19
[INFO] step 19/19
[INFO] done in 2.4s
Clock        OK
Memory       OK
Thermal      OK
Battery      OK
Entropy      OK
Disk         OK
Systemd      OK
Sysctl       WARN  fs.inotify.max_user_watches=122241 is low for k8s (recommended: 524288)
Processes    WARN  1 hung (uninterruptible) process(es)
NVMe         OK
KernelSec    OK
FDLimits     OK
GPU          OK
Hardening    WARN  2 unexpected port(s) listening on all interfaces: 6443/tcp, 10250/tcp
CPU          OK
Logs         CRIT  4 OOM kill(s) in the last hour — processes killed: traefik, coredns, stress
IO           OK
Swap         WARN  swap activity detected: 4 pages/s in, 0 pages/s out
Network      CRIT  gateway ping is 201 ms — severe latency
────────────────────────────────────────────────────────
CRIT: Logs: 4 OOM kill(s) in the last hour — processes killed: traefik, coredns, stress
   -> to inspect:
      dmesg | grep -i 'out of memory'
      free -h
CRIT: Network: gateway ping is 201 ms — severe latency
   -> to inspect:
      ping -c5 $(ip route | awk '/default/{print $3}')
      ip route
CRIT: Network: gateway packet loss 50%
   -> to inspect:
      ping -c20 $(ip route | awk '/default/{print $3}')
      ip link show
WARN: Sysctl: fs.inotify.max_user_watches=122241 is low for k8s (recommended: 524288)
   -> to fix: sysctl -w fs.inotify.max_user_watches=524288
WARN: Sysctl: vm.swappiness=60 is high for k8s node (recommended: ≤ 10)
   -> to fix: sysctl -w vm.swappiness=10
WARN: Processes: 1 hung (uninterruptible) process(es)
   -> to inspect: ps aux | grep ' D '
WARN: Hardening: 2 unexpected port(s) listening on all interfaces: 6443/tcp, 10250/tcp
   -> to inspect:
      ss -tlnp
      ss -tlnp | grep :6443
      ss -tlnp | grep :10250
WARN: Hardening: NOPASSWD sudo for: andrei
   -> to inspect:
      sudo -l
      cat /etc/sudoers
WARN: Swap: swap activity detected: 4 pages/s in, 0 pages/s out
   -> to inspect:
      vmstat 1 5
      free -h
WARN: Network/DNS: DNS resolution took 204 ms
   -> to inspect:
      dig @8.8.8.8 google.com
      cat /etc/resolv.conf
⚡ DashDiag (dsd) v0.2.0-32-g5034efd-dirty
[INFO] System health — ~5s
[INFO] step 1/19
[INFO] step 2/19
[INFO] step 3/19
[INFO] step 4/19
[INFO] step 5/19
[INFO] step 6/19
[INFO] step 7/19
[INFO] step 8/19
[INFO] step 9/19
[INFO] step 10/19
[INFO] step 11/19
[INFO] step 12/19
[INFO] step 13/19
[INFO] step 14/19
[INFO] step 15/19
[INFO] step 16/19
[INFO] step 17/19
[INFO] step 18/19
[INFO] step 19/19
[INFO] done in 1.2s
Clock        OK
Disk         OK
Memory       CRIT  memory overcommitted — OOM kill risk
Thermal      WARN  CPU temperature 92°C — elevated (source: k10temp)
Battery      OK
Entropy      OK
CPU          CRIT  load average at 266% of capacity (42.55 / 16 CPUs)
Systemd      OK
Logs         OK
GPU          OK
NVMe         OK
Sysctl       WARN  fs.inotify.max_user_watches=122241 is low for k8s (recommended: 524288)
Processes    CRIT  5 hung (uninterruptible) processes
KernelSec    OK
FDLimits     OK
Hardening    WARN  2 unexpected port(s) listening on all interfaces: 6443/tcp, 10250/tcp
IO           OK
Swap         CRIT  heavy swap activity: 29989 pages/s in, 0 pages/s out
Network      CRIT  gateway ping is 446 ms — severe latency
────────────────────────────────────────────────────────
CRIT: Memory: memory overcommitted — OOM kill risk
   -> to inspect:
      cat /proc/meminfo | grep -E 'CommitLimit|Committed_AS'
      sysctl vm.overcommit_memory
CRIT: CPU: load average at 266% of capacity (42.55 / 16 CPUs)
   -> to inspect:
      uptime
      ps aux --sort=-%cpu | head -10
      top -b -n1 | head -25
CRIT: Processes: 5 hung (uninterruptible) processes
   -> to inspect:
      ps aux | grep ' D '
      for pid in $(ps -eo pid,stat | awk '$2~/D/{print $1}'); do cat /proc/$pid/wchan 2>/dev/null; done
CRIT: Swap: heavy swap activity: 29989 pages/s in, 0 pages/s out
   -> to inspect:
      vmstat 1 5
      sar -W 1 5
      ps aux --sort=-%mem | head -10
CRIT: Network: gateway ping is 446 ms — severe latency
   -> to inspect:
      ping -c5 $(ip route | awk '/default/{print $3}')
      ip route
CRIT: Network: gateway packet loss 50%
   -> to inspect:
      ping -c20 $(ip route | awk '/default/{print $3}')
      ip link show
WARN: Memory: RAM usage at 93% (0.8 GB free of 15.2 GB total)
   -> to inspect:
      free -h
      ps aux --sort=-%mem | head -10
WARN: Thermal: CPU temperature 92°C — elevated (source: k10temp)
   -> to inspect: cat /sys/class/hwmon/hwmon*/temp*_input
WARN: Sysctl: fs.inotify.max_user_watches=122241 is low for k8s (recommended: 524288)
   -> to fix: sysctl -w fs.inotify.max_user_watches=524288
WARN: Sysctl: vm.swappiness=60 is high for k8s node (recommended: ≤ 10)
   -> to fix: sysctl -w vm.swappiness=10
WARN: Hardening: 2 unexpected port(s) listening on all interfaces: 6443/tcp, 10250/tcp
   -> to inspect:
      ss -tlnp
      ss -tlnp | grep :6443
      ss -tlnp | grep :10250
WARN: Hardening: NOPASSWD sudo for: andrei
   -> to inspect:
      sudo -l
      cat /etc/sudoers
WARN: Network/DNS: DNS resolution took 681 ms
   -> to inspect:
      dig @8.8.8.8 google.com
      cat /etc/resolv.conf
⚡ DashDiag (dsd) v0.2.0-32-g5034efd-dirty
[INFO] System health — ~5s
[INFO] step 1/19
[INFO] step 2/19
[INFO] step 3/19
[INFO] step 4/19
[INFO] step 5/19
[INFO] step 6/19
[INFO] step 7/19
[INFO] step 8/19
[INFO] step 9/19
[INFO] step 10/19
[INFO] step 11/19
[INFO] step 12/19
[INFO] step 13/19
[INFO] step 14/19
[INFO] step 15/19
[INFO] step 16/19
[INFO] step 17/19
[INFO] step 18/19
[INFO] step 19/19
[INFO] done in 1.2s
Memory       OK
Entropy      OK
Clock        OK
Thermal      OK
Disk         OK
Systemd      OK
Sysctl       WARN  fs.inotify.max_user_watches=122241 is low for k8s (recommended: 524288)
Processes    WARN  1 hung (uninterruptible) process(es)
NVMe         OK
KernelSec    OK
FDLimits     OK
GPU          WARN  NVIDIA GeForce RTX 3070 Laptop GPU VRAM usage at 95% (7747/8192 MB)
Battery      OK
Hardening    WARN  2 unexpected port(s) listening on all interfaces: 6443/tcp, 10250/tcp
CPU          OK
Logs         CRIT  5 OOM kill(s) in the last hour — processes killed: traefik, coredns, stress
IO           OK
Swap         WARN  swap activity detected: 30 pages/s in, 0 pages/s out
Network      CRIT  gateway ping is 200 ms — severe latency
────────────────────────────────────────────────────────
CRIT: Logs: 5 OOM kill(s) in the last hour — processes killed: traefik, coredns, stress
   -> to inspect:
      dmesg | grep -i 'out of memory'
      free -h
CRIT: Network: gateway ping is 200 ms — severe latency
   -> to inspect:
      ping -c5 $(ip route | awk '/default/{print $3}')
      ip route
CRIT: Network: gateway packet loss 50%
   -> to inspect:
      ping -c20 $(ip route | awk '/default/{print $3}')
      ip link show
WARN: Sysctl: fs.inotify.max_user_watches=122241 is low for k8s (recommended: 524288)
   -> to fix: sysctl -w fs.inotify.max_user_watches=524288
WARN: Sysctl: vm.swappiness=60 is high for k8s node (recommended: ≤ 10)
   -> to fix: sysctl -w vm.swappiness=10
WARN: Processes: 1 hung (uninterruptible) process(es)
   -> to inspect: ps aux | grep ' D '
WARN: GPU: NVIDIA GeForce RTX 3070 Laptop GPU VRAM usage at 95% (7747/8192 MB)
   -> to inspect: nvidia-smi --query-gpu=memory.used,memory.total --format=csv
WARN: Hardening: 2 unexpected port(s) listening on all interfaces: 6443/tcp, 10250/tcp
   -> to inspect:
      ss -tlnp
      ss -tlnp | grep :6443
      ss -tlnp | grep :10250
WARN: Hardening: NOPASSWD sudo for: andrei
   -> to inspect:
      sudo -l
      cat /etc/sudoers
WARN: Swap: swap activity detected: 30 pages/s in, 0 pages/s out
   -> to inspect:
      vmstat 1 5
      free -h
WARN: Network/DNS: DNS resolution took 206 ms
   -> to inspect:
      dig @8.8.8.8 google.com
      cat /etc/resolv.conf
