[INFO] System health (read-only) — ~5s
[INFO] Disk
[INFO] Memory
[INFO] Sysctl
[INFO] Processes
[INFO] FDLimits
[INFO] KernelSecurity
[INFO] Systemd
[INFO] CPU
[INFO] Clock
[INFO] Swap
[INFO] IO
[INFO] Network
[INFO] done in 1.3s
Disk         OK
Memory       OK
Sysctl       OK
Processes    WARN  2 hung (uninterruptible) process(es)
FDLimits     OK
KernelSecurity OK
Systemd      OK
CPU          OK
Clock        OK
Swap         OK
IO           WARN  disk nvme0n1 await latency 3.2 ms
Network      OK
──────────────────────────────────────────────────
WARN: Processes: 2 hung (uninterruptible) process(es)
   -> ps aux | grep ' D '
WARN: IO: disk nvme0n1 await latency 3.2 ms
   -> iostat -x 1 5
   -> iotop -ao
[INFO] System health (read-only) — ~5s
[INFO] Disk
[INFO] Sysctl
[INFO] Memory
[INFO] Systemd
[INFO] Processes
[INFO] FDLimits
[INFO] KernelSecurity
[INFO] Clock
[INFO] CPU
[INFO] IO
[INFO] Swap
[INFO] Network
[INFO] done in 1.2s
Disk         OK
Sysctl       OK
Memory       OK
Systemd      OK
Processes    OK
FDLimits     OK
KernelSecurity OK
Clock        OK
CPU          OK
IO           OK
Swap         WARN  swap activity detected: 2 pages/s in, 0 pages/s out
Network      OK
──────────────────────────────────────────────────
WARN: Swap: swap activity detected: 2 pages/s in, 0 pages/s out
   -> vmstat 1 5
   -> free -h
[INFO] System health (read-only) — ~5s
[INFO] Memory
[INFO] Disk
[INFO] Sysctl
[INFO] Systemd
[INFO] Processes
[INFO] FDLimits
[INFO] KernelSecurity
[INFO] Clock
[INFO] CPU
[INFO] IO
[INFO] Swap
[INFO] Network
[INFO] done in 1.2s
Memory       OK
Disk         OK
Sysctl       OK
Systemd      OK
Processes    OK
FDLimits     OK
KernelSecurity OK
Clock        OK
CPU          OK
IO           WARN  disk nvme1n1 await latency 3.0 ms
Swap         OK
Network      OK
──────────────────────────────────────────────────
WARN: IO: disk nvme1n1 await latency 3.0 ms
   -> iostat -x 1 5
   -> iotop -ao
[INFO] System health (read-only) — ~5s
[INFO] Memory
[INFO] Sysctl
[INFO] Disk
[INFO] Systemd
[INFO] KernelSecurity
[INFO] Processes
[INFO] FDLimits
[INFO] Clock
[INFO] CPU
[INFO] Swap
[INFO] IO
[INFO] Network
[INFO] done in 1.3s
Memory       OK
Sysctl       OK
Disk         OK
Systemd      OK
KernelSecurity OK
Processes    OK
FDLimits     OK
Clock        OK
CPU          OK
Swap         OK
IO           OK
Network      OK
──────────────────────────────────────────────────
OK: All checks passed
[INFO] System health (read-only) — ~5s
[INFO] Memory
[INFO] Sysctl
[INFO] Disk
[INFO] Systemd
[INFO] KernelSecurity
[INFO] Processes
[INFO] FDLimits
[INFO] Clock
[INFO] CPU
[INFO] Swap
[INFO] IO
[INFO] Network
[INFO] done in 1.3s
Memory       OK
Sysctl       OK
Disk         OK
Systemd      OK
KernelSecurity OK
Processes    OK
FDLimits     OK
Clock        OK
CPU          OK
Swap         OK
IO           OK
Network      OK
──────────────────────────────────────────────────
OK: All checks passed
[INFO] System health (read-only) — ~5s
[INFO] Memory
[INFO] Sysctl
[INFO] Disk
[INFO] Systemd
[INFO] KernelSecurity
[INFO] Processes
[INFO] FDLimits
[INFO] Clock
[INFO] CPU
[INFO] Swap
[INFO] IO
[INFO] Network
[INFO] done in 1.3s
Memory       OK
Sysctl       OK
Disk         OK
Systemd      OK
KernelSecurity OK
Processes    OK
FDLimits     OK
Clock        OK
CPU          OK
Swap         OK
IO           WARN  disk nvme1n1 await latency 3.2 ms
Network      OK
──────────────────────────────────────────────────
WARN: IO: disk nvme1n1 await latency 3.2 ms
   -> iostat -x 1 5
   -> iotop -ao
[INFO] System health (read-only) — ~5s
[INFO] Memory
[INFO] Sysctl
[INFO] Disk
[INFO] Systemd
[INFO] KernelSecurity
[INFO] Processes
[INFO] FDLimits
[INFO] Clock
[INFO] CPU
[INFO] Swap
[INFO] IO
[INFO] Network
[INFO] done in 1.3s
Memory       OK
Sysctl       OK
Disk         OK
Systemd      OK
KernelSecurity OK
Processes    OK
FDLimits     OK
Clock        OK
CPU          OK
Swap         OK
IO           WARN  disk nvme1n1 await latency 3.8 ms
Network      OK
──────────────────────────────────────────────────
WARN: IO: disk nvme1n1 await latency 3.8 ms
   -> iostat -x 1 5
   -> iotop -ao
[INFO] System health (read-only) — ~5s
[INFO] Memory
[INFO] Disk
[INFO] Sysctl
[INFO] Systemd
[INFO] KernelSecurity
[INFO] Processes
[INFO] FDLimits
[INFO] Clock
[INFO] CPU
[INFO] IO
[INFO] Swap
[INFO] Network
[INFO] done in 1.3s
Memory       OK
Disk         OK
Sysctl       OK
Systemd      OK
KernelSecurity OK
Processes    OK
FDLimits     OK
Clock        OK
CPU          OK
IO           WARN  disk nvme1n1 await latency 4.0 ms
Swap         OK
Network      OK
──────────────────────────────────────────────────
WARN: IO: disk nvme1n1 await latency 4.0 ms
   -> iostat -x 1 5
   -> iotop -ao
[INFO] System health (read-only) — ~5s
[INFO] Memory
[INFO] Sysctl
[INFO] Disk
[INFO] Systemd
[INFO] KernelSecurity
[INFO] Processes
[INFO] FDLimits
[INFO] Clock
[INFO] CPU
[INFO] Swap
[INFO] IO
[INFO] Network
[INFO] done in 1.3s
Memory       OK
Sysctl       OK
Disk         OK
Systemd      OK
KernelSecurity OK
Processes    OK
FDLimits     OK
Clock        OK
CPU          OK
Swap         OK
IO           OK
Network      OK
──────────────────────────────────────────────────
OK: All checks passed
[INFO] System health — ~5s
[INFO] step 1/12
[INFO] step 2/12
[INFO] step 3/12
[INFO] step 4/12
[INFO] step 5/12
[INFO] step 6/12
[INFO] step 7/12
[INFO] step 8/12
[INFO] step 9/12
[INFO] step 10/12
[INFO] step 11/12
[INFO] step 12/12
[INFO] done in 1.2s
Clock        OK
Memory       OK
Sysctl       OK
Disk         OK
Systemd      OK
KernelSec    OK
Processes    OK
FDLimits     OK
CPU          OK
Swap         OK
IO           CRIT  disk nvme1n1 await latency 5.7 ms
Network      OK
──────────────────────────────────────────────────
CRIT: IO: disk nvme1n1 await latency 5.7 ms
   -> to inspect: iostat -x 1 5
   -> to inspect: iotop -ao
[INFO] System health — ~5s
[INFO] step 1/12
[INFO] step 2/12
[INFO] step 3/12
[INFO] step 4/12
[INFO] step 5/12
[INFO] step 6/12
[INFO] step 7/12
[INFO] step 8/12
[INFO] step 9/12
[INFO] step 10/12
[INFO] step 11/12
[INFO] step 12/12
[INFO] done in 1.3s
Clock        OK
Memory       OK
Sysctl       OK
Disk         OK
Systemd      OK
KernelSec    OK
Processes    OK
FDLimits     OK
CPU          OK
IO           OK
Swap         OK
Network      OK
──────────────────────────────────────────────────
OK: All checks passed in 1.3s
⚡ DashDiag (dsd)
[INFO] System health — ~5s
[INFO] step 1/12
[INFO] step 2/12
[INFO] step 3/12
[INFO] step 4/12
[INFO] step 5/12
[INFO] step 6/12
[INFO] step 7/12
[INFO] step 8/12
[INFO] step 9/12
[INFO] step 10/12
[INFO] step 11/12
[INFO] step 12/12
[INFO] done in 1.2s
Clock        OK
Memory       OK
Disk         OK
Sysctl       OK
Systemd      OK
Processes    OK
FDLimits     OK
KernelSec    OK
CPU          OK
IO           CRIT  disk nvme1n1 await latency 6.5 ms
Swap         OK
Network      OK
────────────────────────────────────────────────────────
CRIT: IO: disk nvme1n1 await latency 6.5 ms
   -> to inspect: iostat -x 1 5
   -> to inspect: iotop -ao
⚡ DashDiag (dsd) v0.2.0-27-gc5e15e9-dirty
[INFO] System health — ~5s
[INFO] step 1/12
[INFO] step 2/12
[INFO] step 3/12
[INFO] step 4/12
[INFO] step 5/12
[INFO] step 6/12
[INFO] step 7/12
[INFO] step 8/12
[INFO] step 9/12
[INFO] step 10/12
[INFO] step 11/12
[INFO] step 12/12
[INFO] done in 1.3s
Clock        OK
Memory       OK
Disk         OK
Sysctl       OK
Systemd      OK
Processes    OK
KernelSec    OK
FDLimits     OK
CPU          OK
Swap         OK
IO           OK
Network      OK
────────────────────────────────────────────────────────
OK: All checks passed in 1.3s
⚡ DashDiag (dsd) v0.2.0-27-gc5e15e9-dirty
[INFO] System health — ~5s
[INFO] step 1/12
[INFO] step 2/12
[INFO] step 3/12
[INFO] step 4/12
[INFO] step 5/12
[INFO] step 6/12
[INFO] step 7/12
[INFO] step 8/12
[INFO] step 9/12
[INFO] step 10/12
[INFO] step 11/12
[INFO] step 12/12
[INFO] done in 1.3s
Memory       OK
Clock        OK
Disk         OK
Sysctl       OK
Systemd      OK
KernelSec    OK
Processes    OK
FDLimits     OK
CPU          OK
Swap         OK
IO           OK
Network      OK
────────────────────────────────────────────────────────
OK: All checks passed in 1.3s
⚡ DashDiag (dsd) v0.2.0-27-gc5e15e9-dirty
[INFO] System health — ~5s
[INFO] step 1/12
[INFO] step 2/12
[INFO] step 3/12
[INFO] step 4/12
[INFO] step 5/12
[INFO] step 6/12
[INFO] step 7/12
[INFO] step 8/12
[INFO] step 9/12
[INFO] step 10/12
[INFO] step 11/12
[INFO] step 12/12
[INFO] done in 1.2s
Clock        OK
Memory       OK
Sysctl       OK
Disk         OK
Systemd      OK
KernelSec    OK
Processes    OK
FDLimits     OK
CPU          OK
Swap         OK
IO           OK
Network      OK
────────────────────────────────────────────────────────
OK: All checks passed in 1.2s
⚡ DashDiag (dsd) v0.2.0-27-gc5e15e9-dirty
[INFO] System health — ~5s
[INFO] step 1/12
[INFO] step 2/12
[INFO] step 3/12
[INFO] step 4/12
[INFO] step 5/12
[INFO] step 6/12
[INFO] step 7/12
[INFO] step 8/12
[INFO] step 9/12
[INFO] step 10/12
[INFO] step 11/12
[INFO] step 12/12
[INFO] done in 1.3s
Clock        OK
Memory       OK
Disk         OK
Sysctl       OK
Systemd      OK
KernelSec    OK
Processes    OK
FDLimits     OK
CPU          OK
Swap         OK
IO           OK
Network      OK
────────────────────────────────────────────────────────
OK: All checks passed in 1.3s
⚡ DashDiag (dsd) v0.2.0-32-g5034efd-dirty
[INFO] System health — ~5s
[INFO] step 1/14
[INFO] step 2/14
[INFO] step 3/14
[INFO] step 4/14
[INFO] step 5/14
[INFO] step 6/14
[INFO] step 7/14
[INFO] step 8/14
[INFO] step 9/14
[INFO] step 10/14
[INFO] step 11/14
[INFO] step 12/14
[INFO] step 13/14
[INFO] step 14/14
[INFO] done in 1.3s
Clock        OK
Entropy      OK
Sysctl       OK
Memory       OK
Disk         OK
Systemd      OK
Logs         OK
KernelSec    OK
Processes    OK
FDLimits     OK
CPU          OK
Swap         OK
IO           WARN  disk nvme1n1 await latency 3.3 ms
Network      OK
────────────────────────────────────────────────────────
WARN: IO: disk nvme1n1 await latency 3.3 ms
   -> to inspect: iostat -x 1 5
   -> to inspect: iotop -ao
⚡ DashDiag (dsd) v0.2.0-32-g5034efd-dirty
[INFO] System health — ~5s
[INFO] step 1/15
[INFO] step 2/15
[INFO] step 3/15
[INFO] step 4/15
[INFO] step 5/15
[INFO] step 6/15
[INFO] step 7/15
[INFO] step 8/15
[INFO] step 9/15
[INFO] step 10/15
[INFO] step 11/15
[INFO] step 12/15
[INFO] step 13/15
[INFO] step 14/15
[INFO] step 15/15
[INFO] done in 21.9s
Memory       OK
Entropy      OK
Disk         OK
Clock        OK
Sysctl       OK
Systemd      OK
Logs         OK
Processes    OK
KernelSec    OK
FDLimits     OK
CPU          OK
Swap         OK
IO           WARN  disk nvme1n1 await latency 4.0 ms
Network      OK
Packages     OK
────────────────────────────────────────────────────────
WARN: IO: disk nvme1n1 await latency 4.0 ms
   -> to inspect: iostat -x 1 5
   -> to inspect: iotop -ao
⚡ DashDiag (dsd) v0.2.0-32-g5034efd-dirty
[INFO] System health — ~5s
[INFO] step 1/15
[INFO] step 2/15
[INFO] step 3/15
[INFO] step 4/15
[INFO] step 5/15
[INFO] step 6/15
[INFO] step 7/15
[INFO] step 8/15
[INFO] step 9/15
[INFO] step 10/15
[INFO] step 11/15
[INFO] step 12/15
[INFO] step 13/15
[INFO] step 14/15
[INFO] step 15/15
[INFO] done in 1.3s
Clock        OK
Entropy      OK
Memory       OK
Disk         OK
Hardening    WARN  2 unexpected port(s) listening on all interfaces: 10250/tcp, 6443/tcp
Logs         OK
Systemd      OK
Processes    OK
Sysctl       WARN  fs.inotify.max_user_watches=122241 is low for k8s (recommended: 524288)
FDLimits     OK
KernelSec    OK
CPU          OK
Swap         OK
IO           WARN  disk nvme1n1 await latency 4.0 ms
Network      OK
────────────────────────────────────────────────────────
WARN: Hardening: 2 unexpected port(s) listening on all interfaces: 10250/tcp, 6443/tcp
   -> to inspect: ss -tlnp
   -> to inspect: ss -tlnp | grep :10250
   -> to inspect: ss -tlnp | grep :6443
WARN: Sysctl: fs.inotify.max_user_watches=122241 is low for k8s (recommended: 524288)
   -> to fix: sysctl -w fs.inotify.max_user_watches=524288
WARN: Sysctl: vm.swappiness=60 is high for k8s node (recommended: ≤ 10)
   -> to fix: sysctl -w vm.swappiness=10
WARN: IO: disk nvme1n1 await latency 4.0 ms
   -> to inspect: iostat -x 1 5
   -> to inspect: iotop -ao
⚡ DashDiag (dsd) v0.2.0-32-g5034efd-dirty
[INFO] System health — ~5s
[INFO] step 1/15
[INFO] step 2/15
[INFO] step 3/15
[INFO] step 4/15
[INFO] step 5/15
[INFO] step 6/15
[INFO] step 7/15
[INFO] step 8/15
[INFO] step 9/15
[INFO] step 10/15
[INFO] step 11/15
[INFO] step 12/15
[INFO] step 13/15
[INFO] step 14/15
[INFO] step 15/15
[INFO] done in 1.3s
Memory       OK
Clock        OK
Entropy      OK
Disk         OK
Hardening    WARN  2 unexpected port(s) listening on all interfaces: 10250/tcp, 6443/tcp
Logs         OK
Systemd      OK
Sysctl       WARN  fs.inotify.max_user_watches=122241 is low for k8s (recommended: 524288)
Processes    OK
FDLimits     OK
KernelSec    OK
CPU          OK
IO           OK
Swap         OK
Network      OK
────────────────────────────────────────────────────────
WARN: Hardening: 2 unexpected port(s) listening on all interfaces: 10250/tcp, 6443/tcp
   -> to inspect: ss -tlnp
   -> to inspect: ss -tlnp | grep :10250
   -> to inspect: ss -tlnp | grep :6443
WARN: Sysctl: fs.inotify.max_user_watches=122241 is low for k8s (recommended: 524288)
   -> to fix: sysctl -w fs.inotify.max_user_watches=524288
WARN: Sysctl: vm.swappiness=60 is high for k8s node (recommended: ≤ 10)
   -> to fix: sysctl -w vm.swappiness=10
⚡ DashDiag (dsd) v0.2.0-32-g5034efd-dirty
[INFO] System health — ~5s
[INFO] step 1/15
[INFO] step 2/15
[INFO] step 3/15
[INFO] step 4/15
[INFO] step 5/15
[INFO] step 6/15
[INFO] step 7/15
[INFO] step 8/15
[INFO] step 9/15
[INFO] step 10/15
[INFO] step 11/15
[INFO] step 12/15
[INFO] step 13/15
[INFO] step 14/15
[INFO] step 15/15
[INFO] done in 1.3s
Clock        OK
Entropy      OK
Memory       OK
Disk         OK
Hardening    WARN  2 unexpected port(s) listening on all interfaces: 10250/tcp, 6443/tcp
Logs         OK
Systemd      OK
Sysctl       WARN  fs.inotify.max_user_watches=122241 is low for k8s (recommended: 524288)
Processes    WARN  1 hung (uninterruptible) process(es)
KernelSec    OK
FDLimits     OK
CPU          OK
Swap         OK
IO           WARN  disk nvme1n1 await latency 4.0 ms
Network      OK
────────────────────────────────────────────────────────
WARN: Hardening: 2 unexpected port(s) listening on all interfaces: 10250/tcp, 6443/tcp
   -> to inspect: ss -tlnp
   -> to inspect: ss -tlnp | grep :10250
   -> to inspect: ss -tlnp | grep :6443
WARN: Sysctl: fs.inotify.max_user_watches=122241 is low for k8s (recommended: 524288)
   -> to fix: sysctl -w fs.inotify.max_user_watches=524288
WARN: Sysctl: vm.swappiness=60 is high for k8s node (recommended: ≤ 10)
   -> to fix: sysctl -w vm.swappiness=10
WARN: Processes: 1 hung (uninterruptible) process(es)
   -> to inspect: ps aux | grep ' D '
WARN: IO: disk nvme1n1 await latency 4.0 ms
   -> to inspect: iostat -x 1 5
   -> to inspect: iotop -ao
⚡ DashDiag (dsd) v0.2.0-32-g5034efd-dirty
[INFO] System health — ~5s
[INFO] step 1/15
[INFO] step 2/15
[INFO] step 3/15
[INFO] step 4/15
[INFO] step 5/15
[INFO] step 6/15
[INFO] step 7/15
[INFO] step 8/15
[INFO] step 9/15
[INFO] step 10/15
[INFO] step 11/15
[INFO] step 12/15
[INFO] step 13/15
[INFO] step 14/15
[INFO] step 15/15
[INFO] done in 1.2s
Memory       OK
Disk         OK
Entropy      OK
Clock        OK
Hardening    WARN  2 unexpected port(s) listening on all interfaces: 10250/tcp, 6443/tcp
Systemd      OK
Logs         OK
Sysctl       WARN  fs.inotify.max_user_watches=122241 is low for k8s (recommended: 524288)
Processes    OK
FDLimits     OK
KernelSec    OK
CPU          OK
IO           OK
Swap         OK
Network      OK
────────────────────────────────────────────────────────
WARN: Hardening: 2 unexpected port(s) listening on all interfaces: 10250/tcp, 6443/tcp
   -> to inspect: ss -tlnp
   -> to inspect: ss -tlnp | grep :10250
   -> to inspect: ss -tlnp | grep :6443
WARN: Sysctl: fs.inotify.max_user_watches=122241 is low for k8s (recommended: 524288)
   -> to fix: sysctl -w fs.inotify.max_user_watches=524288
WARN: Sysctl: vm.swappiness=60 is high for k8s node (recommended: ≤ 10)
   -> to fix: sysctl -w vm.swappiness=10
⚡ DashDiag (dsd) v0.2.0-32-g5034efd-dirty
[INFO] System health — ~5s
[INFO] step 1/15
[INFO] step 2/15
[INFO] step 3/15
[INFO] step 4/15
[INFO] step 5/15
[INFO] step 6/15
[INFO] step 7/15
[INFO] step 8/15
[INFO] step 9/15
[INFO] step 10/15
[INFO] step 11/15
[INFO] step 12/15
[INFO] step 13/15
[INFO] step 14/15
[INFO] step 15/15
[INFO] done in 1.3s
Clock        OK
Memory       OK
Disk         OK
Entropy      OK
Systemd      OK
Logs         OK
Sysctl       WARN  fs.inotify.max_user_watches=122241 is low for k8s (recommended: 524288)
Processes    OK
KernelSec    OK
FDLimits     OK
Hardening    WARN  2 unexpected port(s) listening on all interfaces: 10250/tcp, 6443/tcp
CPU          OK
IO           WARN  disk nvme1n1 await latency 3.8 ms
Swap         OK
Network      OK
────────────────────────────────────────────────────────
WARN: Sysctl: fs.inotify.max_user_watches=122241 is low for k8s (recommended: 524288)
   -> to fix: sysctl -w fs.inotify.max_user_watches=524288
WARN: Sysctl: vm.swappiness=60 is high for k8s node (recommended: ≤ 10)
   -> to fix: sysctl -w vm.swappiness=10
WARN: Hardening: 2 unexpected port(s) listening on all interfaces: 10250/tcp, 6443/tcp
   -> to inspect: ss -tlnp
   -> to inspect: ss -tlnp | grep :10250
   -> to inspect: ss -tlnp | grep :6443
WARN: IO: disk nvme1n1 await latency 3.8 ms
   -> to inspect: iostat -x 1 5
   -> to inspect: iotop -ao
⚡ DashDiag (dsd) v0.2.0-32-g5034efd-dirty
[INFO] System health — ~5s
[INFO] step 1/15
[INFO] step 2/15
[INFO] step 3/15
[INFO] step 4/15
[INFO] step 5/15
[INFO] step 6/15
[INFO] step 7/15
[INFO] step 8/15
[INFO] step 9/15
[INFO] step 10/15
[INFO] step 11/15
[INFO] step 12/15
[INFO] step 13/15
[INFO] step 14/15
[INFO] step 15/15
[INFO] done in 1.5s
Memory       CRIT  RAM usage at 98% (0.1 GB free of 15.2 GB total)
Clock        OK
Disk         OK
Entropy      OK
Logs         OK
CPU          CRIT  load average at 264% of capacity (42.19 / 16 CPUs)
Processes    CRIT  8 hung (uninterruptible) processes
Systemd      OK
FDLimits     OK
Sysctl       WARN  fs.inotify.max_user_watches=122238 is low for k8s (recommended: 524288)
Hardening    WARN  2 unexpected port(s) listening on all interfaces: 6443/tcp, 10250/tcp
KernelSec    OK
IO           CRIT  disk nvme1n1 await latency 29.5 ms
Swap         CRIT  swap usage at 66% (5.1 GB used)
Network      WARN  gateway ping is 196 ms — elevated latency
────────────────────────────────────────────────────────
CRIT: Memory: RAM usage at 98% (0.1 GB free of 15.2 GB total)
   -> to inspect: free -h
   -> to inspect: ps aux --sort=-%mem | head -10
CRIT: Memory: memory overcommitted — OOM kill risk
   -> to inspect: cat /proc/meminfo | grep -E 'CommitLimit|Committed_AS'
   -> to inspect: sysctl vm.overcommit_memory
CRIT: CPU: load average at 264% of capacity (42.19 / 16 CPUs)
   -> to inspect: uptime
   -> to inspect: ps aux --sort=-%cpu | head -10
   -> to inspect: top -b -n1 | head -25
CRIT: Processes: 8 hung (uninterruptible) processes
   -> to inspect: ps aux | grep ' D '
   -> to inspect: for pid in $(ps -eo pid,stat | awk '$2~/D/{print $1}'); do cat /proc/$pid/wchan 2>/dev/null; done
CRIT: IO: disk nvme1n1 await latency 29.5 ms
   -> to inspect: iostat -x 1 5
   -> to inspect: iotop -ao
CRIT: Swap: swap usage at 66% (5.1 GB used)
   -> to inspect: free -h
   -> to inspect: vmstat 1 5
CRIT: Swap: heavy swap activity: 17840 pages/s in, 440233 pages/s out
   -> to inspect: vmstat 1 5
   -> to inspect: sar -W 1 5
   -> to inspect: ps aux --sort=-%mem | head -10
WARN: Sysctl: fs.inotify.max_user_watches=122238 is low for k8s (recommended: 524288)
   -> to fix: sysctl -w fs.inotify.max_user_watches=524288
WARN: Sysctl: vm.swappiness=60 is high for k8s node (recommended: ≤ 10)
   -> to fix: sysctl -w vm.swappiness=10
WARN: Hardening: 2 unexpected port(s) listening on all interfaces: 6443/tcp, 10250/tcp
   -> to inspect: ss -tlnp
   -> to inspect: ss -tlnp | grep :6443
   -> to inspect: ss -tlnp | grep :10250
WARN: Network: gateway ping is 196 ms — elevated latency
   -> to inspect: ping -c5 $(ip route | awk '/default/{print $3}')
WARN: Network/DNS: DNS resolution took 420 ms
   -> to inspect: dig @8.8.8.8 google.com
   -> to inspect: cat /etc/resolv.conf
bash: 0: command not found...
⚡ DashDiag (dsd) v0.2.0-32-g5034efd-dirty
[INFO] System health — ~5s
[INFO] step 1/17
[INFO] step 2/17
[INFO] step 3/17
[INFO] step 4/17
[INFO] step 5/17
[INFO] step 6/17
[INFO] step 7/17
[INFO] step 8/17
[INFO] step 9/17
[INFO] step 10/17
[INFO] step 11/17
[INFO] step 12/17
[INFO] step 13/17
[INFO] step 14/17
[INFO] step 15/17
[INFO] step 16/17
[INFO] step 17/17
[INFO] done in 3.0s
Memory       CRIT  RAM usage at 97% (0.2 GB free of 15.2 GB total)
Disk         OK
Clock        OK
Logs         INFO  some checks limited — run as root for OOM/segfault detection via /dev/kmsg and auth log analysis
Battery      OK
Thermal      WARN  CPU temperature 88.25°C — elevated (source: k10temp)
Entropy      OK
Systemd      OK
CPU          CRIT  load average at 271% of capacity (43.33 / 16 CPUs)
Processes    CRIT  7 hung (uninterruptible) processes
Sysctl       WARN  fs.inotify.max_user_watches=122238 is low for k8s (recommended: 524288)
FDLimits     OK
KernelSec    OK
Hardening    WARN  2 unexpected port(s) listening on all interfaces: 6443/tcp, 10250/tcp
IO           CRIT  disk nvme1n1 await latency 21.1 ms
Swap         CRIT  swap usage at 87% (6.8 GB used)
Network      CRIT  gateway ping is 203 ms — severe latency
────────────────────────────────────────────────────────
CRIT: Memory: RAM usage at 97% (0.2 GB free of 15.2 GB total)
   -> to inspect: free -h
   -> to inspect: ps aux --sort=-%mem | head -10
CRIT: Memory: memory overcommitted — OOM kill risk
   -> to inspect: cat /proc/meminfo | grep -E 'CommitLimit|Committed_AS'
   -> to inspect: sysctl vm.overcommit_memory
CRIT: CPU: load average at 271% of capacity (43.33 / 16 CPUs)
   -> to inspect: uptime
   -> to inspect: ps aux --sort=-%cpu | head -10
   -> to inspect: top -b -n1 | head -25
CRIT: Processes: 7 hung (uninterruptible) processes
   -> to inspect: ps aux | grep ' D '
   -> to inspect: for pid in $(ps -eo pid,stat | awk '$2~/D/{print $1}'); do cat /proc/$pid/wchan 2>/dev/null; done
CRIT: IO: disk nvme1n1 await latency 21.1 ms
   -> to inspect: iostat -x 1 5
   -> to inspect: iotop -ao
CRIT: Swap: swap usage at 87% (6.8 GB used)
   -> to inspect: free -h
   -> to inspect: vmstat 1 5
CRIT: Swap: heavy swap activity: 126363 pages/s in, 202078 pages/s out
   -> to inspect: vmstat 1 5
   -> to inspect: sar -W 1 5
   -> to inspect: ps aux --sort=-%mem | head -10
CRIT: Network: gateway ping is 203 ms — severe latency
   -> to inspect: ping -c5 $(ip route | awk '/default/{print $3}')
   -> to inspect: ip route
CRIT: Network: gateway packet loss 50%
   -> to inspect: ping -c20 $(ip route | awk '/default/{print $3}')
   -> to inspect: ip link show
CRIT: Network/DNS: DNS resolution took 2950 ms
   -> to inspect: dig @8.8.8.8 google.com
   -> to inspect: cat /etc/resolv.conf
   -> to inspect: systemctl status systemd-resolved
WARN: Thermal: CPU temperature 88.25°C — elevated (source: k10temp)
   -> to inspect: cat /sys/class/hwmon/hwmon*/temp*_input
WARN: Sysctl: fs.inotify.max_user_watches=122238 is low for k8s (recommended: 524288)
   -> to fix: sysctl -w fs.inotify.max_user_watches=524288
WARN: Sysctl: vm.swappiness=60 is high for k8s node (recommended: ≤ 10)
   -> to fix: sysctl -w vm.swappiness=10
WARN: Hardening: 2 unexpected port(s) listening on all interfaces: 6443/tcp, 10250/tcp
   -> to inspect: ss -tlnp
   -> to inspect: ss -tlnp | grep :6443
   -> to inspect: ss -tlnp | grep :10250
⚡ DashDiag (dsd) v0.2.0-32-g5034efd-dirty
[INFO] System health — ~5s
[INFO] step 1/18
[INFO] step 2/18
[INFO] step 3/18
[INFO] step 4/18
[INFO] step 5/18
[INFO] step 6/18
[INFO] step 7/18
[INFO] step 8/18
[INFO] step 9/18
[INFO] step 10/18
[INFO] step 11/18
[INFO] step 12/18
[INFO] step 13/18
[INFO] step 14/18
[INFO] step 15/18
[INFO] step 16/18
[INFO] step 17/18
[INFO] step 18/18
[INFO] done in 1.7s
Memory       CRIT  RAM usage at 98% (0.1 GB free of 15.2 GB total)
Disk         OK
Entropy      OK
Clock        OK
Thermal      WARN  CPU temperature 89.25°C — elevated (source: k10temp)
Battery      OK
CPU          CRIT  load average at 257% of capacity (41.14 / 16 CPUs)
Logs         INFO  some checks limited — run as root for OOM/segfault detection via /dev/kmsg and auth log analysis
NVMe         OK
Systemd      OK
Sysctl       WARN  fs.inotify.max_user_watches=122238 is low for k8s (recommended: 524288)
Processes    CRIT  10 hung (uninterruptible) processes
KernelSec    OK
FDLimits     OK
Hardening    WARN  2 unexpected port(s) listening on all interfaces: 6443/tcp, 10250/tcp
IO           OK
Swap         CRIT  swap usage at 84% (6.5 GB used)
Network      CRIT  gateway ping is 302 ms — severe latency
────────────────────────────────────────────────────────
CRIT: Memory: RAM usage at 98% (0.1 GB free of 15.2 GB total)
   -> to inspect:
      free -h
      ps aux --sort=-%mem | head -10
CRIT: Memory: memory overcommitted — OOM kill risk
   -> to inspect:
      cat /proc/meminfo | grep -E 'CommitLimit|Committed_AS'
      sysctl vm.overcommit_memory
CRIT: CPU: load average at 257% of capacity (41.14 / 16 CPUs)
   -> to inspect:
      uptime
      ps aux --sort=-%cpu | head -10
      top -b -n1 | head -25
CRIT: Processes: 10 hung (uninterruptible) processes
   -> to inspect:
      ps aux | grep ' D '
      for pid in $(ps -eo pid,stat | awk '$2~/D/{print $1}'); do cat /proc/$pid/wchan 2>/dev/null; done
CRIT: Swap: swap usage at 84% (6.5 GB used)
   -> to inspect:
      free -h
      vmstat 1 5
CRIT: Swap: heavy swap activity: 93488 pages/s in, 235480 pages/s out
   -> to inspect:
      vmstat 1 5
      sar -W 1 5
      ps aux --sort=-%mem | head -10
CRIT: Network: gateway ping is 302 ms — severe latency
   -> to inspect:
      ping -c5 $(ip route | awk '/default/{print $3}')
      ip route
CRIT: Network: gateway packet loss 50%
   -> to inspect:
      ping -c20 $(ip route | awk '/default/{print $3}')
      ip link show
WARN: Thermal: CPU temperature 89.25°C — elevated (source: k10temp)
   -> to inspect: cat /sys/class/hwmon/hwmon*/temp*_input
WARN: Sysctl: fs.inotify.max_user_watches=122238 is low for k8s (recommended: 524288)
   -> to fix: sysctl -w fs.inotify.max_user_watches=524288
WARN: Sysctl: vm.swappiness=60 is high for k8s node (recommended: ≤ 10)
   -> to fix: sysctl -w vm.swappiness=10
WARN: Hardening: 2 unexpected port(s) listening on all interfaces: 6443/tcp, 10250/tcp
   -> to inspect:
      ss -tlnp
      ss -tlnp | grep :6443
      ss -tlnp | grep :10250
WARN: Network/DNS: DNS resolution took 820 ms
   -> to inspect:
      dig @8.8.8.8 google.com
      cat /etc/resolv.conf
⚡ DashDiag (dsd) v0.2.0-32-g5034efd-dirty
[INFO] System health — ~5s
[INFO] step 1/18
[INFO] step 2/18
[INFO] step 3/18
[INFO] step 4/18
[INFO] step 5/18
[INFO] step 6/18
[INFO] step 7/18
[INFO] step 8/18
[INFO] step 9/18
[INFO] step 10/18
[INFO] step 11/18
[INFO] step 12/18
[INFO] step 13/18
[INFO] step 14/18
[INFO] step 15/18
[INFO] step 16/18
[INFO] step 17/18
[INFO] step 18/18
[INFO] done in 1.2s
Disk         OK
Memory       CRIT  RAM usage at 97% (0.2 GB free of 15.2 GB total)
Entropy      OK
Thermal      CRIT  CPU temperature 98.375°C — thermal throttling active
Clock        OK
Battery      OK
Logs         INFO  some checks limited — run as root for OOM/segfault detection via /dev/kmsg and auth log analysis
NVMe         OK
Sysctl       WARN  fs.inotify.max_user_watches=122241 is low for k8s (recommended: 524288)
Systemd      OK
CPU          CRIT  load average at 272% of capacity (43.58 / 16 CPUs)
Processes    CRIT  7 hung (uninterruptible) processes
FDLimits     OK
KernelSec    OK
Hardening    WARN  2 unexpected port(s) listening on all interfaces: 6443/tcp, 10250/tcp
Swap         CRIT  swap usage at 83% (6.5 GB used)
IO           WARN  disk nvme1n1 await latency 10.6 ms
Network      CRIT  gateway ping is 262 ms — severe latency
────────────────────────────────────────────────────────
CRIT: Memory: RAM usage at 97% (0.2 GB free of 15.2 GB total)
   -> to inspect:
      free -h
      ps aux --sort=-%mem | head -10
CRIT: Memory: memory overcommitted — OOM kill risk
   -> to inspect:
      cat /proc/meminfo | grep -E 'CommitLimit|Committed_AS'
      sysctl vm.overcommit_memory
CRIT: Thermal: CPU temperature 98.375°C — thermal throttling active
   -> to inspect:
      cat /sys/class/hwmon/hwmon*/temp*_input
      check cooling and airflow
CRIT: CPU: load average at 272% of capacity (43.58 / 16 CPUs)
   -> to inspect:
      uptime
      ps aux --sort=-%cpu | head -10
      top -b -n1 | head -25
CRIT: Processes: 7 hung (uninterruptible) processes
   -> to inspect:
      ps aux | grep ' D '
      for pid in $(ps -eo pid,stat | awk '$2~/D/{print $1}'); do cat /proc/$pid/wchan 2>/dev/null; done
CRIT: Swap: swap usage at 83% (6.5 GB used)
   -> to inspect:
      free -h
      vmstat 1 5
CRIT: Swap: heavy swap activity: 105188 pages/s in, 222126 pages/s out
   -> to inspect:
      vmstat 1 5
      sar -W 1 5
      ps aux --sort=-%mem | head -10
CRIT: Network: gateway ping is 262 ms — severe latency
   -> to inspect:
      ping -c5 $(ip route | awk '/default/{print $3}')
      ip route
CRIT: Network: gateway packet loss 50%
   -> to inspect:
      ping -c20 $(ip route | awk '/default/{print $3}')
      ip link show
WARN: Sysctl: fs.inotify.max_user_watches=122241 is low for k8s (recommended: 524288)
   -> to fix: sysctl -w fs.inotify.max_user_watches=524288
WARN: Sysctl: vm.swappiness=60 is high for k8s node (recommended: ≤ 10)
   -> to fix: sysctl -w vm.swappiness=10
WARN: Hardening: 2 unexpected port(s) listening on all interfaces: 6443/tcp, 10250/tcp
   -> to inspect:
      ss -tlnp
      ss -tlnp | grep :6443
      ss -tlnp | grep :10250
WARN: IO: disk nvme1n1 await latency 10.6 ms
   -> to inspect:
      iostat -x 1 5
      iotop -ao
WARN: Network/DNS: DNS resolution took 266 ms
   -> to inspect:
      dig @8.8.8.8 google.com
      cat /etc/resolv.conf
⚡ DashDiag (dsd) v0.2.0-32-g5034efd-dirty
[INFO] System health — ~5s
[INFO] step 1/18
[INFO] step 2/18
[INFO] step 3/18
[INFO] step 4/18
[INFO] step 5/18
[INFO] step 6/18
[INFO] step 7/18
[INFO] step 8/18
[INFO] step 9/18
[INFO] step 10/18
[INFO] step 11/18
[INFO] step 12/18
[INFO] step 13/18
[INFO] step 14/18
[INFO] step 15/18
[INFO] step 16/18
[INFO] step 17/18
[INFO] step 18/18
[INFO] done in 3.0s
Memory       OK
Thermal      OK
Clock        OK
Disk         OK
Entropy      OK
Systemd      OK
Logs         INFO  some checks limited — run as root for OOM/segfault detection via /dev/kmsg and auth log analysis
NVMe         OK
Sysctl       WARN  fs.inotify.max_user_watches=122241 is low for k8s (recommended: 524288)
Processes    WARN  1 hung (uninterruptible) process(es)
FDLimits     OK
KernelSec    OK
Hardening    WARN  2 unexpected port(s) listening on all interfaces: 6443/tcp, 10250/tcp
Battery      OK
CPU          OK
IO           OK
Swap         WARN  swap activity detected: 16 pages/s in, 0 pages/s out
Network      CRIT  gateway ping is 201 ms — severe latency
────────────────────────────────────────────────────────
CRIT: Network: gateway ping is 201 ms — severe latency
   -> to inspect:
      ping -c5 $(ip route | awk '/default/{print $3}')
      ip route
CRIT: Network: gateway packet loss 50%
   -> to inspect:
      ping -c20 $(ip route | awk '/default/{print $3}')
      ip link show
CRIT: Network/DNS: DNS resolution failed — cannot resolve hostnames
   -> to inspect:
      dig @8.8.8.8 google.com
      cat /etc/resolv.conf
      systemctl status systemd-resolved
WARN: Sysctl: fs.inotify.max_user_watches=122241 is low for k8s (recommended: 524288)
   -> to fix: sysctl -w fs.inotify.max_user_watches=524288
WARN: Sysctl: vm.swappiness=60 is high for k8s node (recommended: ≤ 10)
   -> to fix: sysctl -w vm.swappiness=10
WARN: Processes: 1 hung (uninterruptible) process(es)
   -> to inspect: ps aux | grep ' D '
WARN: Hardening: 2 unexpected port(s) listening on all interfaces: 6443/tcp, 10250/tcp
   -> to inspect:
      ss -tlnp
      ss -tlnp | grep :6443
      ss -tlnp | grep :10250
WARN: Swap: swap activity detected: 16 pages/s in, 0 pages/s out
   -> to inspect:
      vmstat 1 5
      free -h
⚡ DashDiag (dsd) v0.2.0-32-g5034efd-dirty
[INFO] System health — ~5s
[INFO] step 1/18
[INFO] step 2/18
[INFO] step 3/18
[INFO] step 4/18
[INFO] step 5/18
[INFO] step 6/18
[INFO] step 7/18
[INFO] step 8/18
[INFO] step 9/18
[INFO] step 10/18
[INFO] step 11/18
[INFO] step 12/18
[INFO] step 13/18
[INFO] step 14/18
[INFO] step 15/18
[INFO] step 16/18
[INFO] step 17/18
[INFO] step 18/18
[INFO] done in 1.9s
Thermal      WARN  CPU temperature 89.375°C — elevated (source: k10temp)
Memory       CRIT  RAM usage at 97% (0.2 GB free of 15.2 GB total)
Disk         OK
Entropy      OK
Clock        OK
Battery      OK
CPU          CRIT  load average at 261% of capacity (41.76 / 16 CPUs)
Systemd      OK
Logs         INFO  some checks limited — run as root for OOM/segfault detection via /dev/kmsg and auth log analysis
Processes    CRIT  7 hung (uninterruptible) processes
Sysctl       WARN  fs.inotify.max_user_watches=122241 is low for k8s (recommended: 524288)
NVMe         OK
FDLimits     OK
KernelSec    OK
Hardening    WARN  2 unexpected port(s) listening on all interfaces: 6443/tcp, 10250/tcp
IO           WARN  disk nvme1n1 await latency 13.1 ms
Swap         CRIT  swap usage at 98% (7.6 GB used)
Network      CRIT  gateway ping is 201 ms — severe latency
────────────────────────────────────────────────────────
CRIT: Memory: RAM usage at 97% (0.2 GB free of 15.2 GB total)
   -> to inspect:
      free -h
      ps aux --sort=-%mem | head -10
CRIT: Memory: memory overcommitted — OOM kill risk
   -> to inspect:
      cat /proc/meminfo | grep -E 'CommitLimit|Committed_AS'
      sysctl vm.overcommit_memory
CRIT: CPU: load average at 261% of capacity (41.76 / 16 CPUs)
   -> to inspect:
      uptime
      ps aux --sort=-%cpu | head -10
      top -b -n1 | head -25
CRIT: Processes: 7 hung (uninterruptible) processes
   -> to inspect:
      ps aux | grep ' D '
      for pid in $(ps -eo pid,stat | awk '$2~/D/{print $1}'); do cat /proc/$pid/wchan 2>/dev/null; done
CRIT: Swap: swap usage at 98% (7.6 GB used)
   -> to inspect:
      free -h
      vmstat 1 5
CRIT: Swap: heavy swap activity: 161597 pages/s in, 168854 pages/s out
   -> to inspect:
      vmstat 1 5
      sar -W 1 5
      ps aux --sort=-%mem | head -10
CRIT: Network: gateway ping is 201 ms — severe latency
   -> to inspect:
      ping -c5 $(ip route | awk '/default/{print $3}')
      ip route
CRIT: Network: gateway packet loss 50%
   -> to inspect:
      ping -c20 $(ip route | awk '/default/{print $3}')
      ip link show
WARN: Thermal: CPU temperature 89.375°C — elevated (source: k10temp)
   -> to inspect: cat /sys/class/hwmon/hwmon*/temp*_input
WARN: Sysctl: fs.inotify.max_user_watches=122241 is low for k8s (recommended: 524288)
   -> to fix: sysctl -w fs.inotify.max_user_watches=524288
WARN: Sysctl: vm.swappiness=60 is high for k8s node (recommended: ≤ 10)
   -> to fix: sysctl -w vm.swappiness=10
WARN: Hardening: 2 unexpected port(s) listening on all interfaces: 6443/tcp, 10250/tcp
   -> to inspect:
      ss -tlnp
      ss -tlnp | grep :6443
      ss -tlnp | grep :10250
WARN: IO: disk nvme1n1 await latency 13.1 ms
   -> to inspect:
      iostat -x 1 5
      iotop -ao
WARN: Network/DNS: DNS resolution took 900 ms
   -> to inspect:
      dig @8.8.8.8 google.com
      cat /etc/resolv.conf
⚡ DashDiag (dsd) v0.2.0-32-g5034efd-dirty
[INFO] System health — ~5s
[INFO] step 1/18
[INFO] step 2/18
[INFO] step 3/18
[INFO] step 4/18
[INFO] step 5/18
[INFO] step 6/18
[INFO] step 7/18
[INFO] step 8/18
[INFO] step 9/18
[INFO] step 10/18
[INFO] step 11/18
[INFO] step 12/18
[INFO] step 13/18
[INFO] step 14/18
[INFO] step 15/18
[INFO] step 16/18
[INFO] step 17/18
[INFO] step 18/18
[INFO] done in 3.0s
Memory       OK
Clock        OK
Entropy      OK
Thermal      OK
Disk         OK
Systemd      OK
Logs         INFO  some checks limited — run as root for OOM/segfault detection via /dev/kmsg and auth log analysis
NVMe         OK
Sysctl       WARN  fs.inotify.max_user_watches=122241 is low for k8s (recommended: 524288)
Processes    WARN  1 hung (uninterruptible) process(es)
FDLimits     OK
KernelSec    OK
Hardening    WARN  2 unexpected port(s) listening on all interfaces: 6443/tcp, 10250/tcp
Battery      OK
CPU          OK
IO           OK
Swap         WARN  swap activity detected: 43 pages/s in, 0 pages/s out
Network      CRIT  gateway ping is 201 ms — severe latency
────────────────────────────────────────────────────────
CRIT: Network: gateway ping is 201 ms — severe latency
   -> to inspect:
      ping -c5 $(ip route | awk '/default/{print $3}')
      ip route
CRIT: Network: gateway packet loss 50%
   -> to inspect:
      ping -c20 $(ip route | awk '/default/{print $3}')
      ip link show
CRIT: Network/DNS: DNS resolution took 2998 ms
   -> to inspect:
      dig @8.8.8.8 google.com
      cat /etc/resolv.conf
      systemctl status systemd-resolved
WARN: Sysctl: fs.inotify.max_user_watches=122241 is low for k8s (recommended: 524288)
   -> to fix: sysctl -w fs.inotify.max_user_watches=524288
WARN: Sysctl: vm.swappiness=60 is high for k8s node (recommended: ≤ 10)
   -> to fix: sysctl -w vm.swappiness=10
WARN: Processes: 1 hung (uninterruptible) process(es)
   -> to inspect: ps aux | grep ' D '
WARN: Hardening: 2 unexpected port(s) listening on all interfaces: 6443/tcp, 10250/tcp
   -> to inspect:
      ss -tlnp
      ss -tlnp | grep :6443
      ss -tlnp | grep :10250
WARN: Swap: swap activity detected: 43 pages/s in, 0 pages/s out
   -> to inspect:
      vmstat 1 5
      free -h
⚡ DashDiag (dsd) v0.2.0-32-g5034efd-dirty
[INFO] System health — ~5s
[INFO] step 1/18
[INFO] step 2/18
[INFO] step 3/18
[INFO] step 4/18
[INFO] step 5/18
[INFO] step 6/18
[INFO] step 7/18
[INFO] step 8/18
[INFO] step 9/18
[INFO] step 10/18
[INFO] step 11/18
[INFO] step 12/18
[INFO] step 13/18
[INFO] step 14/18
[INFO] step 15/18
[INFO] step 16/18
[INFO] step 17/18
[INFO] step 18/18
[INFO] done in 1.4s
Memory       CRIT  memory overcommitted — OOM kill risk
Thermal      WARN  CPU temperature 88.25°C — elevated (source: k10temp)
Entropy      OK
Clock        OK
Disk         OK
Systemd      OK
Battery      OK
NVMe         OK
Sysctl       WARN  fs.inotify.max_user_watches=122241 is low for k8s (recommended: 524288)
CPU          CRIT  load average at 259% of capacity (41.51 / 16 CPUs)
Processes    CRIT  8 hung (uninterruptible) processes
FDLimits     OK
KernelSec    OK
Logs         INFO  some checks limited — run as root for OOM/segfault detection via /dev/kmsg and auth log analysis
Hardening    WARN  2 unexpected port(s) listening on all interfaces: 6443/tcp, 10250/tcp
Swap         CRIT  swap usage at 77% (6.0 GB used)
IO           OK
Network      CRIT  gateway ping is 276 ms — severe latency
────────────────────────────────────────────────────────
CRIT: Memory: memory overcommitted — OOM kill risk
   -> to inspect:
      cat /proc/meminfo | grep -E 'CommitLimit|Committed_AS'
      sysctl vm.overcommit_memory
CRIT: CPU: load average at 259% of capacity (41.51 / 16 CPUs)
   -> to inspect:
      uptime
      ps aux --sort=-%cpu | head -10
      top -b -n1 | head -25
CRIT: Processes: 8 hung (uninterruptible) processes
   -> to inspect:
      ps aux | grep ' D '
      for pid in $(ps -eo pid,stat | awk '$2~/D/{print $1}'); do cat /proc/$pid/wchan 2>/dev/null; done
CRIT: Swap: swap usage at 77% (6.0 GB used)
   -> to inspect:
      free -h
      vmstat 1 5
CRIT: Swap: heavy swap activity: 194185 pages/s in, 0 pages/s out
   -> to inspect:
      vmstat 1 5
      sar -W 1 5
      ps aux --sort=-%mem | head -10
CRIT: Network: gateway ping is 276 ms — severe latency
   -> to inspect:
      ping -c5 $(ip route | awk '/default/{print $3}')
      ip route
CRIT: Network: gateway packet loss 50%
   -> to inspect:
      ping -c20 $(ip route | awk '/default/{print $3}')
      ip link show
WARN: Memory: RAM usage at 84% (2.2 GB free of 15.2 GB total)
   -> to inspect:
      free -h
      ps aux --sort=-%mem | head -10
WARN: Thermal: CPU temperature 88.25°C — elevated (source: k10temp)
   -> to inspect: cat /sys/class/hwmon/hwmon*/temp*_input
WARN: Sysctl: fs.inotify.max_user_watches=122241 is low for k8s (recommended: 524288)
   -> to fix: sysctl -w fs.inotify.max_user_watches=524288
WARN: Sysctl: vm.swappiness=60 is high for k8s node (recommended: ≤ 10)
   -> to fix: sysctl -w vm.swappiness=10
WARN: Hardening: 2 unexpected port(s) listening on all interfaces: 6443/tcp, 10250/tcp
   -> to inspect:
      ss -tlnp
      ss -tlnp | grep :6443
      ss -tlnp | grep :10250
WARN: Network/DNS: DNS resolution took 474 ms
   -> to inspect:
      dig @8.8.8.8 google.com
      cat /etc/resolv.conf
⚡ DashDiag (dsd) v0.2.0-32-g5034efd-dirty
[INFO] System health — ~5s
[INFO] step 1/18
[INFO] step 2/18
[INFO] step 3/18
[INFO] step 4/18
[INFO] step 5/18
[INFO] step 6/18
[INFO] step 7/18
[INFO] step 8/18
[INFO] step 9/18
[INFO] step 10/18
[INFO] step 11/18
[INFO] step 12/18
[INFO] step 13/18
[INFO] step 14/18
[INFO] step 15/18
[INFO] step 16/18
[INFO] step 17/18
[INFO] step 18/18
[INFO] done in 3.0s
Memory       OK
Disk         OK
Thermal      OK
Entropy      OK
Clock        OK
Systemd      OK
Logs         INFO  some checks limited — run as root for OOM/segfault detection via /dev/kmsg and auth log analysis
NVMe         OK
Sysctl       WARN  fs.inotify.max_user_watches=122241 is low for k8s (recommended: 524288)
Processes    WARN  1 hung (uninterruptible) process(es)
FDLimits     OK
KernelSec    OK
Hardening    WARN  2 unexpected port(s) listening on all interfaces: 6443/tcp, 10250/tcp
Battery      OK
CPU          OK
Swap         WARN  swap activity detected: 45 pages/s in, 0 pages/s out
IO           OK
Network      CRIT  gateway ping is 201 ms — severe latency
────────────────────────────────────────────────────────
CRIT: Network: gateway ping is 201 ms — severe latency
   -> to inspect:
      ping -c5 $(ip route | awk '/default/{print $3}')
      ip route
CRIT: Network: gateway packet loss 50%
   -> to inspect:
      ping -c20 $(ip route | awk '/default/{print $3}')
      ip link show
CRIT: Network/DNS: DNS resolution took 2998 ms
   -> to inspect:
      dig @8.8.8.8 google.com
      cat /etc/resolv.conf
      systemctl status systemd-resolved
WARN: Sysctl: fs.inotify.max_user_watches=122241 is low for k8s (recommended: 524288)
   -> to fix: sysctl -w fs.inotify.max_user_watches=524288
WARN: Sysctl: vm.swappiness=60 is high for k8s node (recommended: ≤ 10)
   -> to fix: sysctl -w vm.swappiness=10
WARN: Processes: 1 hung (uninterruptible) process(es)
   -> to inspect: ps aux | grep ' D '
WARN: Hardening: 2 unexpected port(s) listening on all interfaces: 6443/tcp, 10250/tcp
   -> to inspect:
      ss -tlnp
      ss -tlnp | grep :6443
      ss -tlnp | grep :10250
WARN: Swap: swap activity detected: 45 pages/s in, 0 pages/s out
   -> to inspect:
      vmstat 1 5
      free -h
⚡ DashDiag (dsd) v0.2.0-32-g5034efd-dirty
[INFO] System health — ~5s
[INFO] step 1/18
[INFO] step 2/18
[INFO] step 3/18
[INFO] step 4/18
[INFO] step 5/18
[INFO] step 6/18
[INFO] step 7/18
[INFO] step 8/18
[INFO] step 9/18
[INFO] step 10/18
[INFO] step 11/18
[INFO] step 12/18
[INFO] step 13/18
[INFO] step 14/18
[INFO] step 15/18
[INFO] step 16/18
[INFO] step 17/18
[INFO] step 18/18
[INFO] done in 1.2s
Clock        OK
Memory       CRIT  RAM usage at 97% (0.3 GB free of 15.2 GB total)
Disk         OK
Entropy      OK
Thermal      WARN  CPU temperature 88.875°C — elevated (source: k10temp)
NVMe         OK
Logs         INFO  some checks limited — run as root for OOM/segfault detection via /dev/kmsg and auth log analysis
Battery      OK
Systemd      OK
Sysctl       WARN  fs.inotify.max_user_watches=122241 is low for k8s (recommended: 524288)
Processes    CRIT  10 hung (uninterruptible) processes
KernelSec    OK
FDLimits     OK
CPU          CRIT  load average at 259% of capacity (41.44 / 16 CPUs)
Hardening    WARN  2 unexpected port(s) listening on all interfaces: 6443/tcp, 10250/tcp
IO           WARN  disk nvme1n1 await latency 8.2 ms
Swap         CRIT  swap usage at 79% (6.1 GB used)
Network      CRIT  gateway ping is 371 ms — severe latency
────────────────────────────────────────────────────────
CRIT: Memory: RAM usage at 97% (0.3 GB free of 15.2 GB total)
   -> to inspect:
      free -h
      ps aux --sort=-%mem | head -10
CRIT: Memory: memory overcommitted — OOM kill risk
   -> to inspect:
      cat /proc/meminfo | grep -E 'CommitLimit|Committed_AS'
      sysctl vm.overcommit_memory
CRIT: Processes: 10 hung (uninterruptible) processes
   -> to inspect:
      ps aux | grep ' D '
      for pid in $(ps -eo pid,stat | awk '$2~/D/{print $1}'); do cat /proc/$pid/wchan 2>/dev/null; done
CRIT: CPU: load average at 259% of capacity (41.44 / 16 CPUs)
   -> to inspect:
      uptime
      ps aux --sort=-%cpu | head -10
      top -b -n1 | head -25
CRIT: Swap: swap usage at 79% (6.1 GB used)
   -> to inspect:
      free -h
      vmstat 1 5
CRIT: Swap: heavy swap activity: 155953 pages/s in, 200569 pages/s out
   -> to inspect:
      vmstat 1 5
      sar -W 1 5
      ps aux --sort=-%mem | head -10
CRIT: Network: gateway ping is 371 ms — severe latency
   -> to inspect:
      ping -c5 $(ip route | awk '/default/{print $3}')
      ip route
CRIT: Network: gateway packet loss 50%
   -> to inspect:
      ping -c20 $(ip route | awk '/default/{print $3}')
      ip link show
WARN: Thermal: CPU temperature 88.875°C — elevated (source: k10temp)
   -> to inspect: cat /sys/class/hwmon/hwmon*/temp*_input
WARN: Sysctl: fs.inotify.max_user_watches=122241 is low for k8s (recommended: 524288)
   -> to fix: sysctl -w fs.inotify.max_user_watches=524288
WARN: Sysctl: vm.swappiness=60 is high for k8s node (recommended: ≤ 10)
   -> to fix: sysctl -w vm.swappiness=10
WARN: Hardening: 2 unexpected port(s) listening on all interfaces: 6443/tcp, 10250/tcp
   -> to inspect:
      ss -tlnp
      ss -tlnp | grep :6443
      ss -tlnp | grep :10250
WARN: IO: disk nvme1n1 await latency 8.2 ms
   -> to inspect:
      iostat -x 1 5
      iotop -ao
WARN: Network/DNS: DNS resolution took 374 ms
   -> to inspect:
      dig @8.8.8.8 google.com
      cat /etc/resolv.conf
⚡ DashDiag (dsd) v0.2.0-32-g5034efd-dirty
[INFO] System health — ~5s
[INFO] step 1/18
[INFO] step 2/18
[INFO] step 3/18
[INFO] step 4/18
[INFO] step 5/18
[INFO] step 6/18
[INFO] step 7/18
[INFO] step 8/18
[INFO] step 9/18
[INFO] step 10/18
[INFO] step 11/18
[INFO] step 12/18
[INFO] step 13/18
[INFO] step 14/18
[INFO] step 15/18
[INFO] step 16/18
[INFO] step 17/18
[INFO] step 18/18
[INFO] done in 1.2s
Thermal      OK
Memory       OK
Disk         OK
Entropy      OK
Clock        OK
Logs         INFO  some checks limited — run as root for OOM/segfault detection via /dev/kmsg and auth log analysis
Systemd      OK
NVMe         OK
Sysctl       WARN  fs.inotify.max_user_watches=122241 is low for k8s (recommended: 524288)
Processes    OK
FDLimits     OK
KernelSec    OK
Hardening    WARN  2 unexpected port(s) listening on all interfaces: 6443/tcp, 10250/tcp
Battery      OK
CPU          OK
Swap         WARN  swap activity detected: 23 pages/s in, 0 pages/s out
IO           OK
Network      CRIT  gateway ping is 201 ms — severe latency
────────────────────────────────────────────────────────
CRIT: Network: gateway ping is 201 ms — severe latency
   -> to inspect:
      ping -c5 $(ip route | awk '/default/{print $3}')
      ip route
CRIT: Network: gateway packet loss 50%
   -> to inspect:
      ping -c20 $(ip route | awk '/default/{print $3}')
      ip link show
WARN: Sysctl: fs.inotify.max_user_watches=122241 is low for k8s (recommended: 524288)
   -> to fix: sysctl -w fs.inotify.max_user_watches=524288
WARN: Sysctl: vm.swappiness=60 is high for k8s node (recommended: ≤ 10)
   -> to fix: sysctl -w vm.swappiness=10
WARN: Hardening: 2 unexpected port(s) listening on all interfaces: 6443/tcp, 10250/tcp
   -> to inspect:
      ss -tlnp
      ss -tlnp | grep :6443
      ss -tlnp | grep :10250
WARN: Swap: swap activity detected: 23 pages/s in, 0 pages/s out
   -> to inspect:
      vmstat 1 5
      free -h
WARN: Network/DNS: DNS resolution took 207 ms
   -> to inspect:
      dig @8.8.8.8 google.com
      cat /etc/resolv.conf
⚡ DashDiag (dsd) v0.2.0-32-g5034efd-dirty
[INFO] System health — ~5s
[INFO] step 1/18
[INFO] step 2/18
[INFO] step 3/18
[INFO] step 4/18
[INFO] step 5/18
[INFO] step 6/18
[INFO] step 7/18
[INFO] step 8/18
[INFO] step 9/18
[INFO] step 10/18
[INFO] step 11/18
[INFO] step 12/18
[INFO] step 13/18
[INFO] step 14/18
[INFO] step 15/18
[INFO] step 16/18
[INFO] step 17/18
[INFO] step 18/18
[INFO] done in 1.2s
Disk         OK
Thermal      WARN  CPU temperature 89.125°C — elevated (source: k10temp)
Memory       CRIT  RAM usage at 98% (0.1 GB free of 15.2 GB total)
Clock        OK
Systemd      OK
Entropy      OK
Battery      OK
Sysctl       WARN  fs.inotify.max_user_watches=122241 is low for k8s (recommended: 524288)
CPU          CRIT  load average at 260% of capacity (41.63 / 16 CPUs)
Logs         INFO  some checks limited — run as root for OOM/segfault detection via /dev/kmsg and auth log analysis
NVMe         OK
Processes    CRIT  10 hung (uninterruptible) processes
KernelSec    OK
FDLimits     OK
Hardening    WARN  2 unexpected port(s) listening on all interfaces: 6443/tcp, 10250/tcp
Swap         CRIT  heavy swap activity: 74048 pages/s in, 279539 pages/s out
IO           WARN  disk nvme1n1 utilization at 64%
Network      CRIT  gateway ping is 832 ms — severe latency
────────────────────────────────────────────────────────
CRIT: Memory: RAM usage at 98% (0.1 GB free of 15.2 GB total)
   -> to inspect:
      free -h
      ps aux --sort=-%mem | head -10
CRIT: Memory: memory overcommitted — OOM kill risk
   -> to inspect:
      cat /proc/meminfo | grep -E 'CommitLimit|Committed_AS'
      sysctl vm.overcommit_memory
CRIT: CPU: load average at 260% of capacity (41.63 / 16 CPUs)
   -> to inspect:
      uptime
      ps aux --sort=-%cpu | head -10
      top -b -n1 | head -25
CRIT: Processes: 10 hung (uninterruptible) processes
   -> to inspect:
      ps aux | grep ' D '
      for pid in $(ps -eo pid,stat | awk '$2~/D/{print $1}'); do cat /proc/$pid/wchan 2>/dev/null; done
CRIT: Swap: heavy swap activity: 74048 pages/s in, 279539 pages/s out
   -> to inspect:
      vmstat 1 5
      sar -W 1 5
      ps aux --sort=-%mem | head -10
CRIT: Network: gateway ping is 832 ms — severe latency
   -> to inspect:
      ping -c5 $(ip route | awk '/default/{print $3}')
      ip route
CRIT: Network: gateway packet loss 50%
   -> to inspect:
      ping -c20 $(ip route | awk '/default/{print $3}')
      ip link show
WARN: Thermal: CPU temperature 89.125°C — elevated (source: k10temp)
   -> to inspect: cat /sys/class/hwmon/hwmon*/temp*_input
WARN: Sysctl: fs.inotify.max_user_watches=122241 is low for k8s (recommended: 524288)
   -> to fix: sysctl -w fs.inotify.max_user_watches=524288
WARN: Sysctl: vm.swappiness=60 is high for k8s node (recommended: ≤ 10)
   -> to fix: sysctl -w vm.swappiness=10
WARN: Hardening: 2 unexpected port(s) listening on all interfaces: 6443/tcp, 10250/tcp
   -> to inspect:
      ss -tlnp
      ss -tlnp | grep :6443
      ss -tlnp | grep :10250
WARN: Swap: swap usage at 49% (3.8 GB used)
   -> to inspect:
      free -h
      vmstat 1 5
WARN: IO: disk nvme1n1 utilization at 64%
   -> to inspect:
      iostat -x 1 5
      iotop -ao
WARN: IO: disk nvme1n1 await latency 13.0 ms
   -> to inspect:
      iostat -x 1 5
      iotop -ao
WARN: Network/DNS: DNS resolution took 823 ms
   -> to inspect:
      dig @8.8.8.8 google.com
      cat /etc/resolv.conf
⚡ DashDiag (dsd) v0.2.0-32-g5034efd-dirty
[INFO] System health — ~5s
[INFO] step 1/18
[INFO] step 2/18
[INFO] step 3/18
[INFO] step 4/18
[INFO] step 5/18
[INFO] step 6/18
[INFO] step 7/18
[INFO] step 8/18
[INFO] step 9/18
[INFO] step 10/18
[INFO] step 11/18
[INFO] step 12/18
[INFO] step 13/18
[INFO] step 14/18
[INFO] step 15/18
[INFO] step 16/18
[INFO] step 17/18
[INFO] step 18/18
[INFO] done in 1.5s
Memory       OK
Clock        OK
Battery      OK
Thermal      OK
Entropy      OK
Disk         OK
Logs         INFO  some checks limited — run as root for OOM/segfault detection via /dev/kmsg and auth log analysis
Systemd      OK
NVMe         OK
Sysctl       WARN  fs.inotify.max_user_watches=122241 is low for k8s (recommended: 524288)
Processes    OK
FDLimits     OK
KernelSec    OK
Hardening    WARN  2 unexpected port(s) listening on all interfaces: 6443/tcp, 10250/tcp
CPU          OK
Swap         WARN  swap activity detected: 4 pages/s in, 0 pages/s out
IO           OK
Network      CRIT  gateway ping is 201 ms — severe latency
────────────────────────────────────────────────────────
CRIT: Network: gateway ping is 201 ms — severe latency
   -> to inspect:
      ping -c5 $(ip route | awk '/default/{print $3}')
      ip route
WARN: Sysctl: fs.inotify.max_user_watches=122241 is low for k8s (recommended: 524288)
   -> to fix: sysctl -w fs.inotify.max_user_watches=524288
WARN: Sysctl: vm.swappiness=60 is high for k8s node (recommended: ≤ 10)
   -> to fix: sysctl -w vm.swappiness=10
WARN: Hardening: 2 unexpected port(s) listening on all interfaces: 6443/tcp, 10250/tcp
   -> to inspect:
      ss -tlnp
      ss -tlnp | grep :6443
      ss -tlnp | grep :10250
WARN: Swap: swap activity detected: 4 pages/s in, 0 pages/s out
   -> to inspect:
      vmstat 1 5
      free -h
WARN: Network/DNS: DNS resolution took 204 ms
   -> to inspect:
      dig @8.8.8.8 google.com
      cat /etc/resolv.conf
⚡ DashDiag (dsd) v0.2.0-32-g5034efd-dirty
[INFO] System health — ~5s
[INFO] step 1/18
[INFO] step 2/18
[INFO] step 3/18
[INFO] step 4/18
[INFO] step 5/18
[INFO] step 6/18
[INFO] step 7/18
[INFO] step 8/18
[INFO] step 9/18
[INFO] step 10/18
[INFO] step 11/18
[INFO] step 12/18
[INFO] step 13/18
[INFO] step 14/18
[INFO] step 15/18
[INFO] step 16/18
[INFO] step 17/18
[INFO] step 18/18
[INFO] done in 3.0s
Memory       CRIT  RAM usage at 96% (0.4 GB free of 15.2 GB total)
Clock        OK
Thermal      WARN  CPU temperature 89.375°C — elevated (source: k10temp)
Entropy      OK
Disk         OK
NVMe         OK
Systemd      OK
Logs         INFO  some checks limited — run as root for OOM/segfault detection via /dev/kmsg and auth log analysis
Sysctl       WARN  fs.inotify.max_user_watches=122241 is low for k8s (recommended: 524288)
Processes    CRIT  7 hung (uninterruptible) processes
FDLimits     OK
Battery      OK
KernelSec    OK
Hardening    WARN  2 unexpected port(s) listening on all interfaces: 6443/tcp, 10250/tcp
CPU          CRIT  load average at 264% of capacity (42.21 / 16 CPUs)
IO           CRIT  disk nvme1n1 await latency 19.4 ms
Swap         CRIT  heavy swap activity: 9283 pages/s in, 419002 pages/s out
Network      CRIT  gateway ping is 201 ms — severe latency
────────────────────────────────────────────────────────
CRIT: Memory: RAM usage at 96% (0.4 GB free of 15.2 GB total)
   -> to inspect:
      free -h
      ps aux --sort=-%mem | head -10
CRIT: Memory: memory overcommitted — OOM kill risk
   -> to inspect:
      cat /proc/meminfo | grep -E 'CommitLimit|Committed_AS'
      sysctl vm.overcommit_memory
CRIT: Processes: 7 hung (uninterruptible) processes
   -> to inspect:
      ps aux | grep ' D '
      for pid in $(ps -eo pid,stat | awk '$2~/D/{print $1}'); do cat /proc/$pid/wchan 2>/dev/null; done
CRIT: CPU: load average at 264% of capacity (42.21 / 16 CPUs)
   -> to inspect:
      uptime
      ps aux --sort=-%cpu | head -10
      top -b -n1 | head -25
CRIT: IO: disk nvme1n1 await latency 19.4 ms
   -> to inspect:
      iostat -x 1 5
      iotop -ao
CRIT: Swap: heavy swap activity: 9283 pages/s in, 419002 pages/s out
   -> to inspect:
      vmstat 1 5
      sar -W 1 5
      ps aux --sort=-%mem | head -10
CRIT: Network: gateway ping is 201 ms — severe latency
   -> to inspect:
      ping -c5 $(ip route | awk '/default/{print $3}')
      ip route
CRIT: Network: gateway packet loss 50%
   -> to inspect:
      ping -c20 $(ip route | awk '/default/{print $3}')
      ip link show
CRIT: Network/DNS: DNS resolution failed — cannot resolve hostnames
   -> to inspect:
      dig @8.8.8.8 google.com
      cat /etc/resolv.conf
      systemctl status systemd-resolved
WARN: Thermal: CPU temperature 89.375°C — elevated (source: k10temp)
   -> to inspect: cat /sys/class/hwmon/hwmon*/temp*_input
WARN: Sysctl: fs.inotify.max_user_watches=122241 is low for k8s (recommended: 524288)
   -> to fix: sysctl -w fs.inotify.max_user_watches=524288
WARN: Sysctl: vm.swappiness=60 is high for k8s node (recommended: ≤ 10)
   -> to fix: sysctl -w vm.swappiness=10
WARN: Hardening: 2 unexpected port(s) listening on all interfaces: 6443/tcp, 10250/tcp
   -> to inspect:
      ss -tlnp
      ss -tlnp | grep :6443
      ss -tlnp | grep :10250
WARN: Swap: swap usage at 39% (3.1 GB used)
   -> to inspect:
      free -h
      vmstat 1 5
⚡ DashDiag (dsd) v0.2.0-32-g5034efd-dirty
[INFO] System health — ~5s
[INFO] step 1/18
[INFO] step 2/18
[INFO] step 3/18
[INFO] step 4/18
[INFO] step 5/18
[INFO] step 6/18
[INFO] step 7/18
[INFO] step 8/18
[INFO] step 9/18
[INFO] step 10/18
[INFO] step 11/18
[INFO] step 12/18
[INFO] step 13/18
[INFO] step 14/18
[INFO] step 15/18
[INFO] step 16/18
[INFO] step 17/18
[INFO] step 18/18
[INFO] done in 1.2s
Battery      OK
Thermal      OK
Clock        OK
Memory       OK
Entropy      OK
Disk         OK
Systemd      OK
Logs         INFO  some checks limited — run as root for OOM/segfault detection via /dev/kmsg and auth log analysis
NVMe         OK
Sysctl       WARN  fs.inotify.max_user_watches=122241 is low for k8s (recommended: 524288)
Processes    OK
FDLimits     OK
KernelSec    OK
Hardening    WARN  2 unexpected port(s) listening on all interfaces: 6443/tcp, 10250/tcp
CPU          OK
IO           OK
Swap         WARN  swap activity detected: 4 pages/s in, 0 pages/s out
Network      CRIT  gateway ping is 201 ms — severe latency
────────────────────────────────────────────────────────
CRIT: Network: gateway ping is 201 ms — severe latency
   -> to inspect:
      ping -c5 $(ip route | awk '/default/{print $3}')
      ip route
CRIT: Network: gateway packet loss 50%
   -> to inspect:
      ping -c20 $(ip route | awk '/default/{print $3}')
      ip link show
WARN: Sysctl: fs.inotify.max_user_watches=122241 is low for k8s (recommended: 524288)
   -> to fix: sysctl -w fs.inotify.max_user_watches=524288
WARN: Sysctl: vm.swappiness=60 is high for k8s node (recommended: ≤ 10)
   -> to fix: sysctl -w vm.swappiness=10
WARN: Hardening: 2 unexpected port(s) listening on all interfaces: 6443/tcp, 10250/tcp
   -> to inspect:
      ss -tlnp
      ss -tlnp | grep :6443
      ss -tlnp | grep :10250
WARN: Swap: swap activity detected: 4 pages/s in, 0 pages/s out
   -> to inspect:
      vmstat 1 5
      free -h
WARN: Network/DNS: DNS resolution took 202 ms
   -> to inspect:
      dig @8.8.8.8 google.com
      cat /etc/resolv.conf
⚡ DashDiag (dsd) v0.2.0-32-g5034efd-dirty
[INFO] System health — ~5s
[INFO] step 1/18
[INFO] step 2/18
[INFO] step 3/18
[INFO] step 4/18
[INFO] step 5/18
[INFO] step 6/18
[INFO] step 7/18
[INFO] step 8/18
[INFO] step 9/18
[INFO] step 10/18
[INFO] step 11/18
[INFO] step 12/18
[INFO] step 13/18
[INFO] step 14/18
[INFO] step 15/18
[INFO] step 16/18
[INFO] step 17/18
[INFO] step 18/18
[INFO] done in 1.3s
Disk         OK
Memory       CRIT  memory overcommitted — OOM kill risk
Clock        OK
Entropy      OK
CPU          CRIT  load average at 265% of capacity (42.46 / 16 CPUs)
Battery      OK
Sysctl       WARN  fs.inotify.max_user_watches=122241 is low for k8s (recommended: 524288)
Thermal      WARN  CPU temperature 88.75°C — elevated (source: k10temp)
Systemd      OK
Logs         INFO  some checks limited — run as root for OOM/segfault detection via /dev/kmsg and auth log analysis
IO           OK
Swap         CRIT  heavy swap activity: 111023 pages/s in, 0 pages/s out
Processes    CRIT  7 hung (uninterruptible) processes
NVMe         OK
KernelSec    OK
FDLimits     OK
Hardening    WARN  2 unexpected port(s) listening on all interfaces: 6443/tcp, 10250/tcp
Network      CRIT  gateway ping is 896 ms — severe latency
────────────────────────────────────────────────────────
CRIT: Memory: memory overcommitted — OOM kill risk
   -> to inspect:
      cat /proc/meminfo | grep -E 'CommitLimit|Committed_AS'
      sysctl vm.overcommit_memory
CRIT: CPU: load average at 265% of capacity (42.46 / 16 CPUs)
   -> to inspect:
      uptime
      ps aux --sort=-%cpu | head -10
      top -b -n1 | head -25
CRIT: Swap: heavy swap activity: 111023 pages/s in, 0 pages/s out
   -> to inspect:
      vmstat 1 5
      sar -W 1 5
      ps aux --sort=-%mem | head -10
CRIT: Processes: 7 hung (uninterruptible) processes
   -> to inspect:
      ps aux | grep ' D '
      for pid in $(ps -eo pid,stat | awk '$2~/D/{print $1}'); do cat /proc/$pid/wchan 2>/dev/null; done
CRIT: Network: gateway ping is 896 ms — severe latency
   -> to inspect:
      ping -c5 $(ip route | awk '/default/{print $3}')
      ip route
CRIT: Network: gateway packet loss 50%
   -> to inspect:
      ping -c20 $(ip route | awk '/default/{print $3}')
      ip link show
WARN: Memory: RAM usage at 91% (1.1 GB free of 15.2 GB total)
   -> to inspect:
      free -h
      ps aux --sort=-%mem | head -10
WARN: Sysctl: fs.inotify.max_user_watches=122241 is low for k8s (recommended: 524288)
   -> to fix: sysctl -w fs.inotify.max_user_watches=524288
WARN: Sysctl: vm.swappiness=60 is high for k8s node (recommended: ≤ 10)
   -> to fix: sysctl -w vm.swappiness=10
WARN: Thermal: CPU temperature 88.75°C — elevated (source: k10temp)
   -> to inspect: cat /sys/class/hwmon/hwmon*/temp*_input
WARN: Swap: swap usage at 28% (2.2 GB used)
   -> to inspect:
      free -h
      vmstat 1 5
WARN: Hardening: 2 unexpected port(s) listening on all interfaces: 6443/tcp, 10250/tcp
   -> to inspect:
      ss -tlnp
      ss -tlnp | grep :6443
      ss -tlnp | grep :10250
WARN: Network/DNS: DNS resolution took 519 ms
   -> to inspect:
      dig @8.8.8.8 google.com
      cat /etc/resolv.conf
⚡ DashDiag (dsd) v0.2.0-32-g5034efd-dirty
[INFO] System health — ~5s
[INFO] step 1/18
[INFO] step 2/18
[INFO] step 3/18
[INFO] step 4/18
[INFO] step 5/18
[INFO] step 6/18
[INFO] step 7/18
[INFO] step 8/18
[INFO] step 9/18
[INFO] step 10/18
[INFO] step 11/18
[INFO] step 12/18
[INFO] step 13/18
[INFO] step 14/18
[INFO] step 15/18
[INFO] step 16/18
[INFO] step 17/18
[INFO] step 18/18
[INFO] done in 1.3s
Entropy      OK
Clock        OK
Thermal      OK
Memory       OK
Disk         OK
Systemd      OK
Logs         INFO  some checks limited — run as root for OOM/segfault detection via /dev/kmsg and auth log analysis
NVMe         OK
Sysctl       WARN  fs.inotify.max_user_watches=122241 is low for k8s (recommended: 524288)
Processes    OK
FDLimits     OK
KernelSec    OK
Hardening    WARN  2 unexpected port(s) listening on all interfaces: 6443/tcp, 10250/tcp
Battery      OK
CPU          OK
IO           OK
Swap         WARN  swap activity detected: 19 pages/s in, 0 pages/s out
Network      CRIT  gateway ping is 201 ms — severe latency
────────────────────────────────────────────────────────
CRIT: Network: gateway ping is 201 ms — severe latency
   -> to inspect:
      ping -c5 $(ip route | awk '/default/{print $3}')
      ip route
WARN: Sysctl: fs.inotify.max_user_watches=122241 is low for k8s (recommended: 524288)
   -> to fix: sysctl -w fs.inotify.max_user_watches=524288
WARN: Sysctl: vm.swappiness=60 is high for k8s node (recommended: ≤ 10)
   -> to fix: sysctl -w vm.swappiness=10
WARN: Hardening: 2 unexpected port(s) listening on all interfaces: 6443/tcp, 10250/tcp
   -> to inspect:
      ss -tlnp
      ss -tlnp | grep :6443
      ss -tlnp | grep :10250
WARN: Swap: swap activity detected: 19 pages/s in, 0 pages/s out
   -> to inspect:
      vmstat 1 5
      free -h
WARN: Network/DNS: DNS resolution took 208 ms
   -> to inspect:
      dig @8.8.8.8 google.com
      cat /etc/resolv.conf
⚡ DashDiag (dsd) v0.2.0-32-g5034efd-dirty
[INFO] System health — ~5s
[INFO] step 1/18
[INFO] step 2/18
[INFO] step 3/18
[INFO] step 4/18
[INFO] step 5/18
[INFO] step 6/18
[INFO] step 7/18
[INFO] step 8/18
[INFO] step 9/18
[INFO] step 10/18
[INFO] step 11/18
[INFO] step 12/18
[INFO] step 13/18
[INFO] step 14/18
[INFO] step 15/18
[INFO] step 16/18
[INFO] step 17/18
[INFO] step 18/18
[INFO] done in 1.5s
Clock        OK
Entropy      OK
Memory       CRIT  memory overcommitted — OOM kill risk
Thermal      WARN  CPU temperature 92°C — elevated (source: k10temp)
Disk         OK
Systemd      OK
Battery      OK
Logs         INFO  some checks limited — run as root for OOM/segfault detection via /dev/kmsg and auth log analysis
NVMe         OK
CPU          CRIT  load average at 266% of capacity (42.55 / 16 CPUs)
Sysctl       WARN  fs.inotify.max_user_watches=122241 is low for k8s (recommended: 524288)
Processes    CRIT  5 hung (uninterruptible) processes
FDLimits     OK
KernelSec    OK
Hardening    WARN  2 unexpected port(s) listening on all interfaces: 6443/tcp, 10250/tcp
IO           OK
Swap         CRIT  heavy swap activity: 29979 pages/s in, 0 pages/s out
Network      CRIT  gateway ping is 271 ms — severe latency
────────────────────────────────────────────────────────
CRIT: Memory: memory overcommitted — OOM kill risk
   -> to inspect:
      cat /proc/meminfo | grep -E 'CommitLimit|Committed_AS'
      sysctl vm.overcommit_memory
CRIT: CPU: load average at 266% of capacity (42.55 / 16 CPUs)
   -> to inspect:
      uptime
      ps aux --sort=-%cpu | head -10
      top -b -n1 | head -25
CRIT: Processes: 5 hung (uninterruptible) processes
   -> to inspect:
      ps aux | grep ' D '
      for pid in $(ps -eo pid,stat | awk '$2~/D/{print $1}'); do cat /proc/$pid/wchan 2>/dev/null; done
CRIT: Swap: heavy swap activity: 29979 pages/s in, 0 pages/s out
   -> to inspect:
      vmstat 1 5
      sar -W 1 5
      ps aux --sort=-%mem | head -10
CRIT: Network: gateway ping is 271 ms — severe latency
   -> to inspect:
      ping -c5 $(ip route | awk '/default/{print $3}')
      ip route
CRIT: Network: gateway packet loss 50%
   -> to inspect:
      ping -c20 $(ip route | awk '/default/{print $3}')
      ip link show
WARN: Memory: RAM usage at 93% (0.8 GB free of 15.2 GB total)
   -> to inspect:
      free -h
      ps aux --sort=-%mem | head -10
WARN: Thermal: CPU temperature 92°C — elevated (source: k10temp)
   -> to inspect: cat /sys/class/hwmon/hwmon*/temp*_input
WARN: Sysctl: fs.inotify.max_user_watches=122241 is low for k8s (recommended: 524288)
   -> to fix: sysctl -w fs.inotify.max_user_watches=524288
WARN: Sysctl: vm.swappiness=60 is high for k8s node (recommended: ≤ 10)
   -> to fix: sysctl -w vm.swappiness=10
WARN: Hardening: 2 unexpected port(s) listening on all interfaces: 6443/tcp, 10250/tcp
   -> to inspect:
      ss -tlnp
      ss -tlnp | grep :6443
      ss -tlnp | grep :10250
WARN: Network/DNS: DNS resolution took 596 ms
   -> to inspect:
      dig @8.8.8.8 google.com
      cat /etc/resolv.conf
⚡ DashDiag (dsd) v0.2.0-32-g5034efd-dirty
[INFO] System health — ~5s
[INFO] step 1/18
[INFO] step 2/18
[INFO] step 3/18
[INFO] step 4/18
[INFO] step 5/18
[INFO] step 6/18
[INFO] step 7/18
[INFO] step 8/18
[INFO] step 9/18
[INFO] step 10/18
[INFO] step 11/18
[INFO] step 12/18
[INFO] step 13/18
[INFO] step 14/18
[INFO] step 15/18
[INFO] step 16/18
[INFO] step 17/18
[INFO] step 18/18
[INFO] done in 3.0s
Memory       OK
Thermal      OK
Entropy      OK
Disk         OK
Clock        OK
Systemd      OK
Logs         INFO  some checks limited — run as root for OOM/segfault detection via /dev/kmsg and auth log analysis
NVMe         OK
Sysctl       WARN  fs.inotify.max_user_watches=122241 is low for k8s (recommended: 524288)
Processes    WARN  2 hung (uninterruptible) process(es)
FDLimits     OK
KernelSec    OK
Hardening    WARN  2 unexpected port(s) listening on all interfaces: 6443/tcp, 10250/tcp
Battery      OK
CPU          OK
IO           OK
Swap         WARN  swap activity detected: 30 pages/s in, 0 pages/s out
Network      CRIT  gateway ping is 201 ms — severe latency
────────────────────────────────────────────────────────
CRIT: Network: gateway ping is 201 ms — severe latency
   -> to inspect:
      ping -c5 $(ip route | awk '/default/{print $3}')
      ip route
CRIT: Network: gateway packet loss 50%
   -> to inspect:
      ping -c20 $(ip route | awk '/default/{print $3}')
      ip link show
CRIT: Network/DNS: DNS resolution failed — cannot resolve hostnames
   -> to inspect:
      dig @8.8.8.8 google.com
      cat /etc/resolv.conf
      systemctl status systemd-resolved
WARN: Sysctl: fs.inotify.max_user_watches=122241 is low for k8s (recommended: 524288)
   -> to fix: sysctl -w fs.inotify.max_user_watches=524288
WARN: Sysctl: vm.swappiness=60 is high for k8s node (recommended: ≤ 10)
   -> to fix: sysctl -w vm.swappiness=10
WARN: Processes: 2 hung (uninterruptible) process(es)
   -> to inspect: ps aux | grep ' D '
WARN: Hardening: 2 unexpected port(s) listening on all interfaces: 6443/tcp, 10250/tcp
   -> to inspect:
      ss -tlnp
      ss -tlnp | grep :6443
      ss -tlnp | grep :10250
WARN: Swap: swap activity detected: 30 pages/s in, 0 pages/s out
   -> to inspect:
      vmstat 1 5
      free -h
